TN:
SF:format-demo.js
FN:1,(empty-report)
FNF:1
FNH:0
FNDA:0,(empty-report)
DA:1,0
DA:2,0
DA:3,0
DA:4,0
DA:5,0
DA:6,0
DA:7,0
DA:8,0
DA:9,0
DA:10,0
DA:11,0
DA:12,0
DA:13,0
DA:14,0
DA:15,0
DA:16,0
DA:17,0
DA:18,0
DA:19,0
DA:20,0
DA:21,0
DA:22,0
DA:23,0
DA:24,0
DA:25,0
DA:26,0
DA:27,0
DA:28,0
DA:29,0
DA:30,0
DA:31,0
DA:32,0
DA:33,0
DA:34,0
DA:35,0
DA:36,0
DA:37,0
DA:38,0
DA:39,0
DA:40,0
DA:41,0
DA:42,0
DA:43,0
DA:44,0
DA:45,0
DA:46,0
DA:47,0
DA:48,0
DA:49,0
DA:50,0
DA:51,0
DA:52,0
DA:53,0
DA:54,0
DA:55,0
DA:56,0
DA:57,0
DA:58,0
DA:59,0
DA:60,0
DA:61,0
DA:62,0
DA:63,0
DA:64,0
LF:64
LH:0
BRDA:1,0,0,0
BRF:1
BRH:0
end_of_record
TN:
SF:postcss.config.js
FN:1,(empty-report)
FNF:1
FNH:0
FNDA:0,(empty-report)
DA:1,0
DA:2,0
DA:3,0
DA:4,0
DA:5,0
DA:6,0
LF:6
LH:0
BRDA:1,0,0,0
BRF:1
BRH:0
end_of_record
TN:
SF:stackbit.config.ts
FN:1,(empty-report)
FNF:1
FNH:0
FNDA:0,(empty-report)
DA:1,0
DA:2,0
DA:3,0
DA:4,0
DA:5,0
DA:6,0
DA:7,0
DA:8,0
DA:9,0
DA:10,0
DA:11,0
DA:12,0
DA:13,0
DA:14,0
DA:15,0
DA:16,0
DA:17,0
DA:18,0
DA:19,0
DA:20,0
DA:21,0
DA:22,0
DA:23,0
DA:24,0
DA:25,0
DA:26,0
DA:27,0
DA:28,0
DA:29,0
DA:30,0
DA:31,0
DA:32,0
DA:33,0
DA:34,0
DA:35,0
DA:36,0
DA:37,0
DA:38,0
DA:39,0
DA:40,0
DA:41,0
DA:42,0
DA:43,0
LF:43
LH:0
BRDA:1,0,0,0
BRF:1
BRH:0
end_of_record
TN:
SF:stylelint.config.cjs
FN:1,(empty-report)
FNF:1
FNH:0
FNDA:0,(empty-report)
DA:1,0
DA:2,0
DA:3,0
DA:4,0
DA:5,0
DA:6,0
DA:7,0
DA:8,0
DA:9,0
DA:10,0
DA:11,0
DA:12,0
DA:13,0
DA:14,0
DA:15,0
LF:15
LH:0
BRDA:1,0,0,0
BRF:1
BRH:0
end_of_record
TN:
SF:tailwind.config.js
FN:1,(empty-report)
FNF:1
FNH:0
FNDA:0,(empty-report)
DA:1,0
DA:2,0
DA:3,0
DA:4,0
DA:5,0
DA:6,0
DA:7,0
DA:8,0
DA:9,0
DA:10,0
DA:11,0
LF:11
LH:0
BRDA:1,0,0,0
BRF:1
BRH:0
end_of_record
TN:
SF:scripts/perf/profile.mjs
FN:1,(empty-report)
FNF:1
FNH:0
FNDA:0,(empty-report)
DA:1,0
DA:2,0
DA:3,0
DA:4,0
DA:5,0
DA:6,0
DA:7,0
DA:8,0
DA:9,0
DA:10,0
DA:11,0
DA:12,0
DA:13,0
DA:14,0
DA:15,0
DA:16,0
DA:17,0
DA:18,0
DA:19,0
DA:20,0
DA:21,0
DA:22,0
DA:23,0
DA:24,0
DA:25,0
DA:26,0
DA:27,0
DA:28,0
DA:29,0
DA:30,0
DA:31,0
DA:32,0
DA:33,0
DA:34,0
DA:35,0
DA:36,0
DA:37,0
DA:38,0
DA:39,0
DA:40,0
DA:41,0
DA:42,0
DA:43,0
DA:44,0
DA:45,0
DA:46,0
DA:47,0
DA:48,0
DA:49,0
DA:50,0
DA:51,0
DA:52,0
DA:53,0
DA:54,0
DA:55,0
DA:56,0
DA:57,0
DA:58,0
DA:59,0
DA:60,0
DA:61,0
DA:62,0
DA:63,0
DA:64,0
DA:65,0
DA:66,0
DA:67,0
DA:68,0
DA:69,0
DA:70,0
DA:71,0
DA:72,0
DA:73,0
DA:74,0
DA:75,0
DA:76,0
DA:77,0
DA:78,0
DA:79,0
DA:80,0
DA:81,0
DA:82,0
DA:83,0
DA:84,0
DA:85,0
DA:86,0
DA:87,0
DA:88,0
DA:89,0
DA:90,0
DA:91,0
DA:92,0
DA:93,0
DA:94,0
DA:95,0
DA:96,0
DA:97,0
DA:98,0
DA:99,0
DA:100,0
DA:101,0
DA:102,0
DA:103,0
DA:104,0
DA:105,0
DA:106,0
DA:107,0
DA:108,0
DA:109,0
DA:110,0
DA:111,0
DA:112,0
DA:113,0
DA:114,0
DA:115,0
DA:116,0
DA:117,0
DA:118,0
DA:119,0
DA:120,0
DA:121,0
DA:122,0
DA:123,0
DA:124,0
DA:125,0
DA:126,0
DA:127,0
DA:128,0
DA:129,0
DA:130,0
DA:131,0
DA:132,0
DA:133,0
DA:134,0
DA:135,0
DA:136,0
DA:137,0
DA:138,0
DA:139,0
DA:140,0
DA:141,0
DA:142,0
DA:143,0
DA:144,0
DA:145,0
DA:146,0
DA:147,0
DA:148,0
DA:149,0
DA:150,0
DA:151,0
DA:152,0
DA:153,0
LF:153
LH:0
BRDA:1,0,0,0
BRF:1
BRH:0
end_of_record
TN:
SF:src/App.jsx
FN:1,(empty-report)
FNF:1
FNH:0
FNDA:0,(empty-report)
DA:1,0
DA:2,0
DA:3,0
DA:4,0
DA:5,0
DA:6,0
DA:7,0
DA:8,0
DA:9,0
DA:10,0
DA:11,0
DA:12,0
DA:13,0
DA:14,0
DA:15,0
DA:16,0
DA:17,0
DA:18,0
DA:19,0
DA:20,0
DA:21,0
DA:22,0
DA:23,0
DA:24,0
DA:25,0
DA:26,0
DA:27,0
DA:28,0
DA:29,0
DA:30,0
DA:31,0
DA:32,0
DA:33,0
DA:34,0
DA:35,0
DA:36,0
DA:37,0
DA:38,0
DA:39,0
DA:40,0
DA:41,0
DA:42,0
DA:43,0
DA:44,0
DA:45,0
DA:46,0
DA:47,0
DA:48,0
DA:49,0
DA:50,0
DA:51,0
DA:52,0
DA:53,0
DA:54,0
DA:55,0
DA:56,0
DA:57,0
DA:58,0
DA:59,0
DA:60,0
DA:61,0
DA:62,0
DA:63,0
DA:64,0
DA:65,0
DA:66,0
DA:67,0
DA:68,0
DA:69,0
DA:70,0
LF:70
LH:0
BRDA:1,0,0,0
BRF:1
BRH:0
end_of_record
TN:
SF:src/PoleHeightApplication.jsx
FN:1,(empty-report)
FNF:1
FNH:0
FNDA:0,(empty-report)
DA:1,0
DA:2,0
DA:3,0
DA:4,0
DA:5,0
DA:6,0
DA:7,0
DA:8,0
DA:9,0
DA:10,0
DA:11,0
DA:12,0
DA:13,0
DA:14,0
DA:15,0
DA:16,0
DA:17,0
DA:18,0
DA:19,0
DA:20,0
DA:21,0
DA:22,0
DA:23,0
DA:24,0
DA:25,0
DA:26,0
DA:27,0
LF:27
LH:0
BRDA:1,0,0,0
BRF:1
BRH:0
end_of_record
TN:
SF:src/TestComponent.jsx
FN:1,(empty-report)
FNF:1
FNH:0
FNDA:0,(empty-report)
DA:1,0
DA:2,0
DA:3,0
DA:4,0
DA:5,0
DA:6,0
DA:7,0
DA:8,0
DA:9,0
DA:10,0
LF:10
LH:0
BRDA:1,0,0,0
BRF:1
BRH:0
end_of_record
TN:
SF:src/main.jsx
FN:1,(empty-report)
FNF:1
FNH:0
FNDA:0,(empty-report)
DA:1,0
DA:2,0
DA:3,0
DA:4,0
DA:5,0
DA:6,0
DA:7,0
DA:8,0
DA:9,0
DA:10,0
LF:10
LH:0
BRDA:1,0,0,0
BRF:1
BRH:0
end_of_record
TN:
SF:src/sw.js
FN:1,(empty-report)
FNF:1
FNH:0
FNDA:0,(empty-report)
DA:1,0
DA:2,0
DA:3,0
DA:4,0
DA:5,0
DA:6,0
DA:7,0
DA:8,0
DA:9,0
DA:10,0
DA:11,0
DA:12,0
DA:13,0
DA:14,0
DA:15,0
DA:16,0
DA:17,0
DA:18,0
DA:19,0
DA:20,0
DA:21,0
DA:22,0
DA:23,0
DA:24,0
DA:25,0
DA:26,0
DA:27,0
DA:28,0
DA:29,0
LF:29
LH:0
BRDA:1,0,0,0
BRF:1
BRH:0
end_of_record
TN:
SF:src/components/ExistingLinesEditor.jsx
FN:13,ExistingLinesEditor
FN:22,parseCSV
FN:51,update
FN:57,addRow
FN:58,removeRow
FN:59,duplicateRow
FN:65,moveRow
FN:74,importCSV
FN:102,exportCSV
FN:118,rowDeltaInches
FN:126,rowCost
FN:128,exportSummaryCSV
FN:150,onClick
FN:153,onClick
FN:159,onChange
FN:161,onClick
FN:162,onClick
FN:206,onChange
FN:213,onChange
FN:222,onChange
FN:226,onChange
FN:232,onChange
FN:248,onClick
FN:249,onClick
FN:250,onClick
FN:251,onClick
FN:275,onClose
FN:280,CsvMapModal
FN:283,set
FNF:29
FNH:4
FNDA:4,ExistingLinesEditor
FNDA:0,parseCSV
FNDA:0,update
FNDA:0,addRow
FNDA:0,removeRow
FNDA:0,duplicateRow
FNDA:0,moveRow
FNDA:0,importCSV
FNDA:0,exportCSV
FNDA:4,rowDeltaInches
FNDA:4,rowCost
FNDA:0,exportSummaryCSV
FNDA:0,onClick
FNDA:0,onClick
FNDA:0,onChange
FNDA:0,onClick
FNDA:0,onClick
FNDA:0,onChange
FNDA:0,onChange
FNDA:0,onChange
FNDA:0,onChange
FNDA:0,onChange
FNDA:0,onClick
FNDA:0,onClick
FNDA:0,onClick
FNDA:0,onClick
FNDA:0,onClose
FNDA:4,CsvMapModal
FNDA:0,set
DA:1,1
DA:2,1
DA:3,1
DA:4,1
DA:5,1
DA:6,1
DA:7,1
DA:8,1
DA:9,1
DA:10,1
DA:11,1
DA:12,1
DA:13,4
DA:14,4
DA:15,4
DA:16,4
DA:17,4
DA:18,4
DA:19,4
DA:20,4
DA:21,4
DA:22,4
DA:23,0
DA:24,0
DA:25,0
DA:26,0
DA:27,0
DA:28,0
DA:29,0
DA:30,0
DA:31,0
DA:32,0
DA:33,0
DA:34,0
DA:35,0
DA:36,0
DA:37,0
DA:38,0
DA:39,0
DA:40,0
DA:41,0
DA:42,0
DA:43,0
DA:44,0
DA:45,0
DA:46,0
DA:47,0
DA:48,0
DA:49,0
DA:50,4
DA:51,4
DA:52,0
DA:53,0
DA:54,0
DA:55,0
DA:56,4
DA:57,4
DA:58,4
DA:59,4
DA:60,0
DA:61,0
DA:62,0
DA:63,0
DA:64,0
DA:65,4
DA:66,0
DA:67,0
DA:68,0
DA:69,0
DA:70,0
DA:71,0
DA:72,0
DA:73,4
DA:74,4
DA:75,0
DA:76,0
DA:77,0
DA:78,0
DA:79,0
DA:80,0
DA:81,0
DA:82,0
DA:83,0
DA:84,0
DA:85,0
DA:86,0
DA:87,0
DA:88,0
DA:89,0
DA:90,0
DA:91,0
DA:92,0
DA:93,0
DA:94,0
DA:95,0
DA:96,0
DA:97,0
DA:98,0
DA:99,0
DA:100,0
DA:101,4
DA:102,4
DA:103,0
DA:104,0
DA:105,0
DA:106,0
DA:107,0
DA:108,0
DA:109,0
DA:110,0
DA:111,0
DA:112,0
DA:113,0
DA:114,0
DA:115,0
DA:116,0
DA:117,4
DA:118,4
DA:119,4
DA:120,0
DA:121,0
DA:122,4
DA:123,0
DA:124,4
DA:125,4
DA:126,4
DA:127,4
DA:128,4
DA:129,0
DA:130,0
DA:131,0
DA:132,0
DA:133,0
DA:134,0
DA:135,0
DA:136,0
DA:137,0
DA:138,0
DA:139,0
DA:140,0
DA:141,0
DA:142,0
DA:143,0
DA:144,4
DA:145,4
DA:146,4
DA:147,4
DA:148,4
DA:149,4
DA:150,4
DA:151,4
DA:152,4
DA:153,4
DA:154,4
DA:155,4
DA:156,4
DA:157,4
DA:158,0
DA:159,0
DA:160,0
DA:161,0
DA:162,0
DA:163,0
DA:164,0
DA:165,0
DA:166,0
DA:167,0
DA:168,0
DA:169,0
DA:170,0
DA:171,0
DA:172,0
DA:173,0
DA:174,0
DA:175,0
DA:176,0
DA:177,0
DA:178,0
DA:179,0
DA:180,0
DA:181,0
DA:182,0
DA:183,0
DA:184,0
DA:185,0
DA:186,0
DA:187,4
DA:188,4
DA:189,4
DA:190,4
DA:191,4
DA:192,4
DA:193,4
DA:194,4
DA:195,4
DA:196,4
DA:197,4
DA:198,4
DA:199,4
DA:200,4
DA:201,4
DA:202,4
DA:203,4
DA:204,4
DA:205,4
DA:206,4
DA:207,4
DA:208,4
DA:209,4
DA:210,4
DA:211,4
DA:212,4
DA:213,4
DA:214,4
DA:215,4
DA:216,4
DA:217,4
DA:218,4
DA:219,4
DA:220,4
DA:221,4
DA:222,4
DA:223,4
DA:224,4
DA:225,4
DA:226,4
DA:227,4
DA:228,4
DA:229,4
DA:230,4
DA:231,4
DA:232,4
DA:233,4
DA:234,0
DA:235,0
DA:236,0
DA:237,4
DA:238,4
DA:239,4
DA:240,4
DA:241,0
DA:242,0
DA:243,0
DA:244,4
DA:245,4
DA:246,4
DA:247,4
DA:248,4
DA:249,4
DA:250,4
DA:251,4
DA:252,4
DA:253,4
DA:254,4
DA:255,4
DA:256,4
DA:257,4
DA:258,4
DA:259,4
DA:260,4
DA:261,4
DA:262,4
DA:263,4
DA:264,4
DA:265,4
DA:266,0
DA:267,4
DA:268,4
DA:269,4
DA:270,0
DA:271,4
DA:272,4
DA:273,4
DA:274,0
DA:275,4
DA:276,4
DA:277,4
DA:278,4
DA:279,1
DA:280,4
DA:281,4
DA:282,0
DA:283,0
DA:284,0
DA:285,0
DA:286,0
DA:287,0
DA:288,0
DA:289,0
DA:290,0
DA:291,0
DA:292,0
DA:293,0
DA:294,0
DA:295,0
DA:296,0
DA:297,0
DA:298,0
DA:299,0
DA:300,0
DA:301,0
DA:302,0
DA:303,0
DA:304,0
DA:305,0
DA:306,0
LF:306
LH:142
BRDA:13,0,0,4
BRDA:15,1,0,0
BRDA:150,2,0,0
BRDA:157,3,0,0
BRDA:273,4,0,0
BRDA:118,5,0,4
BRDA:119,6,0,0
BRDA:119,7,0,0
BRDA:119,8,0,0
BRDA:122,9,0,0
BRDA:126,10,0,4
BRDA:127,11,0,4
BRDA:202,12,0,4
BRDA:221,13,0,0
BRDA:221,14,0,0
BRDA:231,15,0,0
BRDA:231,16,0,0
BRDA:231,17,0,0
BRDA:233,18,0,0
BRDA:233,19,0,0
BRDA:233,20,0,0
BRDA:233,21,0,0
BRDA:233,22,0,0
BRDA:240,23,0,0
BRDA:208,24,0,16
BRDA:215,25,0,32
BRDA:215,26,0,0
BRDA:216,27,0,48
BRDA:216,28,0,0
BRDA:264,29,0,4
BRDA:265,30,0,0
BRDA:267,31,0,0
BRDA:267,32,0,0
BRDA:267,33,0,0
BRDA:280,34,0,4
BRDA:281,35,0,0
BRF:36
BRH:10
end_of_record
TN:
SF:src/components/Help.jsx
FN:1,(empty-report)
FNF:1
FNH:0
FNDA:0,(empty-report)
DA:1,0
DA:2,0
DA:3,0
DA:4,0
DA:5,0
DA:6,0
DA:7,0
DA:8,0
DA:9,0
DA:10,0
DA:11,0
DA:12,0
DA:13,0
DA:14,0
DA:15,0
DA:16,0
DA:17,0
DA:18,0
DA:19,0
DA:20,0
DA:21,0
DA:22,0
DA:23,0
DA:24,0
DA:25,0
DA:26,0
DA:27,0
DA:28,0
DA:29,0
DA:30,0
DA:31,0
DA:32,0
DA:33,0
DA:34,0
DA:35,0
DA:36,0
DA:37,0
DA:38,0
DA:39,0
DA:40,0
DA:41,0
DA:42,0
DA:43,0
DA:44,0
DA:45,0
DA:46,0
DA:47,0
DA:48,0
DA:49,0
DA:50,0
DA:51,0
DA:52,0
DA:53,0
DA:54,0
DA:55,0
DA:56,0
DA:57,0
DA:58,0
DA:59,0
DA:60,0
DA:61,0
DA:62,0
DA:63,0
DA:64,0
DA:65,0
DA:66,0
DA:67,0
DA:68,0
DA:69,0
DA:70,0
DA:71,0
DA:72,0
DA:73,0
DA:74,0
DA:75,0
DA:76,0
DA:77,0
DA:78,0
DA:79,0
DA:80,0
DA:81,0
DA:82,0
DA:83,0
DA:84,0
DA:85,0
DA:86,0
DA:87,0
DA:88,0
DA:89,0
DA:90,0
DA:91,0
DA:92,0
DA:93,0
DA:94,0
DA:95,0
DA:96,0
DA:97,0
DA:98,0
DA:99,0
DA:100,0
DA:101,0
DA:102,0
DA:103,0
DA:104,0
DA:105,0
DA:106,0
DA:107,0
DA:108,0
DA:109,0
DA:110,0
DA:111,0
DA:112,0
DA:113,0
DA:114,0
DA:115,0
DA:116,0
DA:117,0
DA:118,0
DA:119,0
DA:120,0
DA:121,0
DA:122,0
DA:123,0
DA:124,0
DA:125,0
DA:126,0
DA:127,0
DA:128,0
DA:129,0
DA:130,0
DA:131,0
DA:132,0
DA:133,0
DA:134,0
DA:135,0
DA:136,0
DA:137,0
DA:138,0
DA:139,0
DA:140,0
DA:141,0
DA:142,0
DA:143,0
DA:144,0
DA:145,0
DA:146,0
DA:147,0
DA:148,0
DA:149,0
DA:150,0
DA:151,0
DA:152,0
DA:153,0
DA:154,0
DA:155,0
DA:156,0
DA:157,0
DA:158,0
DA:159,0
DA:160,0
DA:161,0
DA:162,0
DA:163,0
DA:164,0
DA:165,0
DA:166,0
DA:167,0
DA:168,0
DA:169,0
DA:170,0
DA:171,0
DA:172,0
DA:173,0
DA:174,0
DA:175,0
DA:176,0
DA:177,0
DA:178,0
DA:179,0
DA:180,0
DA:181,0
DA:182,0
DA:183,0
DA:184,0
DA:185,0
DA:186,0
DA:187,0
DA:188,0
DA:189,0
DA:190,0
DA:191,0
DA:192,0
DA:193,0
DA:194,0
DA:195,0
DA:196,0
DA:197,0
DA:198,0
DA:199,0
DA:200,0
DA:201,0
DA:202,0
DA:203,0
DA:204,0
DA:205,0
DA:206,0
DA:207,0
DA:208,0
DA:209,0
DA:210,0
DA:211,0
DA:212,0
DA:213,0
DA:214,0
DA:215,0
DA:216,0
DA:217,0
DA:218,0
DA:219,0
DA:220,0
DA:221,0
DA:222,0
DA:223,0
DA:224,0
DA:225,0
DA:226,0
DA:227,0
DA:228,0
DA:229,0
DA:230,0
DA:231,0
DA:232,0
DA:233,0
DA:234,0
DA:235,0
DA:236,0
DA:237,0
DA:238,0
DA:239,0
DA:240,0
DA:241,0
DA:242,0
DA:243,0
DA:244,0
DA:245,0
DA:246,0
DA:247,0
DA:248,0
DA:249,0
DA:250,0
DA:251,0
DA:252,0
DA:253,0
DA:254,0
DA:255,0
DA:256,0
DA:257,0
DA:258,0
DA:259,0
DA:260,0
DA:261,0
DA:262,0
DA:263,0
DA:264,0
DA:265,0
DA:266,0
DA:267,0
DA:268,0
DA:269,0
DA:270,0
DA:271,0
DA:272,0
DA:273,0
DA:274,0
DA:275,0
DA:276,0
DA:277,0
DA:278,0
DA:279,0
DA:280,0
DA:281,0
DA:282,0
DA:283,0
DA:284,0
DA:285,0
DA:286,0
DA:287,0
DA:288,0
DA:289,0
DA:290,0
DA:291,0
DA:292,0
DA:293,0
DA:294,0
DA:295,0
DA:296,0
DA:297,0
DA:298,0
DA:299,0
DA:300,0
DA:301,0
DA:302,0
DA:303,0
DA:304,0
DA:305,0
DA:306,0
DA:307,0
DA:308,0
DA:309,0
DA:310,0
DA:311,0
DA:312,0
DA:313,0
DA:314,0
DA:315,0
DA:316,0
DA:317,0
DA:318,0
DA:319,0
DA:320,0
DA:321,0
DA:322,0
DA:323,0
DA:324,0
DA:325,0
DA:326,0
DA:327,0
DA:328,0
DA:329,0
DA:330,0
DA:331,0
DA:332,0
DA:333,0
DA:334,0
DA:335,0
DA:336,0
DA:337,0
DA:338,0
DA:339,0
DA:340,0
DA:341,0
DA:342,0
DA:343,0
DA:344,0
DA:345,0
DA:346,0
DA:347,0
DA:348,0
DA:349,0
DA:350,0
DA:351,0
DA:352,0
DA:353,0
DA:354,0
DA:355,0
DA:356,0
DA:357,0
DA:358,0
DA:359,0
DA:360,0
DA:361,0
DA:362,0
DA:363,0
DA:364,0
DA:365,0
DA:366,0
DA:367,0
DA:368,0
DA:369,0
DA:370,0
DA:371,0
DA:372,0
DA:373,0
DA:374,0
DA:375,0
DA:376,0
DA:377,0
DA:378,0
DA:379,0
DA:380,0
DA:381,0
DA:382,0
DA:383,0
DA:384,0
DA:385,0
DA:386,0
DA:387,0
DA:388,0
DA:389,0
DA:390,0
DA:391,0
DA:392,0
DA:393,0
DA:394,0
DA:395,0
DA:396,0
DA:397,0
DA:398,0
DA:399,0
DA:400,0
DA:401,0
DA:402,0
DA:403,0
DA:404,0
DA:405,0
DA:406,0
DA:407,0
DA:408,0
DA:409,0
DA:410,0
DA:411,0
DA:412,0
DA:413,0
DA:414,0
DA:415,0
DA:416,0
DA:417,0
DA:418,0
DA:419,0
DA:420,0
DA:421,0
DA:422,0
DA:423,0
DA:424,0
DA:425,0
DA:426,0
DA:427,0
DA:428,0
DA:429,0
DA:430,0
DA:431,0
DA:432,0
DA:433,0
DA:434,0
DA:435,0
DA:436,0
DA:437,0
DA:438,0
DA:439,0
DA:440,0
DA:441,0
DA:442,0
DA:443,0
DA:444,0
DA:445,0
DA:446,0
DA:447,0
DA:448,0
DA:449,0
DA:450,0
DA:451,0
DA:452,0
DA:453,0
DA:454,0
DA:455,0
DA:456,0
DA:457,0
DA:458,0
DA:459,0
DA:460,0
DA:461,0
DA:462,0
DA:463,0
DA:464,0
DA:465,0
DA:466,0
DA:467,0
DA:468,0
DA:469,0
DA:470,0
DA:471,0
DA:472,0
DA:473,0
DA:474,0
DA:475,0
DA:476,0
DA:477,0
DA:478,0
DA:479,0
DA:480,0
DA:481,0
DA:482,0
DA:483,0
DA:484,0
DA:485,0
LF:485
LH:0
BRDA:1,0,0,0
BRF:1
BRH:0
end_of_record
TN:
SF:src/components/JobSetup.jsx
FN:1,(empty-report)
FNF:1
FNH:0
FNDA:0,(empty-report)
DA:1,0
DA:2,0
DA:3,0
DA:4,0
DA:5,0
DA:6,0
DA:7,0
DA:8,0
DA:9,0
DA:10,0
DA:11,0
DA:12,0
DA:13,0
DA:14,0
DA:15,0
DA:16,0
DA:17,0
DA:18,0
DA:19,0
DA:20,0
DA:21,0
DA:22,0
DA:23,0
DA:24,0
DA:25,0
DA:26,0
DA:27,0
DA:28,0
DA:29,0
DA:30,0
DA:31,0
DA:32,0
DA:33,0
DA:34,0
DA:35,0
DA:36,0
DA:37,0
DA:38,0
DA:39,0
DA:40,0
DA:41,0
DA:42,0
DA:43,0
DA:44,0
DA:45,0
DA:46,0
DA:47,0
DA:48,0
DA:49,0
DA:50,0
DA:51,0
DA:52,0
DA:53,0
DA:54,0
DA:55,0
DA:56,0
DA:57,0
DA:58,0
DA:59,0
DA:60,0
DA:61,0
DA:62,0
DA:63,0
DA:64,0
DA:65,0
DA:66,0
DA:67,0
DA:68,0
DA:69,0
DA:70,0
DA:71,0
DA:72,0
DA:73,0
DA:74,0
DA:75,0
DA:76,0
DA:77,0
DA:78,0
DA:79,0
DA:80,0
DA:81,0
DA:82,0
DA:83,0
DA:84,0
DA:85,0
DA:86,0
DA:87,0
DA:88,0
DA:89,0
DA:90,0
DA:91,0
DA:92,0
DA:93,0
DA:94,0
DA:95,0
DA:96,0
DA:97,0
DA:98,0
DA:99,0
DA:100,0
DA:101,0
DA:102,0
DA:103,0
DA:104,0
DA:105,0
DA:106,0
DA:107,0
DA:108,0
DA:109,0
DA:110,0
DA:111,0
DA:112,0
DA:113,0
DA:114,0
DA:115,0
DA:116,0
DA:117,0
DA:118,0
DA:119,0
DA:120,0
DA:121,0
DA:122,0
DA:123,0
DA:124,0
DA:125,0
DA:126,0
DA:127,0
DA:128,0
DA:129,0
DA:130,0
DA:131,0
DA:132,0
DA:133,0
DA:134,0
DA:135,0
DA:136,0
DA:137,0
DA:138,0
DA:139,0
DA:140,0
DA:141,0
DA:142,0
DA:143,0
DA:144,0
DA:145,0
DA:146,0
DA:147,0
DA:148,0
DA:149,0
DA:150,0
DA:151,0
DA:152,0
DA:153,0
DA:154,0
DA:155,0
DA:156,0
DA:157,0
DA:158,0
DA:159,0
DA:160,0
DA:161,0
DA:162,0
DA:163,0
DA:164,0
DA:165,0
DA:166,0
DA:167,0
DA:168,0
DA:169,0
DA:170,0
DA:171,0
DA:172,0
DA:173,0
DA:174,0
DA:175,0
DA:176,0
DA:177,0
DA:178,0
DA:179,0
DA:180,0
DA:181,0
DA:182,0
DA:183,0
DA:184,0
DA:185,0
DA:186,0
DA:187,0
DA:188,0
DA:189,0
DA:190,0
DA:191,0
DA:192,0
DA:193,0
DA:194,0
DA:195,0
DA:196,0
DA:197,0
DA:198,0
DA:199,0
DA:200,0
DA:201,0
DA:202,0
DA:203,0
DA:204,0
DA:205,0
DA:206,0
DA:207,0
DA:208,0
DA:209,0
DA:210,0
DA:211,0
DA:212,0
DA:213,0
DA:214,0
DA:215,0
DA:216,0
DA:217,0
DA:218,0
DA:219,0
DA:220,0
DA:221,0
DA:222,0
DA:223,0
DA:224,0
DA:225,0
DA:226,0
DA:227,0
DA:228,0
DA:229,0
DA:230,0
DA:231,0
DA:232,0
DA:233,0
DA:234,0
DA:235,0
DA:236,0
DA:237,0
DA:238,0
DA:239,0
DA:240,0
DA:241,0
DA:242,0
DA:243,0
DA:244,0
DA:245,0
DA:246,0
DA:247,0
DA:248,0
DA:249,0
DA:250,0
DA:251,0
DA:252,0
DA:253,0
DA:254,0
DA:255,0
DA:256,0
DA:257,0
DA:258,0
DA:259,0
DA:260,0
DA:261,0
DA:262,0
DA:263,0
DA:264,0
DA:265,0
DA:266,0
DA:267,0
DA:268,0
DA:269,0
DA:270,0
DA:271,0
DA:272,0
DA:273,0
DA:274,0
DA:275,0
DA:276,0
DA:277,0
DA:278,0
DA:279,0
DA:280,0
DA:281,0
DA:282,0
DA:283,0
DA:284,0
DA:285,0
DA:286,0
DA:287,0
DA:288,0
DA:289,0
DA:290,0
DA:291,0
DA:292,0
DA:293,0
DA:294,0
DA:295,0
DA:296,0
DA:297,0
DA:298,0
DA:299,0
DA:300,0
DA:301,0
DA:302,0
DA:303,0
DA:304,0
DA:305,0
DA:306,0
DA:307,0
DA:308,0
DA:309,0
DA:310,0
DA:311,0
DA:312,0
DA:313,0
DA:314,0
DA:315,0
DA:316,0
DA:317,0
DA:318,0
DA:319,0
DA:320,0
DA:321,0
DA:322,0
DA:323,0
DA:324,0
DA:325,0
DA:326,0
DA:327,0
DA:328,0
DA:329,0
DA:330,0
DA:331,0
DA:332,0
DA:333,0
DA:334,0
DA:335,0
DA:336,0
LF:336
LH:0
BRDA:1,0,0,0
BRF:1
BRH:0
end_of_record
TN:
SF:src/components/LazyImportPanel.jsx
FN:1,(empty-report)
FNF:1
FNH:0
FNDA:0,(empty-report)
DA:1,0
DA:2,0
DA:3,0
DA:4,0
DA:5,0
DA:6,0
DA:7,0
DA:8,0
DA:9,0
DA:10,0
DA:11,0
DA:12,0
DA:13,0
DA:14,0
DA:15,0
DA:16,0
DA:17,0
DA:18,0
DA:19,0
DA:20,0
DA:21,0
DA:22,0
DA:23,0
DA:24,0
DA:25,0
DA:26,0
DA:27,0
DA:28,0
DA:29,0
DA:30,0
DA:31,0
DA:32,0
DA:33,0
DA:34,0
DA:35,0
DA:36,0
LF:36
LH:0
BRDA:1,0,0,0
BRF:1
BRH:0
end_of_record
TN:
SF:src/components/LazyPermitGenerator.jsx
FN:1,(empty-report)
FNF:1
FNH:0
FNDA:0,(empty-report)
DA:1,0
DA:2,0
DA:3,0
DA:4,0
DA:5,0
DA:6,0
DA:7,0
DA:8,0
DA:9,0
DA:10,0
DA:11,0
DA:12,0
DA:13,0
DA:14,0
DA:15,0
DA:16,0
DA:17,0
DA:18,0
DA:19,0
DA:20,0
DA:21,0
DA:22,0
DA:23,0
DA:24,0
DA:25,0
DA:26,0
DA:27,0
DA:28,0
DA:29,0
LF:29
LH:0
BRDA:1,0,0,0
BRF:1
BRH:0
end_of_record
TN:
SF:src/components/LazyProposedLineCalculator.jsx
FN:1,(empty-report)
FNF:1
FNH:0
FNDA:0,(empty-report)
DA:1,0
DA:2,0
DA:3,0
DA:4,0
DA:5,0
DA:6,0
DA:7,0
DA:8,0
DA:9,0
DA:10,0
DA:11,0
DA:12,0
DA:13,0
DA:14,0
DA:15,0
DA:16,0
DA:17,0
DA:18,0
DA:19,0
DA:20,0
DA:21,0
DA:22,0
DA:23,0
LF:23
LH:0
BRDA:1,0,0,0
BRF:1
BRH:0
end_of_record
TN:
SF:src/components/OspApplication.jsx
FN:1,(empty-report)
FNF:1
FNH:0
FNDA:0,(empty-report)
DA:1,0
DA:2,0
DA:3,0
DA:4,0
DA:5,0
DA:6,0
DA:7,0
DA:8,0
DA:9,0
DA:10,0
DA:11,0
DA:12,0
DA:13,0
DA:14,0
DA:15,0
DA:16,0
DA:17,0
DA:18,0
DA:19,0
DA:20,0
DA:21,0
DA:22,0
DA:23,0
DA:24,0
DA:25,0
DA:26,0
DA:27,0
DA:28,0
DA:29,0
DA:30,0
DA:31,0
DA:32,0
DA:33,0
DA:34,0
DA:35,0
DA:36,0
DA:37,0
DA:38,0
DA:39,0
DA:40,0
DA:41,0
DA:42,0
DA:43,0
DA:44,0
DA:45,0
DA:46,0
DA:47,0
DA:48,0
DA:49,0
DA:50,0
DA:51,0
DA:52,0
DA:53,0
DA:54,0
DA:55,0
DA:56,0
DA:57,0
DA:58,0
DA:59,0
DA:60,0
DA:61,0
DA:62,0
DA:63,0
DA:64,0
DA:65,0
LF:65
LH:0
BRDA:1,0,0,0
BRF:1
BRH:0
end_of_record
TN:
SF:src/components/PoleSketch.jsx
FN:1,(empty-report)
FNF:1
FNH:0
FNDA:0,(empty-report)
DA:1,0
DA:2,0
DA:3,0
DA:4,0
DA:5,0
DA:6,0
DA:7,0
DA:8,0
DA:9,0
DA:10,0
DA:11,0
DA:12,0
LF:12
LH:0
BRDA:1,0,0,0
BRF:1
BRH:0
end_of_record
TN:
SF:src/components/ProposedLineCalculator.jsx
FN:15,ProposedLineCalculator
FN:176,IntersectionObserver.rootMargin
FN:236,useDeviceGPS
FN:288,onChange
FN:296,onClick
FN:314,onClick
FN:322,onChange
FN:323,onChange
FN:324,onChange
FN:327,onChange
FN:329,onChange
FN:335,onChange
FN:336,onChange
FN:348,onChange
FN:353,onChange
FN:354,onChange
FN:355,onChange
FN:356,onChange
FN:357,onChange
FN:358,onChange
FN:359,onChange
FN:360,onChange
FN:361,onChange
FN:362,onChange
FN:363,onChange
FN:364,onChange
FN:365,onChange
FN:366,onChange
FN:367,onChange
FN:368,onChange
FN:385,onChange
FN:386,onChange
FN:387,onChange
FN:388,onChange
FN:389,onChange
FN:409,onClick
FN:429,onClick
FN:449,onClick
FN:470,onClick
FN:475,openHelp
FN:485,onClick
FN:486,onClick
FN:500,onClick
FN:512,onClose
FN:518,SectionTips
FN:580,SectionSaveButton
FN:589,onClick
FN:596,FieldActionsCompact
FN:600,exportGeo
FN:619,exportCollected
FN:632,exportFirst25
FN:644,exportSpansZip
FN:683,exportByProfile
FN:694,exportRowsByProfileInternal
FN:710,exportAepZipInternal
FN:732,onChange
FN:741,onClick
FN:742,onClick
FN:743,onClick
FN:745,onClick
FN:750,getAttachToleranceIn
FN:754,computeVarianceIn
FN:761,evaluateVariancePass
FN:770,AutoMapPreviewModal
FN:773,diff
FN:805,Input
FN:814,Select
FN:825,Checkbox
FN:834,ProfileTuner
FN:843,onChangeGlobal
FN:848,onChangeJob
FN:853,onResetJobOverrides
FN:858,Editor
FN:864,onChange
FN:903,ResultsPanel
FN:994,AgencyTemplatesPanel
FN:1044,FormAutofillPanel
FN:1091,onFill
FN:1124,onSavePreset
FN:1133,onLoadPreset
FN:1141,onDeletePreset
FN:1146,onAutoLayout
FN:1168,onFillByForm
FN:1195,onChange
FN:1200,onChange
FN:1207,onChange
FN:1214,onChange
FN:1218,onClick
FN:1238,CompliancePanel
FN:1282,PrintableReport
FN:1396,ScenarioButtons
FN:1398,snapshot
FN:1417,load
FN:1439,onClick
FN:1440,onClick
FN:1441,onClick
FN:1442,onClick
FN:1447,ExportButtons
FN:1449,onCSV
FN:1459,onPDF
FN:1473,PermitPackButton
FN:1475,onPermit
FN:1784,InteropExportButton
FN:1799,onExport
FN:1900,onClick
FN:1906,onClick
FN:1911,onChange
FN:1917,onChange
FN:1925,onChange
FN:1926,onChange
FN:1927,onChange
FN:1940,FieldCollection
FN:1953,handleRowGPS
FN:1964,onDone
FN:1996,onSaveDraft
FN:2026,onSelectPhoto
FN:2061,exportCollected
FN:2075,exportFirst25
FN:2088,exportSpansZip
FN:2133,exportAepZip
FN:2170,exportByProfile
FN:2210,exportFilteredByProfile
FN:2249,exportDoneOnly
FN:2253,exportFailOnly
FN:2259,exportGeo
FN:2302,exportRowsByProfile
FN:2384,onClick
FN:2394,onChange
FN:2402,onChange
FN:2410,onChange
FN:2419,onChange
FN:2420,onChange
FN:2422,onChange
FN:2423,onClick
FN:2436,onClick
FN:2437,onClick
FN:2439,onClick
FN:2440,onChange
FN:2441,onChange
FN:2454,onChange
FN:2463,onClick
FN:2464,onClick
FN:2465,onClick
FN:2472,onClick
FN:2619,BatchReport
FN:2747,ImportPanel
FN:2760,onImport
FN:2803,update
FN:2810,onChange
FN:2818,onChange
FN:2827,onClick
FN:2848,onChange
FN:2856,onClick
FN:2857,onClick
FN:2861,onClick
FN:2868,onClick
FN:2900,onClick
FN:2913,onChange
FN:2935,onChange
FN:2945,onChange
FN:2947,onClick
FN:2961,onChange
FN:2963,onClick
FN:2977,onChange
FN:2979,onClick
FN:2989,onClose
FN:2993,onSave
FN:2997,onClose
FN:3000,onApply
FN:3006,MappingConfigModal
FN:3012,setField
FN:3043,onChange
FN:3044,onClick
FN:3050,LogoUpload
FN:3052,onFile
FN:3067,HelpModal
FN:3079,downloadSampleCSV
FN:3093,downloadSampleKML
FNF:178
FNH:22
FNDA:2,ProposedLineCalculator
FNDA:0,IntersectionObserver.rootMargin
FNDA:0,useDeviceGPS
FNDA:0,onChange
FNDA:0,onClick
FNDA:0,onClick
FNDA:0,onChange
FNDA:0,onChange
FNDA:0,onChange
FNDA:0,onChange
FNDA:0,onChange
FNDA:0,onChange
FNDA:0,onChange
FNDA:0,onChange
FNDA:0,onChange
FNDA:0,onChange
FNDA:0,onChange
FNDA:0,onChange
FNDA:0,onChange
FNDA:0,onChange
FNDA:0,onChange
FNDA:0,onChange
FNDA:0,onChange
FNDA:0,onChange
FNDA:0,onChange
FNDA:0,onChange
FNDA:0,onChange
FNDA:0,onChange
FNDA:0,onChange
FNDA:0,onChange
FNDA:0,onChange
FNDA:0,onChange
FNDA:0,onChange
FNDA:0,onChange
FNDA:0,onChange
FNDA:0,onClick
FNDA:0,onClick
FNDA:0,onClick
FNDA:0,onClick
FNDA:0,openHelp
FNDA:0,onClick
FNDA:0,onClick
FNDA:0,onClick
FNDA:0,onClose
FNDA:12,SectionTips
FNDA:48,SectionSaveButton
FNDA:0,onClick
FNDA:4,FieldActionsCompact
FNDA:0,exportGeo
FNDA:0,exportCollected
FNDA:0,exportFirst25
FNDA:0,exportSpansZip
FNDA:0,exportByProfile
FNDA:0,exportRowsByProfileInternal
FNDA:0,exportAepZipInternal
FNDA:0,onChange
FNDA:0,onClick
FNDA:0,onClick
FNDA:0,onClick
FNDA:0,onClick
FNDA:0,getAttachToleranceIn
FNDA:0,computeVarianceIn
FNDA:0,evaluateVariancePass
FNDA:4,AutoMapPreviewModal
FNDA:0,diff
FNDA:50,Input
FNDA:16,Select
FNDA:2,Checkbox
FNDA:4,ProfileTuner
FNDA:0,onChangeGlobal
FNDA:0,onChangeJob
FNDA:0,onResetJobOverrides
FNDA:76,Editor
FNDA:0,onChange
FNDA:4,ResultsPanel
FNDA:4,AgencyTemplatesPanel
FNDA:6,FormAutofillPanel
FNDA:0,onFill
FNDA:0,onSavePreset
FNDA:0,onLoadPreset
FNDA:0,onDeletePreset
FNDA:0,onAutoLayout
FNDA:0,onFillByForm
FNDA:0,onChange
FNDA:0,onChange
FNDA:0,onChange
FNDA:0,onChange
FNDA:0,onClick
FNDA:0,CompliancePanel
FNDA:0,PrintableReport
FNDA:4,ScenarioButtons
FNDA:0,snapshot
FNDA:0,load
FNDA:0,onClick
FNDA:0,onClick
FNDA:0,onClick
FNDA:0,onClick
FNDA:4,ExportButtons
FNDA:0,onCSV
FNDA:0,onPDF
FNDA:4,PermitPackButton
FNDA:0,onPermit
FNDA:4,InteropExportButton
FNDA:0,onExport
FNDA:0,onClick
FNDA:0,onClick
FNDA:0,onChange
FNDA:0,onChange
FNDA:0,onChange
FNDA:0,onChange
FNDA:0,onChange
FNDA:4,FieldCollection
FNDA:0,handleRowGPS
FNDA:0,onDone
FNDA:0,onSaveDraft
FNDA:0,onSelectPhoto
FNDA:0,exportCollected
FNDA:0,exportFirst25
FNDA:0,exportSpansZip
FNDA:0,exportAepZip
FNDA:0,exportByProfile
FNDA:0,exportFilteredByProfile
FNDA:0,exportDoneOnly
FNDA:0,exportFailOnly
FNDA:0,exportGeo
FNDA:0,exportRowsByProfile
FNDA:0,onClick
FNDA:0,onChange
FNDA:0,onChange
FNDA:0,onChange
FNDA:0,onChange
FNDA:0,onChange
FNDA:0,onChange
FNDA:0,onClick
FNDA:0,onClick
FNDA:0,onClick
FNDA:0,onClick
FNDA:0,onChange
FNDA:0,onChange
FNDA:0,onChange
FNDA:0,onClick
FNDA:0,onClick
FNDA:0,onClick
FNDA:0,onClick
FNDA:0,BatchReport
FNDA:4,ImportPanel
FNDA:0,onImport
FNDA:0,update
FNDA:0,onChange
FNDA:0,onChange
FNDA:0,onClick
FNDA:0,onChange
FNDA:0,onClick
FNDA:0,onClick
FNDA:0,onClick
FNDA:0,onClick
FNDA:0,onClick
FNDA:0,onChange
FNDA:0,onChange
FNDA:0,onChange
FNDA:0,onClick
FNDA:0,onChange
FNDA:0,onClick
FNDA:0,onChange
FNDA:0,onClick
FNDA:0,onClose
FNDA:0,onSave
FNDA:0,onClose
FNDA:0,onApply
FNDA:4,MappingConfigModal
FNDA:0,setField
FNDA:0,onChange
FNDA:0,onClick
FNDA:4,LogoUpload
FNDA:0,onFile
FNDA:2,HelpModal
FNDA:0,downloadSampleCSV
FNDA:0,downloadSampleKML
DA:1,1
DA:2,1
DA:3,1
DA:4,1
DA:5,1
DA:6,1
DA:7,1
DA:8,1
DA:9,1
DA:10,1
DA:11,1
DA:12,1
DA:13,1
DA:14,1
DA:15,2
DA:16,2
DA:17,2
DA:18,2
DA:19,2
DA:20,2
DA:21,2
DA:22,2
DA:23,2
DA:24,2
DA:25,2
DA:26,2
DA:27,2
DA:28,2
DA:29,2
DA:30,2
DA:31,2
DA:32,2
DA:33,2
DA:34,2
DA:35,2
DA:36,2
DA:37,2
DA:38,2
DA:39,2
DA:40,2
DA:41,2
DA:42,2
DA:43,2
DA:44,2
DA:45,2
DA:46,2
DA:47,2
DA:48,2
DA:49,2
DA:50,2
DA:51,2
DA:52,2
DA:53,2
DA:54,2
DA:55,2
DA:56,2
DA:57,2
DA:58,2
DA:59,2
DA:60,2
DA:61,2
DA:62,2
DA:63,2
DA:64,2
DA:65,2
DA:66,2
DA:67,2
DA:68,2
DA:69,2
DA:70,2
DA:71,2
DA:72,2
DA:73,2
DA:74,2
DA:75,2
DA:76,2
DA:77,2
DA:78,2
DA:79,2
DA:80,2
DA:81,2
DA:82,2
DA:83,2
DA:84,2
DA:85,2
DA:86,2
DA:87,2
DA:88,10
DA:89,10
DA:90,10
DA:91,10
DA:92,10
DA:93,10
DA:94,10
DA:95,10
DA:96,10
DA:97,10
DA:98,10
DA:99,10
DA:100,10
DA:101,10
DA:102,10
DA:103,10
DA:104,10
DA:105,10
DA:106,10
DA:107,10
DA:108,10
DA:109,10
DA:110,10
DA:111,10
DA:112,10
DA:113,10
DA:114,10
DA:115,10
DA:116,10
DA:117,10
DA:118,10
DA:119,10
DA:120,10
DA:121,10
DA:122,10
DA:123,10
DA:124,10
DA:125,10
DA:126,10
DA:127,10
DA:128,10
DA:129,10
DA:130,10
DA:131,10
DA:132,10
DA:133,10
DA:134,10
DA:135,10
DA:136,10
DA:137,10
DA:138,10
DA:139,10
DA:140,10
DA:141,10
DA:142,10
DA:143,10
DA:144,10
DA:145,10
DA:146,10
DA:147,10
DA:148,10
DA:149,10
DA:150,10
DA:151,10
DA:152,10
DA:153,10
DA:154,2
DA:155,2
DA:156,2
DA:157,2
DA:158,2
DA:159,2
DA:160,2
DA:161,2
DA:162,2
DA:163,2
DA:164,2
DA:165,2
DA:166,0
DA:167,0
DA:168,2
DA:169,2
DA:170,2
DA:171,2
DA:172,2
DA:173,2
DA:174,2
DA:175,2
DA:176,2
DA:177,0
DA:178,0
DA:179,0
DA:180,0
DA:181,0
DA:182,2
DA:183,2
DA:184,2
DA:185,2
DA:186,2
DA:187,2
DA:188,2
DA:189,2
DA:190,2
DA:191,2
DA:192,0
DA:193,0
DA:194,0
DA:195,0
DA:196,2
DA:197,2
DA:198,2
DA:199,2
DA:200,2
DA:201,2
DA:202,2
DA:203,2
DA:204,2
DA:205,2
DA:206,2
DA:207,2
DA:208,2
DA:209,2
DA:210,2
DA:211,2
DA:212,2
DA:213,2
DA:214,2
DA:215,2
DA:216,2
DA:217,2
DA:218,2
DA:219,2
DA:220,2
DA:221,2
DA:222,2
DA:223,2
DA:224,0
DA:225,2
DA:226,2
DA:227,2
DA:228,2
DA:229,2
DA:230,2
DA:231,2
DA:232,2
DA:233,2
DA:234,2
DA:235,2
DA:236,2
DA:237,0
DA:238,0
DA:239,0
DA:240,0
DA:241,0
DA:242,0
DA:243,0
DA:244,0
DA:245,0
DA:246,0
DA:247,0
DA:248,0
DA:249,0
DA:250,0
DA:251,0
DA:252,0
DA:253,0
DA:254,2
DA:255,2
DA:256,2
DA:257,2
DA:258,2
DA:259,2
DA:260,2
DA:261,2
DA:262,2
DA:263,2
DA:264,2
DA:265,2
DA:266,2
DA:267,2
DA:268,12
DA:269,12
DA:270,12
DA:271,12
DA:272,12
DA:273,12
DA:274,12
DA:275,2
DA:276,10
DA:277,12
DA:278,12
DA:279,12
DA:280,12
DA:281,2
DA:282,2
DA:283,2
DA:284,2
DA:285,2
DA:286,2
DA:287,2
DA:288,2
DA:289,2
DA:290,2
DA:291,2
DA:292,2
DA:293,2
DA:294,2
DA:295,2
DA:296,2
DA:297,2
DA:298,2
DA:299,2
DA:300,2
DA:301,2
DA:302,2
DA:303,2
DA:304,2
DA:305,2
DA:306,2
DA:307,2
DA:308,2
DA:309,2
DA:310,2
DA:311,2
DA:312,2
DA:313,2
DA:314,2
DA:315,2
DA:316,2
DA:317,2
DA:318,2
DA:319,2
DA:320,2
DA:321,2
DA:322,2
DA:323,2
DA:324,2
DA:325,2
DA:326,2
DA:327,2
DA:328,2
DA:329,2
DA:330,2
DA:331,2
DA:332,2
DA:333,2
DA:334,2
DA:335,2
DA:336,2
DA:337,0
DA:338,0
DA:339,0
DA:340,0
DA:341,0
DA:342,0
DA:343,2
DA:344,2
DA:345,2
DA:346,2
DA:347,2
DA:348,2
DA:349,2
DA:350,2
DA:351,2
DA:352,2
DA:353,2
DA:354,2
DA:355,2
DA:356,2
DA:357,2
DA:358,2
DA:359,2
DA:360,2
DA:361,2
DA:362,2
DA:363,2
DA:364,2
DA:365,2
DA:366,2
DA:367,2
DA:368,2
DA:369,2
DA:370,2
DA:371,2
DA:372,2
DA:373,2
DA:374,2
DA:375,2
DA:376,2
DA:377,2
DA:378,2
DA:379,2
DA:380,2
DA:381,2
DA:382,2
DA:383,2
DA:384,2
DA:385,2
DA:386,2
DA:387,2
DA:388,2
DA:389,2
DA:390,2
DA:391,2
DA:392,2
DA:393,2
DA:394,2
DA:395,2
DA:396,2
DA:397,2
DA:398,2
DA:399,2
DA:400,2
DA:401,2
DA:402,2
DA:403,2
DA:404,2
DA:405,2
DA:406,2
DA:407,2
DA:408,2
DA:409,2
DA:410,2
DA:411,2
DA:412,2
DA:413,2
DA:414,2
DA:415,2
DA:416,2
DA:417,2
DA:418,2
DA:419,2
DA:420,2
DA:421,2
DA:422,2
DA:423,2
DA:424,2
DA:425,2
DA:426,2
DA:427,2
DA:428,2
DA:429,2
DA:430,2
DA:431,2
DA:432,2
DA:433,2
DA:434,2
DA:435,2
DA:436,2
DA:437,2
DA:438,2
DA:439,2
DA:440,2
DA:441,2
DA:442,2
DA:443,2
DA:444,2
DA:445,2
DA:446,2
DA:447,2
DA:448,2
DA:449,2
DA:450,2
DA:451,2
DA:452,2
DA:453,2
DA:454,2
DA:455,2
DA:456,2
DA:457,2
DA:458,2
DA:459,2
DA:460,2
DA:461,2
DA:462,2
DA:463,2
DA:464,2
DA:465,2
DA:466,2
DA:467,2
DA:468,2
DA:469,2
DA:470,2
DA:471,2
DA:472,2
DA:473,2
DA:474,2
DA:475,2
DA:476,2
DA:477,2
DA:478,2
DA:479,2
DA:480,2
DA:481,2
DA:482,2
DA:483,2
DA:484,2
DA:485,2
DA:486,2
DA:487,2
DA:488,2
DA:489,2
DA:490,2
DA:491,2
DA:492,2
DA:493,2
DA:494,2
DA:495,2
DA:496,2
DA:497,2
DA:498,2
DA:499,2
DA:500,2
DA:501,2
DA:502,2
DA:503,2
DA:504,2
DA:505,2
DA:506,2
DA:507,2
DA:508,2
DA:509,2
DA:510,2
DA:511,2
DA:512,2
DA:513,2
DA:514,2
DA:515,2
DA:516,1
DA:517,1
DA:518,12
DA:519,12
DA:520,12
DA:521,12
DA:522,2
DA:523,2
DA:524,2
DA:525,2
DA:526,2
DA:527,2
DA:528,2
DA:529,2
DA:530,12
DA:531,2
DA:532,2
DA:533,2
DA:534,2
DA:535,2
DA:536,12
DA:537,2
DA:538,2
DA:539,2
DA:540,2
DA:541,2
DA:542,12
DA:543,2
DA:544,2
DA:545,2
DA:546,2
DA:547,12
DA:548,2
DA:549,2
DA:550,2
DA:551,2
DA:552,2
DA:553,2
DA:554,2
DA:555,12
DA:556,2
DA:557,2
DA:558,2
DA:559,2
DA:560,2
DA:561,2
DA:562,12
DA:563,0
DA:564,12
DA:565,12
DA:566,12
DA:567,12
DA:568,12
DA:569,12
DA:570,12
DA:571,12
DA:572,12
DA:573,46
DA:574,12
DA:575,12
DA:576,12
DA:577,12
DA:578,12
DA:579,1
DA:580,48
DA:581,48
DA:582,48
DA:583,48
DA:584,48
DA:585,48
DA:586,48
DA:587,48
DA:588,48
DA:589,48
DA:590,48
DA:591,48
DA:592,48
DA:593,48
DA:594,48
DA:595,1
DA:596,4
DA:597,4
DA:598,4
DA:599,4
DA:600,4
DA:601,0
DA:602,0
DA:603,0
DA:604,0
DA:605,0
DA:606,0
DA:607,0
DA:608,0
DA:609,0
DA:610,0
DA:611,0
DA:612,0
DA:613,0
DA:614,0
DA:615,0
DA:616,0
DA:617,0
DA:618,0
DA:619,4
DA:620,0
DA:621,0
DA:622,0
DA:623,0
DA:624,0
DA:625,0
DA:626,0
DA:627,0
DA:628,0
DA:629,0
DA:630,0
DA:631,0
DA:632,4
DA:633,0
DA:634,0
DA:635,0
DA:636,0
DA:637,0
DA:638,0
DA:639,0
DA:640,0
DA:641,0
DA:642,0
DA:643,0
DA:644,4
DA:645,0
DA:646,0
DA:647,0
DA:648,0
DA:649,0
DA:650,0
DA:651,0
DA:652,0
DA:653,0
DA:654,0
DA:655,0
DA:656,0
DA:657,0
DA:658,0
DA:659,0
DA:660,0
DA:661,0
DA:662,0
DA:663,0
DA:664,0
DA:665,0
DA:666,0
DA:667,0
DA:668,0
DA:669,0
DA:670,0
DA:671,0
DA:672,0
DA:673,0
DA:674,0
DA:675,0
DA:676,0
DA:677,0
DA:678,0
DA:679,0
DA:680,0
DA:681,0
DA:682,0
DA:683,4
DA:684,0
DA:685,0
DA:686,0
DA:687,0
DA:688,0
DA:689,0
DA:690,0
DA:691,0
DA:692,0
DA:693,0
DA:694,4
DA:695,0
DA:696,0
DA:697,0
DA:698,0
DA:699,0
DA:700,0
DA:701,0
DA:702,0
DA:703,0
DA:704,0
DA:705,0
DA:706,0
DA:707,0
DA:708,0
DA:709,0
DA:710,4
DA:711,0
DA:712,0
DA:713,0
DA:714,0
DA:715,0
DA:716,0
DA:717,0
DA:718,0
DA:719,0
DA:720,0
DA:721,0
DA:722,0
DA:723,0
DA:724,0
DA:725,0
DA:726,0
DA:727,0
DA:728,4
DA:729,4
DA:730,4
DA:731,4
DA:732,4
DA:733,4
DA:734,4
DA:735,4
DA:736,4
DA:737,4
DA:738,4
DA:739,4
DA:740,4
DA:741,4
DA:742,4
DA:743,4
DA:744,4
DA:745,4
DA:746,4
DA:747,4
DA:748,4
DA:749,1
DA:750,0
DA:751,0
DA:752,0
DA:753,0
DA:754,0
DA:755,0
DA:756,0
DA:757,0
DA:758,0
DA:759,0
DA:760,0
DA:761,0
DA:762,0
DA:763,0
DA:764,0
DA:765,0
DA:766,0
DA:767,0
DA:768,0
DA:769,1
DA:770,4
DA:771,4
DA:772,0
DA:773,0
DA:774,0
DA:775,0
DA:776,0
DA:777,0
DA:778,0
DA:779,0
DA:780,0
DA:781,0
DA:782,0
DA:783,0
DA:784,0
DA:785,0
DA:786,0
DA:787,0
DA:788,0
DA:789,0
DA:790,0
DA:791,0
DA:792,0
DA:793,0
DA:794,0
DA:795,0
DA:796,0
DA:797,0
DA:798,0
DA:799,0
DA:800,0
DA:801,0
DA:802,0
DA:803,0
DA:804,1
DA:805,50
DA:806,50
DA:807,50
DA:808,50
DA:809,50
DA:810,50
DA:811,50
DA:812,50
DA:813,1
DA:814,16
DA:815,16
DA:816,16
DA:817,16
DA:818,16
DA:819,16
DA:820,16
DA:821,16
DA:822,16
DA:823,16
DA:824,1
DA:825,2
DA:826,2
DA:827,2
DA:828,2
DA:829,2
DA:830,2
DA:831,2
DA:832,2
DA:833,1
DA:834,4
DA:835,4
DA:836,4
DA:837,4
DA:838,4
DA:839,4
DA:840,4
DA:841,4
DA:842,4
DA:843,4
DA:844,0
DA:845,0
DA:846,0
DA:847,0
DA:848,4
DA:849,0
DA:850,0
DA:851,0
DA:852,0
DA:853,4
DA:854,0
DA:855,0
DA:856,0
DA:857,4
DA:858,4
DA:859,76
DA:860,76
DA:861,76
DA:862,76
DA:863,76
DA:864,76
DA:865,76
DA:866,76
DA:867,76
DA:868,76
DA:869,4
DA:870,4
DA:871,4
DA:872,4
DA:873,4
DA:874,4
DA:875,4
DA:876,4
DA:877,4
DA:878,4
DA:879,4
DA:880,4
DA:881,4
DA:882,4
DA:883,4
DA:884,4
DA:885,4
DA:886,4
DA:887,4
DA:888,4
DA:889,4
DA:890,4
DA:891,4
DA:892,4
DA:893,0
DA:894,0
DA:895,0
DA:896,4
DA:897,4
DA:898,4
DA:899,4
DA:900,4
DA:901,4
DA:902,1
DA:903,4
DA:904,4
DA:905,4
DA:906,0
DA:907,4
DA:908,4
DA:909,4
DA:910,4
DA:911,4
DA:912,4
DA:913,4
DA:914,4
DA:915,4
DA:916,4
DA:917,4
DA:918,0
DA:919,0
DA:920,4
DA:921,4
DA:922,4
DA:923,4
DA:924,4
DA:925,4
DA:926,4
DA:927,4
DA:928,0
DA:929,0
DA:930,4
DA:931,4
DA:932,4
DA:933,4
DA:934,4
DA:935,4
DA:936,4
DA:937,4
DA:938,0
DA:939,0
DA:940,0
DA:941,0
DA:942,0
DA:943,0
DA:944,0
DA:945,0
DA:946,0
DA:947,0
DA:948,4
DA:949,4
DA:950,4
DA:951,4
DA:952,4
DA:953,4
DA:954,4
DA:955,4
DA:956,4
DA:957,4
DA:958,0
DA:959,4
DA:960,4
DA:961,0
DA:962,4
DA:963,4
DA:964,4
DA:965,4
DA:966,4
DA:967,0
DA:968,0
DA:969,0
DA:970,0
DA:971,0
DA:972,0
DA:973,4
DA:974,0
DA:975,0
DA:976,0
DA:977,0
DA:978,0
DA:979,0
DA:980,0
DA:981,4
DA:982,0
DA:983,0
DA:984,0
DA:985,0
DA:986,0
DA:987,0
DA:988,0
DA:989,4
DA:990,4
DA:991,4
DA:992,4
DA:993,1
DA:994,4
DA:995,4
DA:996,4
DA:997,4
DA:998,2
DA:999,2
DA:1000,2
DA:1001,2
DA:1002,2
DA:1003,2
DA:1004,0
DA:1005,0
DA:1006,0
DA:1007,0
DA:1008,2
DA:1009,4
DA:1010,4
DA:1011,0
DA:1012,0
DA:1013,0
DA:1014,0
DA:1015,0
DA:1016,0
DA:1017,0
DA:1018,0
DA:1019,0
DA:1020,0
DA:1021,0
DA:1022,0
DA:1023,0
DA:1024,0
DA:1025,0
DA:1026,0
DA:1027,0
DA:1028,0
DA:1029,0
DA:1030,0
DA:1031,0
DA:1032,0
DA:1033,0
DA:1034,0
DA:1035,0
DA:1036,0
DA:1037,0
DA:1038,0
DA:1039,0
DA:1040,0
DA:1041,0
DA:1042,0
DA:1043,1
DA:1044,6
DA:1045,6
DA:1046,6
DA:1047,6
DA:1048,6
DA:1049,6
DA:1050,6
DA:1051,6
DA:1052,6
DA:1053,6
DA:1054,6
DA:1055,6
DA:1056,6
DA:1057,2
DA:1058,2
DA:1059,0
DA:1060,2
DA:1061,2
DA:1062,2
DA:1063,2
DA:1064,2
DA:1065,2
DA:1066,0
DA:1067,0
DA:1068,0
DA:1069,0
DA:1070,0
DA:1071,0
DA:1072,0
DA:1073,0
DA:1074,0
DA:1075,0
DA:1076,0
DA:1077,0
DA:1078,0
DA:1079,0
DA:1080,0
DA:1081,0
DA:1082,0
DA:1083,0
DA:1084,0
DA:1085,0
DA:1086,0
DA:1087,2
DA:1088,2
DA:1089,6
DA:1090,6
DA:1091,6
DA:1092,0
DA:1093,0
DA:1094,0
DA:1095,0
DA:1096,0
DA:1097,0
DA:1098,0
DA:1099,0
DA:1100,0
DA:1101,0
DA:1102,0
DA:1103,0
DA:1104,0
DA:1105,0
DA:1106,0
DA:1107,0
DA:1108,0
DA:1109,0
DA:1110,0
DA:1111,0
DA:1112,0
DA:1113,0
DA:1114,0
DA:1115,0
DA:1116,0
DA:1117,6
DA:1118,6
DA:1119,2
DA:1120,2
DA:1121,2
DA:1122,6
DA:1123,6
DA:1124,6
DA:1125,0
DA:1126,0
DA:1127,0
DA:1128,0
DA:1129,0
DA:1130,0
DA:1131,0
DA:1132,0
DA:1133,6
DA:1134,0
DA:1135,0
DA:1136,0
DA:1137,0
DA:1138,0
DA:1139,0
DA:1140,0
DA:1141,6
DA:1142,0
DA:1143,0
DA:1144,0
DA:1145,6
DA:1146,6
DA:1147,0
DA:1148,0
DA:1149,0
DA:1150,0
DA:1151,0
DA:1152,0
DA:1153,0
DA:1154,0
DA:1155,0
DA:1156,0
DA:1157,0
DA:1158,0
DA:1159,0
DA:1160,0
DA:1161,0
DA:1162,0
DA:1163,0
DA:1164,0
DA:1165,0
DA:1166,0
DA:1167,6
DA:1168,6
DA:1169,0
DA:1170,0
DA:1171,0
DA:1172,0
DA:1173,0
DA:1174,0
DA:1175,0
DA:1176,0
DA:1177,0
DA:1178,0
DA:1179,0
DA:1180,0
DA:1181,0
DA:1182,0
DA:1183,0
DA:1184,0
DA:1185,0
DA:1186,6
DA:1187,6
DA:1188,0
DA:1189,0
DA:1190,0
DA:1191,0
DA:1192,0
DA:1193,0
DA:1194,0
DA:1195,0
DA:1196,0
DA:1197,0
DA:1198,0
DA:1199,0
DA:1200,0
DA:1201,0
DA:1202,0
DA:1203,0
DA:1204,0
DA:1205,0
DA:1206,0
DA:1207,0
DA:1208,0
DA:1209,0
DA:1210,0
DA:1211,6
DA:1212,6
DA:1213,6
DA:1214,6
DA:1215,6
DA:1216,6
DA:1217,6
DA:1218,6
DA:1219,6
DA:1220,6
DA:1221,6
DA:1222,6
DA:1223,6
DA:1224,6
DA:1225,6
DA:1226,6
DA:1227,6
DA:1228,6
DA:1229,0
DA:1230,0
DA:1231,0
DA:1232,0
DA:1233,0
DA:1234,6
DA:1235,6
DA:1236,6
DA:1237,1
DA:1238,0
DA:1239,0
DA:1240,0
DA:1241,0
DA:1242,0
DA:1243,0
DA:1244,0
DA:1245,0
DA:1246,0
DA:1247,0
DA:1248,0
DA:1249,0
DA:1250,0
DA:1251,0
DA:1252,0
DA:1253,0
DA:1254,0
DA:1255,0
DA:1256,0
DA:1257,0
DA:1258,0
DA:1259,0
DA:1260,0
DA:1261,0
DA:1262,0
DA:1263,0
DA:1264,0
DA:1265,0
DA:1266,0
DA:1267,0
DA:1268,0
DA:1269,0
DA:1270,0
DA:1271,0
DA:1272,0
DA:1273,0
DA:1274,0
DA:1275,0
DA:1276,0
DA:1277,0
DA:1278,0
DA:1279,0
DA:1280,0
DA:1281,1
DA:1282,0
DA:1283,0
DA:1284,0
DA:1285,0
DA:1286,0
DA:1287,0
DA:1288,0
DA:1289,0
DA:1290,0
DA:1291,0
DA:1292,0
DA:1293,0
DA:1294,0
DA:1295,0
DA:1296,0
DA:1297,0
DA:1298,0
DA:1299,0
DA:1300,0
DA:1301,0
DA:1302,0
DA:1303,0
DA:1304,0
DA:1305,0
DA:1306,0
DA:1307,0
DA:1308,0
DA:1309,0
DA:1310,0
DA:1311,0
DA:1312,0
DA:1313,0
DA:1314,0
DA:1315,0
DA:1316,0
DA:1317,0
DA:1318,0
DA:1319,0
DA:1320,0
DA:1321,0
DA:1322,0
DA:1323,0
DA:1324,0
DA:1325,0
DA:1326,0
DA:1327,0
DA:1328,0
DA:1329,0
DA:1330,0
DA:1331,0
DA:1332,0
DA:1333,0
DA:1334,0
DA:1335,0
DA:1336,0
DA:1337,0
DA:1338,0
DA:1339,0
DA:1340,0
DA:1341,0
DA:1342,0
DA:1343,0
DA:1344,0
DA:1345,0
DA:1346,0
DA:1347,0
DA:1348,0
DA:1349,0
DA:1350,0
DA:1351,0
DA:1352,0
DA:1353,0
DA:1354,0
DA:1355,0
DA:1356,0
DA:1357,0
DA:1358,0
DA:1359,0
DA:1360,0
DA:1361,0
DA:1362,0
DA:1363,0
DA:1364,0
DA:1365,0
DA:1366,0
DA:1367,0
DA:1368,0
DA:1369,0
DA:1370,0
DA:1371,0
DA:1372,0
DA:1373,0
DA:1374,0
DA:1375,0
DA:1376,0
DA:1377,0
DA:1378,0
DA:1379,0
DA:1380,0
DA:1381,0
DA:1382,0
DA:1383,0
DA:1384,0
DA:1385,0
DA:1386,0
DA:1387,0
DA:1388,0
DA:1389,0
DA:1390,0
DA:1391,0
DA:1392,0
DA:1393,0
DA:1394,0
DA:1395,1
DA:1396,4
DA:1397,4
DA:1398,4
DA:1399,0
DA:1400,0
DA:1401,0
DA:1402,0
DA:1403,0
DA:1404,0
DA:1405,0
DA:1406,0
DA:1407,0
DA:1408,0
DA:1409,0
DA:1410,0
DA:1411,0
DA:1412,0
DA:1413,0
DA:1414,0
DA:1415,0
DA:1416,0
DA:1417,4
DA:1418,0
DA:1419,0
DA:1420,0
DA:1421,0
DA:1422,0
DA:1423,0
DA:1424,0
DA:1425,0
DA:1426,0
DA:1427,0
DA:1428,0
DA:1429,0
DA:1430,0
DA:1431,0
DA:1432,0
DA:1433,0
DA:1434,0
DA:1435,0
DA:1436,0
DA:1437,4
DA:1438,4
DA:1439,4
DA:1440,4
DA:1441,4
DA:1442,4
DA:1443,4
DA:1444,4
DA:1445,4
DA:1446,1
DA:1447,4
DA:1448,4
DA:1449,4
DA:1450,0
DA:1451,0
DA:1452,0
DA:1453,0
DA:1454,0
DA:1455,0
DA:1456,0
DA:1457,0
DA:1458,0
DA:1459,4
DA:1460,0
DA:1461,0
DA:1462,0
DA:1463,4
DA:1464,4
DA:1465,4
DA:1466,4
DA:1467,4
DA:1468,4
DA:1469,4
DA:1470,4
DA:1471,4
DA:1472,1
DA:1473,4
DA:1474,4
DA:1475,4
DA:1476,0
DA:1477,0
DA:1478,0
DA:1479,0
DA:1480,0
DA:1481,0
DA:1482,0
DA:1483,0
DA:1484,0
DA:1485,0
DA:1486,0
DA:1487,0
DA:1488,0
DA:1489,0
DA:1490,0
DA:1491,0
DA:1492,0
DA:1493,0
DA:1494,0
DA:1495,0
DA:1496,0
DA:1497,0
DA:1498,0
DA:1499,0
DA:1500,0
DA:1501,0
DA:1502,0
DA:1503,0
DA:1504,0
DA:1505,0
DA:1506,0
DA:1507,0
DA:1508,0
DA:1509,0
DA:1510,0
DA:1511,0
DA:1512,0
DA:1513,0
DA:1514,0
DA:1515,0
DA:1516,0
DA:1517,0
DA:1518,0
DA:1519,0
DA:1520,0
DA:1521,0
DA:1522,0
DA:1523,0
DA:1524,0
DA:1525,0
DA:1526,0
DA:1527,0
DA:1528,0
DA:1529,0
DA:1530,0
DA:1531,0
DA:1532,0
DA:1533,0
DA:1534,0
DA:1535,0
DA:1536,0
DA:1537,0
DA:1538,0
DA:1539,0
DA:1540,0
DA:1541,0
DA:1542,0
DA:1543,0
DA:1544,0
DA:1545,0
DA:1546,0
DA:1547,0
DA:1548,0
DA:1549,0
DA:1550,0
DA:1551,0
DA:1552,0
DA:1553,0
DA:1554,0
DA:1555,0
DA:1556,0
DA:1557,0
DA:1558,0
DA:1559,0
DA:1560,0
DA:1561,0
DA:1562,0
DA:1563,0
DA:1564,0
DA:1565,0
DA:1566,0
DA:1567,0
DA:1568,0
DA:1569,0
DA:1570,0
DA:1571,0
DA:1572,0
DA:1573,0
DA:1574,0
DA:1575,0
DA:1576,0
DA:1577,0
DA:1578,0
DA:1579,0
DA:1580,0
DA:1581,0
DA:1582,0
DA:1583,0
DA:1584,0
DA:1585,0
DA:1586,0
DA:1587,0
DA:1588,0
DA:1589,0
DA:1590,0
DA:1591,0
DA:1592,0
DA:1593,0
DA:1594,0
DA:1595,0
DA:1596,0
DA:1597,0
DA:1598,0
DA:1599,0
DA:1600,0
DA:1601,0
DA:1602,0
DA:1603,0
DA:1604,0
DA:1605,0
DA:1606,0
DA:1607,0
DA:1608,0
DA:1609,0
DA:1610,0
DA:1611,0
DA:1612,0
DA:1613,0
DA:1614,0
DA:1615,0
DA:1616,0
DA:1617,0
DA:1618,0
DA:1619,0
DA:1620,0
DA:1621,0
DA:1622,0
DA:1623,0
DA:1624,0
DA:1625,0
DA:1626,0
DA:1627,0
DA:1628,0
DA:1629,0
DA:1630,0
DA:1631,0
DA:1632,0
DA:1633,0
DA:1634,0
DA:1635,0
DA:1636,0
DA:1637,0
DA:1638,0
DA:1639,0
DA:1640,0
DA:1641,0
DA:1642,0
DA:1643,0
DA:1644,0
DA:1645,0
DA:1646,0
DA:1647,0
DA:1648,0
DA:1649,0
DA:1650,0
DA:1651,0
DA:1652,0
DA:1653,0
DA:1654,0
DA:1655,0
DA:1656,0
DA:1657,0
DA:1658,0
DA:1659,0
DA:1660,0
DA:1661,0
DA:1662,0
DA:1663,0
DA:1664,0
DA:1665,0
DA:1666,0
DA:1667,0
DA:1668,0
DA:1669,0
DA:1670,0
DA:1671,0
DA:1672,0
DA:1673,0
DA:1674,0
DA:1675,0
DA:1676,0
DA:1677,0
DA:1678,0
DA:1679,0
DA:1680,0
DA:1681,0
DA:1682,0
DA:1683,0
DA:1684,0
DA:1685,0
DA:1686,0
DA:1687,0
DA:1688,0
DA:1689,0
DA:1690,0
DA:1691,0
DA:1692,0
DA:1693,0
DA:1694,0
DA:1695,0
DA:1696,0
DA:1697,0
DA:1698,0
DA:1699,0
DA:1700,0
DA:1701,0
DA:1702,0
DA:1703,0
DA:1704,0
DA:1705,0
DA:1706,0
DA:1707,0
DA:1708,0
DA:1709,0
DA:1710,0
DA:1711,0
DA:1712,0
DA:1713,0
DA:1714,0
DA:1715,0
DA:1716,0
DA:1717,0
DA:1718,0
DA:1719,0
DA:1720,0
DA:1721,0
DA:1722,0
DA:1723,0
DA:1724,0
DA:1725,0
DA:1726,0
DA:1727,0
DA:1728,0
DA:1729,0
DA:1730,0
DA:1731,0
DA:1732,0
DA:1733,0
DA:1734,0
DA:1735,0
DA:1736,0
DA:1737,0
DA:1738,0
DA:1739,0
DA:1740,0
DA:1741,0
DA:1742,0
DA:1743,0
DA:1744,0
DA:1745,0
DA:1746,0
DA:1747,0
DA:1748,0
DA:1749,0
DA:1750,0
DA:1751,0
DA:1752,0
DA:1753,0
DA:1754,0
DA:1755,0
DA:1756,0
DA:1757,0
DA:1758,0
DA:1759,0
DA:1760,0
DA:1761,0
DA:1762,0
DA:1763,0
DA:1764,0
DA:1765,0
DA:1766,0
DA:1767,0
DA:1768,0
DA:1769,0
DA:1770,0
DA:1771,0
DA:1772,0
DA:1773,0
DA:1774,0
DA:1775,4
DA:1776,4
DA:1777,4
DA:1778,4
DA:1779,4
DA:1780,4
DA:1781,4
DA:1782,1
DA:1783,1
DA:1784,4
DA:1785,4
DA:1786,4
DA:1787,4
DA:1788,4
DA:1789,4
DA:1790,4
DA:1791,4
DA:1792,4
DA:1793,4
DA:1794,4
DA:1795,2
DA:1796,2
DA:1797,4
DA:1798,4
DA:1799,4
DA:1800,0
DA:1801,0
DA:1802,0
DA:1803,0
DA:1804,0
DA:1805,0
DA:1806,0
DA:1807,0
DA:1808,0
DA:1809,0
DA:1810,0
DA:1811,0
DA:1812,0
DA:1813,0
DA:1814,0
DA:1815,0
DA:1816,0
DA:1817,0
DA:1818,0
DA:1819,0
DA:1820,0
DA:1821,0
DA:1822,0
DA:1823,0
DA:1824,0
DA:1825,0
DA:1826,0
DA:1827,0
DA:1828,0
DA:1829,0
DA:1830,0
DA:1831,0
DA:1832,0
DA:1833,0
DA:1834,0
DA:1835,0
DA:1836,0
DA:1837,0
DA:1838,0
DA:1839,0
DA:1840,0
DA:1841,0
DA:1842,0
DA:1843,0
DA:1844,0
DA:1845,0
DA:1846,0
DA:1847,0
DA:1848,0
DA:1849,0
DA:1850,0
DA:1851,0
DA:1852,0
DA:1853,0
DA:1854,0
DA:1855,0
DA:1856,0
DA:1857,0
DA:1858,0
DA:1859,0
DA:1860,0
DA:1861,0
DA:1862,0
DA:1863,0
DA:1864,0
DA:1865,0
DA:1866,0
DA:1867,0
DA:1868,0
DA:1869,0
DA:1870,0
DA:1871,0
DA:1872,0
DA:1873,0
DA:1874,0
DA:1875,0
DA:1876,0
DA:1877,0
DA:1878,0
DA:1879,0
DA:1880,0
DA:1881,0
DA:1882,0
DA:1883,0
DA:1884,0
DA:1885,0
DA:1886,0
DA:1887,0
DA:1888,0
DA:1889,0
DA:1890,0
DA:1891,0
DA:1892,0
DA:1893,0
DA:1894,0
DA:1895,0
DA:1896,0
DA:1897,4
DA:1898,4
DA:1899,4
DA:1900,4
DA:1901,4
DA:1902,0
DA:1903,0
DA:1904,0
DA:1905,0
DA:1906,0
DA:1907,0
DA:1908,0
DA:1909,0
DA:1910,0
DA:1911,0
DA:1912,0
DA:1913,0
DA:1914,0
DA:1915,0
DA:1916,0
DA:1917,0
DA:1918,0
DA:1919,0
DA:1920,0
DA:1921,0
DA:1922,0
DA:1923,0
DA:1924,0
DA:1925,0
DA:1926,0
DA:1927,0
DA:1928,0
DA:1929,0
DA:1930,0
DA:1931,0
DA:1932,0
DA:1933,0
DA:1934,0
DA:1935,4
DA:1936,4
DA:1937,4
DA:1938,4
DA:1939,1
DA:1940,4
DA:1941,4
DA:1942,4
DA:1943,4
DA:1944,4
DA:1945,4
DA:1946,4
DA:1947,4
DA:1948,4
DA:1949,4
DA:1950,4
DA:1951,4
DA:1952,4
DA:1953,4
DA:1954,0
DA:1955,0
DA:1956,0
DA:1957,0
DA:1958,0
DA:1959,0
DA:1960,0
DA:1961,0
DA:1962,0
DA:1963,4
DA:1964,4
DA:1965,0
DA:1966,0
DA:1967,0
DA:1968,0
DA:1969,0
DA:1970,0
DA:1971,0
DA:1972,0
DA:1973,0
DA:1974,0
DA:1975,0
DA:1976,0
DA:1977,0
DA:1978,0
DA:1979,0
DA:1980,0
DA:1981,0
DA:1982,0
DA:1983,0
DA:1984,0
DA:1985,0
DA:1986,0
DA:1987,0
DA:1988,0
DA:1989,0
DA:1990,0
DA:1991,0
DA:1992,0
DA:1993,0
DA:1994,0
DA:1995,4
DA:1996,4
DA:1997,0
DA:1998,0
DA:1999,0
DA:2000,0
DA:2001,0
DA:2002,0
DA:2003,0
DA:2004,0
DA:2005,0
DA:2006,0
DA:2007,0
DA:2008,0
DA:2009,0
DA:2010,0
DA:2011,0
DA:2012,0
DA:2013,0
DA:2014,0
DA:2015,0
DA:2016,0
DA:2017,0
DA:2018,0
DA:2019,0
DA:2020,0
DA:2021,0
DA:2022,0
DA:2023,0
DA:2024,0
DA:2025,4
DA:2026,4
DA:2027,0
DA:2028,0
DA:2029,0
DA:2030,0
DA:2031,0
DA:2032,0
DA:2033,0
DA:2034,0
DA:2035,0
DA:2036,0
DA:2037,0
DA:2038,0
DA:2039,0
DA:2040,0
DA:2041,0
DA:2042,0
DA:2043,0
DA:2044,0
DA:2045,0
DA:2046,0
DA:2047,0
DA:2048,0
DA:2049,0
DA:2050,0
DA:2051,0
DA:2052,0
DA:2053,0
DA:2054,0
DA:2055,0
DA:2056,0
DA:2057,0
DA:2058,0
DA:2059,0
DA:2060,4
DA:2061,4
DA:2062,0
DA:2063,0
DA:2064,0
DA:2065,0
DA:2066,0
DA:2067,0
DA:2068,0
DA:2069,0
DA:2070,0
DA:2071,0
DA:2072,0
DA:2073,0
DA:2074,4
DA:2075,4
DA:2076,0
DA:2077,0
DA:2078,0
DA:2079,0
DA:2080,0
DA:2081,0
DA:2082,0
DA:2083,0
DA:2084,0
DA:2085,0
DA:2086,0
DA:2087,4
DA:2088,4
DA:2089,0
DA:2090,0
DA:2091,0
DA:2092,0
DA:2093,0
DA:2094,0
DA:2095,0
DA:2096,0
DA:2097,0
DA:2098,0
DA:2099,0
DA:2100,0
DA:2101,0
DA:2102,0
DA:2103,0
DA:2104,0
DA:2105,0
DA:2106,0
DA:2107,0
DA:2108,0
DA:2109,0
DA:2110,0
DA:2111,0
DA:2112,0
DA:2113,0
DA:2114,0
DA:2115,0
DA:2116,0
DA:2117,0
DA:2118,0
DA:2119,0
DA:2120,0
DA:2121,0
DA:2122,0
DA:2123,0
DA:2124,0
DA:2125,0
DA:2126,0
DA:2127,0
DA:2128,0
DA:2129,0
DA:2130,0
DA:2131,0
DA:2132,4
DA:2133,4
DA:2134,0
DA:2135,0
DA:2136,0
DA:2137,0
DA:2138,0
DA:2139,0
DA:2140,0
DA:2141,0
DA:2142,0
DA:2143,0
DA:2144,0
DA:2145,0
DA:2146,0
DA:2147,0
DA:2148,0
DA:2149,0
DA:2150,0
DA:2151,0
DA:2152,0
DA:2153,0
DA:2154,0
DA:2155,0
DA:2156,0
DA:2157,0
DA:2158,0
DA:2159,0
DA:2160,0
DA:2161,0
DA:2162,0
DA:2163,0
DA:2164,0
DA:2165,0
DA:2166,0
DA:2167,0
DA:2168,0
DA:2169,4
DA:2170,4
DA:2171,0
DA:2172,0
DA:2173,0
DA:2174,0
DA:2175,0
DA:2176,0
DA:2177,0
DA:2178,0
DA:2179,0
DA:2180,0
DA:2181,0
DA:2182,0
DA:2183,4
DA:2184,4
DA:2185,4
DA:2186,2
DA:2187,2
DA:2188,0
DA:2189,0
DA:2190,0
DA:2191,0
DA:2192,0
DA:2193,0
DA:2194,0
DA:2195,0
DA:2196,0
DA:2197,2
DA:2198,4
DA:2199,4
DA:2200,4
DA:2201,2
DA:2202,2
DA:2203,2
DA:2204,2
DA:2205,2
DA:2206,2
DA:2207,2
DA:2208,4
DA:2209,4
DA:2210,4
DA:2211,0
DA:2212,0
DA:2213,0
DA:2214,0
DA:2215,0
DA:2216,0
DA:2217,0
DA:2218,0
DA:2219,0
DA:2220,0
DA:2221,0
DA:2222,0
DA:2223,0
DA:2224,0
DA:2225,0
DA:2226,0
DA:2227,0
DA:2228,0
DA:2229,0
DA:2230,0
DA:2231,0
DA:2232,0
DA:2233,0
DA:2234,0
DA:2235,0
DA:2236,0
DA:2237,0
DA:2238,0
DA:2239,0
DA:2240,0
DA:2241,0
DA:2242,0
DA:2243,0
DA:2244,0
DA:2245,0
DA:2246,0
DA:2247,0
DA:2248,4
DA:2249,4
DA:2250,0
DA:2251,0
DA:2252,0
DA:2253,4
DA:2254,0
DA:2255,0
DA:2256,0
DA:2257,4
DA:2258,4
DA:2259,4
DA:2260,0
DA:2261,0
DA:2262,0
DA:2263,0
DA:2264,0
DA:2265,0
DA:2266,0
DA:2267,0
DA:2268,0
DA:2269,0
DA:2270,0
DA:2271,0
DA:2272,0
DA:2273,0
DA:2274,0
DA:2275,0
DA:2276,0
DA:2277,0
DA:2278,0
DA:2279,0
DA:2280,0
DA:2281,0
DA:2282,0
DA:2283,0
DA:2284,0
DA:2285,0
DA:2286,0
DA:2287,0
DA:2288,0
DA:2289,0
DA:2290,0
DA:2291,0
DA:2292,0
DA:2293,0
DA:2294,0
DA:2295,0
DA:2296,0
DA:2297,0
DA:2298,0
DA:2299,0
DA:2300,0
DA:2301,0
DA:2302,4
DA:2303,0
DA:2304,0
DA:2305,0
DA:2306,0
DA:2307,0
DA:2308,0
DA:2309,0
DA:2310,0
DA:2311,0
DA:2312,0
DA:2313,0
DA:2314,0
DA:2315,0
DA:2316,0
DA:2317,0
DA:2318,0
DA:2319,0
DA:2320,0
DA:2321,0
DA:2322,0
DA:2323,0
DA:2324,0
DA:2325,0
DA:2326,0
DA:2327,0
DA:2328,0
DA:2329,0
DA:2330,0
DA:2331,0
DA:2332,0
DA:2333,0
DA:2334,0
DA:2335,0
DA:2336,0
DA:2337,0
DA:2338,4
DA:2339,4
DA:2340,4
DA:2341,4
DA:2342,4
DA:2343,4
DA:2344,4
DA:2345,4
DA:2346,4
DA:2347,0
DA:2348,0
DA:2349,0
DA:2350,0
DA:2351,0
DA:2352,0
DA:2353,0
DA:2354,0
DA:2355,0
DA:2356,0
DA:2357,0
DA:2358,0
DA:2359,0
DA:2360,0
DA:2361,0
DA:2362,0
DA:2363,0
DA:2364,0
DA:2365,0
DA:2366,0
DA:2367,0
DA:2368,0
DA:2369,0
DA:2370,0
DA:2371,0
DA:2372,0
DA:2373,0
DA:2374,4
DA:2375,4
DA:2376,4
DA:2377,4
DA:2378,4
DA:2379,4
DA:2380,4
DA:2381,4
DA:2382,4
DA:2383,4
DA:2384,4
DA:2385,4
DA:2386,4
DA:2387,4
DA:2388,4
DA:2389,4
DA:2390,4
DA:2391,4
DA:2392,4
DA:2393,4
DA:2394,4
DA:2395,4
DA:2396,4
DA:2397,4
DA:2398,4
DA:2399,4
DA:2400,4
DA:2401,4
DA:2402,4
DA:2403,4
DA:2404,4
DA:2405,4
DA:2406,4
DA:2407,4
DA:2408,4
DA:2409,4
DA:2410,4
DA:2411,4
DA:2412,4
DA:2413,4
DA:2414,4
DA:2415,4
DA:2416,4
DA:2417,4
DA:2418,4
DA:2419,4
DA:2420,4
DA:2421,4
DA:2422,4
DA:2423,4
DA:2424,0
DA:2425,0
DA:2426,0
DA:2427,0
DA:2428,0
DA:2429,0
DA:2430,4
DA:2431,4
DA:2432,4
DA:2433,4
DA:2434,4
DA:2435,4
DA:2436,4
DA:2437,4
DA:2438,4
DA:2439,4
DA:2440,4
DA:2441,4
DA:2442,4
DA:2443,4
DA:2444,4
DA:2445,4
DA:2446,4
DA:2447,4
DA:2448,4
DA:2449,4
DA:2450,4
DA:2451,4
DA:2452,0
DA:2453,0
DA:2454,0
DA:2455,0
DA:2456,0
DA:2457,0
DA:2458,0
DA:2459,0
DA:2460,0
DA:2461,0
DA:2462,0
DA:2463,0
DA:2464,0
DA:2465,0
DA:2466,0
DA:2467,0
DA:2468,0
DA:2469,0
DA:2470,0
DA:2471,0
DA:2472,0
DA:2473,0
DA:2474,4
DA:2475,4
DA:2476,4
DA:2477,4
DA:2478,4
DA:2479,0
DA:2480,0
DA:2481,0
DA:2482,0
DA:2483,0
DA:2484,0
DA:2485,0
DA:2486,0
DA:2487,0
DA:2488,0
DA:2489,0
DA:2490,0
DA:2491,0
DA:2492,0
DA:2493,0
DA:2494,0
DA:2495,0
DA:2496,0
DA:2497,0
DA:2498,0
DA:2499,0
DA:2500,0
DA:2501,0
DA:2502,0
DA:2503,0
DA:2504,0
DA:2505,0
DA:2506,4
DA:2507,4
DA:2508,4
DA:2509,4
DA:2510,4
DA:2511,4
DA:2512,4
DA:2513,4
DA:2514,4
DA:2515,4
DA:2516,4
DA:2517,4
DA:2518,4
DA:2519,4
DA:2520,4
DA:2521,4
DA:2522,4
DA:2523,4
DA:2524,4
DA:2525,4
DA:2526,4
DA:2527,4
DA:2528,4
DA:2529,4
DA:2530,4
DA:2531,4
DA:2532,4
DA:2533,4
DA:2534,4
DA:2535,4
DA:2536,4
DA:2537,4
DA:2538,4
DA:2539,0
DA:2540,0
DA:2541,0
DA:2542,0
DA:2543,0
DA:2544,0
DA:2545,0
DA:2546,0
DA:2547,0
DA:2548,0
DA:2549,0
DA:2550,0
DA:2551,0
DA:2552,0
DA:2553,0
DA:2554,0
DA:2555,0
DA:2556,0
DA:2557,0
DA:2558,0
DA:2559,0
DA:2560,0
DA:2561,0
DA:2562,0
DA:2563,0
DA:2564,0
DA:2565,0
DA:2566,0
DA:2567,0
DA:2568,0
DA:2569,0
DA:2570,0
DA:2571,0
DA:2572,0
DA:2573,0
DA:2574,0
DA:2575,0
DA:2576,0
DA:2577,0
DA:2578,0
DA:2579,0
DA:2580,0
DA:2581,0
DA:2582,0
DA:2583,0
DA:2584,0
DA:2585,0
DA:2586,0
DA:2587,0
DA:2588,0
DA:2589,0
DA:2590,0
DA:2591,0
DA:2592,0
DA:2593,0
DA:2594,0
DA:2595,0
DA:2596,0
DA:2597,0
DA:2598,0
DA:2599,0
DA:2600,0
DA:2601,0
DA:2602,0
DA:2603,0
DA:2604,0
DA:2605,0
DA:2606,0
DA:2607,0
DA:2608,0
DA:2609,0
DA:2610,0
DA:2611,4
DA:2612,4
DA:2613,4
DA:2614,4
DA:2615,4
DA:2616,4
DA:2617,4
DA:2618,1
DA:2619,0
DA:2620,0
DA:2621,0
DA:2622,0
DA:2623,0
DA:2624,0
DA:2625,0
DA:2626,0
DA:2627,0
DA:2628,0
DA:2629,0
DA:2630,0
DA:2631,0
DA:2632,0
DA:2633,0
DA:2634,0
DA:2635,0
DA:2636,0
DA:2637,0
DA:2638,0
DA:2639,0
DA:2640,0
DA:2641,0
DA:2642,0
DA:2643,0
DA:2644,0
DA:2645,0
DA:2646,0
DA:2647,0
DA:2648,0
DA:2649,0
DA:2650,0
DA:2651,0
DA:2652,0
DA:2653,0
DA:2654,0
DA:2655,0
DA:2656,0
DA:2657,0
DA:2658,0
DA:2659,0
DA:2660,0
DA:2661,0
DA:2662,0
DA:2663,0
DA:2664,0
DA:2665,0
DA:2666,0
DA:2667,0
DA:2668,0
DA:2669,0
DA:2670,0
DA:2671,0
DA:2672,0
DA:2673,0
DA:2674,0
DA:2675,0
DA:2676,0
DA:2677,0
DA:2678,0
DA:2679,0
DA:2680,0
DA:2681,0
DA:2682,0
DA:2683,0
DA:2684,0
DA:2685,0
DA:2686,0
DA:2687,0
DA:2688,0
DA:2689,0
DA:2690,0
DA:2691,0
DA:2692,0
DA:2693,0
DA:2694,0
DA:2695,0
DA:2696,0
DA:2697,0
DA:2698,0
DA:2699,0
DA:2700,0
DA:2701,0
DA:2702,0
DA:2703,0
DA:2704,0
DA:2705,0
DA:2706,0
DA:2707,0
DA:2708,0
DA:2709,0
DA:2710,0
DA:2711,0
DA:2712,0
DA:2713,0
DA:2714,0
DA:2715,0
DA:2716,0
DA:2717,0
DA:2718,0
DA:2719,0
DA:2720,0
DA:2721,0
DA:2722,0
DA:2723,0
DA:2724,0
DA:2725,0
DA:2726,0
DA:2727,0
DA:2728,0
DA:2729,0
DA:2730,0
DA:2731,0
DA:2732,0
DA:2733,0
DA:2734,0
DA:2735,0
DA:2736,0
DA:2737,0
DA:2738,0
DA:2739,0
DA:2740,0
DA:2741,0
DA:2742,0
DA:2743,0
DA:2744,0
DA:2745,0
DA:2746,1
DA:2747,4
DA:2748,4
DA:2749,4
DA:2750,4
DA:2751,4
DA:2752,4
DA:2753,4
DA:2754,4
DA:2755,4
DA:2756,4
DA:2757,4
DA:2758,4
DA:2759,4
DA:2760,4
DA:2761,0
DA:2762,0
DA:2763,0
DA:2764,0
DA:2765,0
DA:2766,0
DA:2767,0
DA:2768,0
DA:2769,0
DA:2770,0
DA:2771,0
DA:2772,0
DA:2773,0
DA:2774,0
DA:2775,0
DA:2776,0
DA:2777,0
DA:2778,0
DA:2779,0
DA:2780,0
DA:2781,0
DA:2782,0
DA:2783,0
DA:2784,0
DA:2785,0
DA:2786,0
DA:2787,0
DA:2788,0
DA:2789,0
DA:2790,0
DA:2791,0
DA:2792,0
DA:2793,0
DA:2794,0
DA:2795,0
DA:2796,0
DA:2797,0
DA:2798,0
DA:2799,0
DA:2800,0
DA:2801,0
DA:2802,0
DA:2803,4
DA:2804,4
DA:2805,4
DA:2806,4
DA:2807,4
DA:2808,4
DA:2809,4
DA:2810,4
DA:2811,4
DA:2812,4
DA:2813,4
DA:2814,4
DA:2815,4
DA:2816,4
DA:2817,4
DA:2818,4
DA:2819,0
DA:2820,0
DA:2821,0
DA:2822,0
DA:2823,4
DA:2824,4
DA:2825,4
DA:2826,4
DA:2827,4
DA:2828,0
DA:2829,0
DA:2830,0
DA:2831,0
DA:2832,0
DA:2833,0
DA:2834,0
DA:2835,0
DA:2836,0
DA:2837,0
DA:2838,0
DA:2839,0
DA:2840,0
DA:2841,0
DA:2842,0
DA:2843,4
DA:2844,4
DA:2845,4
DA:2846,4
DA:2847,4
DA:2848,4
DA:2849,0
DA:2850,0
DA:2851,0
DA:2852,4
DA:2853,4
DA:2854,4
DA:2855,4
DA:2856,4
DA:2857,4
DA:2858,0
DA:2859,0
DA:2860,4
DA:2861,4
DA:2862,0
DA:2863,0
DA:2864,0
DA:2865,0
DA:2866,0
DA:2867,4
DA:2868,4
DA:2869,0
DA:2870,0
DA:2871,0
DA:2872,0
DA:2873,0
DA:2874,0
DA:2875,0
DA:2876,0
DA:2877,0
DA:2878,0
DA:2879,0
DA:2880,0
DA:2881,0
DA:2882,0
DA:2883,0
DA:2884,0
DA:2885,0
DA:2886,0
DA:2887,0
DA:2888,0
DA:2889,0
DA:2890,0
DA:2891,0
DA:2892,0
DA:2893,0
DA:2894,0
DA:2895,0
DA:2896,0
DA:2897,0
DA:2898,0
DA:2899,4
DA:2900,4
DA:2901,0
DA:2902,0
DA:2903,0
DA:2904,0
DA:2905,0
DA:2906,0
DA:2907,0
DA:2908,0
DA:2909,0
DA:2910,4
DA:2911,4
DA:2912,4
DA:2913,4
DA:2914,0
DA:2915,0
DA:2916,0
DA:2917,0
DA:2918,0
DA:2919,0
DA:2920,0
DA:2921,0
DA:2922,0
DA:2923,4
DA:2924,4
DA:2925,4
DA:2926,4
DA:2927,4
DA:2928,4
DA:2929,4
DA:2930,12
DA:2931,12
DA:2932,12
DA:2933,68
DA:2934,68
DA:2935,68
DA:2936,68
DA:2937,12
DA:2938,12
DA:2939,4
DA:2940,4
DA:2941,4
DA:2942,4
DA:2943,4
DA:2944,4
DA:2945,4
DA:2946,4
DA:2947,4
DA:2948,0
DA:2949,0
DA:2950,0
DA:2951,0
DA:2952,0
DA:2953,4
DA:2954,4
DA:2955,4
DA:2956,4
DA:2957,4
DA:2958,4
DA:2959,4
DA:2960,4
DA:2961,4
DA:2962,4
DA:2963,4
DA:2964,0
DA:2965,0
DA:2966,0
DA:2967,0
DA:2968,0
DA:2969,4
DA:2970,4
DA:2971,4
DA:2972,4
DA:2973,4
DA:2974,4
DA:2975,4
DA:2976,4
DA:2977,4
DA:2978,4
DA:2979,4
DA:2980,0
DA:2981,0
DA:2982,4
DA:2983,4
DA:2984,4
DA:2985,4
DA:2986,4
DA:2987,4
DA:2988,4
DA:2989,4
DA:2990,4
DA:2991,4
DA:2992,4
DA:2993,4
DA:2994,4
DA:2995,4
DA:2996,4
DA:2997,4
DA:2998,4
DA:2999,4
DA:3000,4
DA:3001,4
DA:3002,4
DA:3003,4
DA:3004,4
DA:3005,1
DA:3006,4
DA:3007,4
DA:3008,4
DA:3009,4
DA:3010,0
DA:3011,0
DA:3012,0
DA:3013,0
DA:3014,0
DA:3015,0
DA:3016,0
DA:3017,0
DA:3018,0
DA:3019,0
DA:3020,0
DA:3021,0
DA:3022,0
DA:3023,0
DA:3024,0
DA:3025,0
DA:3026,0
DA:3027,0
DA:3028,0
DA:3029,0
DA:3030,0
DA:3031,0
DA:3032,0
DA:3033,0
DA:3034,0
DA:3035,0
DA:3036,0
DA:3037,0
DA:3038,0
DA:3039,0
DA:3040,0
DA:3041,0
DA:3042,0
DA:3043,0
DA:3044,0
DA:3045,0
DA:3046,0
DA:3047,0
DA:3048,0
DA:3049,0
DA:3050,4
DA:3051,4
DA:3052,4
DA:3053,0
DA:3054,0
DA:3055,0
DA:3056,0
DA:3057,0
DA:3058,0
DA:3059,4
DA:3060,4
DA:3061,4
DA:3062,4
DA:3063,4
DA:3064,4
DA:3065,4
DA:3066,1
DA:3067,2
DA:3068,2
DA:3069,2
DA:3070,0
DA:3071,0
DA:3072,0
DA:3073,0
DA:3074,0
DA:3075,0
DA:3076,2
DA:3077,2
DA:3078,0
DA:3079,0
DA:3080,0
DA:3081,0
DA:3082,0
DA:3083,0
DA:3084,0
DA:3085,0
DA:3086,0
DA:3087,0
DA:3088,0
DA:3089,0
DA:3090,0
DA:3091,0
DA:3092,0
DA:3093,0
DA:3094,0
DA:3095,0
DA:3096,0
DA:3097,0
DA:3098,0
DA:3099,0
DA:3100,0
DA:3101,0
DA:3102,0
DA:3103,0
DA:3104,0
DA:3105,0
DA:3106,0
DA:3107,0
DA:3108,0
DA:3109,0
DA:3110,0
DA:3111,0
DA:3112,0
DA:3113,0
DA:3114,0
DA:3115,0
DA:3116,0
DA:3117,0
DA:3118,0
DA:3119,0
DA:3120,0
DA:3121,0
DA:3122,0
DA:3123,0
DA:3124,0
DA:3125,0
DA:3126,0
DA:3127,0
DA:3128,0
DA:3129,0
DA:3130,0
DA:3131,0
DA:3132,0
DA:3133,0
DA:3134,0
DA:3135,0
DA:3136,0
DA:3137,0
DA:3138,0
DA:3139,0
DA:3140,0
DA:3141,0
DA:3142,0
DA:3143,0
DA:3144,0
DA:3145,0
DA:3146,0
DA:3147,0
DA:3148,0
DA:3149,0
DA:3150,0
DA:3151,0
DA:3152,0
DA:3153,0
DA:3154,0
DA:3155,0
DA:3156,0
DA:3157,0
DA:3158,0
DA:3159,0
DA:3160,0
DA:3161,0
DA:3162,0
DA:3163,0
DA:3164,0
DA:3165,0
DA:3166,0
DA:3167,0
DA:3168,0
DA:3169,0
DA:3170,0
DA:3171,0
DA:3172,0
DA:3173,0
DA:3174,0
DA:3175,0
DA:3176,0
DA:3177,0
DA:3178,0
DA:3179,0
DA:3180,0
DA:3181,0
DA:3182,0
DA:3183,0
DA:3184,0
DA:3185,0
DA:3186,0
DA:3187,0
DA:3188,0
DA:3189,0
DA:3190,0
DA:3191,0
DA:3192,0
DA:3193,0
DA:3194,0
DA:3195,0
DA:3196,0
DA:3197,0
DA:3198,0
DA:3199,0
DA:3200,0
DA:3201,0
DA:3202,0
DA:3203,0
DA:3204,0
DA:3205,0
DA:3206,0
DA:3207,0
DA:3208,0
DA:3209,0
DA:3210,0
DA:3211,0
DA:3212,0
DA:3213,0
DA:3214,0
DA:3215,0
DA:3216,0
DA:3217,0
DA:3218,0
DA:3219,0
DA:3220,0
DA:3221,0
DA:3222,0
DA:3223,0
DA:3224,0
DA:3225,0
DA:3226,0
DA:3227,0
DA:3228,0
DA:3229,0
DA:3230,0
DA:3231,0
DA:3232,0
DA:3233,0
DA:3234,0
DA:3235,0
DA:3236,0
DA:3237,0
DA:3238,0
DA:3239,0
DA:3240,0
DA:3241,0
DA:3242,0
DA:3243,0
DA:3244,0
DA:3245,0
DA:3246,0
DA:3247,0
DA:3248,0
DA:3249,0
DA:3250,0
DA:3251,0
DA:3252,0
DA:3253,0
DA:3254,0
DA:3255,0
DA:3256,0
DA:3257,0
DA:3258,0
DA:3259,0
DA:3260,0
DA:3261,0
DA:3262,0
DA:3263,0
DA:3264,0
DA:3265,0
DA:3266,0
DA:3267,0
DA:3268,0
DA:3269,0
DA:3270,0
DA:3271,0
DA:3272,0
DA:3273,0
DA:3274,0
DA:3275,0
DA:3276,0
DA:3277,0
DA:3278,0
DA:3279,0
DA:3280,0
DA:3281,0
DA:3282,0
DA:3283,0
DA:3284,0
DA:3285,0
DA:3286,0
DA:3287,0
DA:3288,0
DA:3289,0
DA:3290,0
DA:3291,0
DA:3292,0
DA:3293,0
DA:3294,0
DA:3295,0
DA:3296,0
DA:3297,0
DA:3298,0
DA:3299,0
DA:3300,0
DA:3301,0
DA:3302,0
DA:3303,0
DA:3304,0
DA:3305,0
DA:3306,0
DA:3307,0
DA:3308,0
DA:3309,0
DA:3310,0
DA:3311,0
DA:3312,0
DA:3313,0
DA:3314,0
DA:3315,0
DA:3316,0
DA:3317,0
DA:3318,0
DA:3319,0
DA:3320,0
DA:3321,0
DA:3322,0
DA:3323,0
DA:3324,0
DA:3325,0
DA:3326,0
DA:3327,0
DA:3328,0
DA:3329,0
DA:3330,0
DA:3331,0
DA:3332,0
DA:3333,0
DA:3334,0
DA:3335,0
DA:3336,0
DA:3337,0
DA:3338,0
DA:3339,0
DA:3340,0
DA:3341,0
DA:3342,0
DA:3343,0
DA:3344,0
DA:3345,0
DA:3346,0
DA:3347,0
DA:3348,0
DA:3349,0
DA:3350,0
DA:3351,0
DA:3352,0
DA:3353,0
DA:3354,0
DA:3355,0
DA:3356,0
DA:3357,0
DA:3358,0
DA:3359,0
DA:3360,0
DA:3361,0
DA:3362,0
DA:3363,0
DA:3364,0
DA:3365,0
DA:3366,0
DA:3367,0
DA:3368,0
DA:3369,0
DA:3370,0
DA:3371,0
DA:3372,0
DA:3373,0
DA:3374,0
DA:3375,0
DA:3376,0
DA:3377,0
DA:3378,0
DA:3379,0
DA:3380,0
DA:3381,0
DA:3382,0
DA:3383,0
DA:3384,0
DA:3385,0
DA:3386,0
DA:3387,0
DA:3388,0
DA:3389,0
DA:3390,0
DA:3391,0
DA:3392,0
DA:3393,0
DA:3394,0
DA:3395,0
DA:3396,0
DA:3397,0
DA:3398,0
DA:3399,0
DA:3400,0
DA:3401,0
DA:3402,0
DA:3403,0
DA:3404,0
DA:3405,0
DA:3406,0
DA:3407,0
DA:3408,0
DA:3409,0
DA:3410,0
DA:3411,0
DA:3412,0
DA:3413,0
DA:3414,0
DA:3415,0
DA:3416,0
DA:3417,0
DA:3418,0
DA:3419,0
DA:3420,0
DA:3421,0
DA:3422,0
DA:3423,0
DA:3424,0
DA:3425,0
DA:3426,0
DA:3427,0
DA:3428,0
DA:3429,0
DA:3430,0
DA:3431,0
DA:3432,0
DA:3433,0
DA:3434,0
DA:3435,0
DA:3436,0
DA:3437,0
DA:3438,0
DA:3439,0
DA:3440,0
DA:3441,0
DA:3442,0
DA:3443,0
DA:3444,0
DA:3445,0
DA:3446,0
DA:3447,0
DA:3448,0
DA:3449,0
DA:3450,0
DA:3451,0
DA:3452,0
DA:3453,0
DA:3454,0
DA:3455,0
DA:3456,0
DA:3457,0
DA:3458,0
DA:3459,0
DA:3460,0
DA:3461,0
DA:3462,0
DA:3463,0
DA:3464,0
DA:3465,0
DA:3466,0
DA:3467,0
DA:3468,0
DA:3469,0
DA:3470,0
DA:3471,0
DA:3472,0
DA:3473,0
DA:3474,0
DA:3475,0
DA:3476,0
DA:3477,0
DA:3478,0
DA:3479,0
DA:3480,0
DA:3481,0
DA:3482,0
DA:3483,0
DA:3484,0
DA:3485,0
DA:3486,0
DA:3487,0
DA:3488,0
DA:3489,0
DA:3490,0
DA:3491,0
DA:3492,0
DA:3493,0
LF:3493
LH:1212
BRDA:15,0,0,2
BRDA:290,1,0,0
BRDA:316,2,0,0
BRDA:319,3,0,0
BRDA:336,4,0,0
BRDA:336,5,0,0
BRDA:343,6,0,0
BRDA:355,7,0,0
BRDA:389,8,0,0
BRDA:392,9,0,0
BRDA:411,10,0,0
BRDA:414,11,0,0
BRDA:415,12,0,0
BRDA:416,13,0,0
BRDA:431,14,0,0
BRDA:434,15,0,0
BRDA:435,16,0,0
BRDA:436,17,0,0
BRDA:451,18,0,0
BRDA:454,19,0,0
BRDA:455,20,0,0
BRDA:456,21,0,0
BRDA:472,22,0,0
BRDA:475,23,0,0
BRDA:476,24,0,0
BRDA:477,25,0,0
BRDA:485,26,0,0
BRDA:486,27,0,0
BRDA:502,28,0,0
BRDA:505,29,0,0
BRDA:505,30,0,0
BRDA:505,31,0,0
BRDA:506,32,0,0
BRDA:507,33,0,0
BRDA:87,34,0,10
BRDA:161,35,0,2
BRDA:164,36,0,1
BRDA:164,37,0,1
BRDA:165,38,0,0
BRDA:169,39,0,2
BRDA:170,40,0,0
BRDA:172,41,0,2
BRDA:175,42,0,0
BRDA:174,43,0,12
BRDA:183,44,0,12
BRDA:184,45,0,2
BRDA:188,46,0,2
BRDA:190,47,0,2
BRDA:190,48,0,0
BRDA:190,49,0,0
BRDA:201,50,0,2
BRDA:203,51,0,0
BRDA:204,52,0,0
BRDA:205,53,0,0
BRDA:208,54,0,0
BRDA:209,55,0,0
BRDA:223,56,0,0
BRDA:205,57,0,2
BRDA:267,58,0,12
BRDA:271,59,0,2
BRDA:271,60,0,10
BRDA:274,61,0,2
BRDA:275,62,0,10
BRDA:279,63,0,10
BRDA:279,64,0,2
BRDA:335,65,0,10
BRDA:343,66,0,8
BRDA:350,67,0,16
BRDA:350,68,0,0
BRDA:364,69,0,14
BRDA:518,70,0,12
BRDA:567,71,0,0
BRDA:519,72,0,12
BRDA:521,73,0,2
BRDA:530,74,0,2
BRDA:536,75,0,2
BRDA:542,76,0,2
BRDA:547,77,0,2
BRDA:555,78,0,2
BRDA:562,79,0,0
BRDA:572,80,0,46
BRDA:580,81,0,48
BRDA:583,82,0,0
BRDA:585,83,0,24
BRDA:585,84,0,24
BRDA:590,85,0,0
BRDA:596,86,0,4
BRDA:770,87,0,4
BRDA:771,88,0,0
BRDA:771,89,0,0
BRDA:805,90,0,50
BRDA:814,91,0,16
BRDA:819,92,0,88
BRDA:825,93,0,2
BRDA:834,94,0,4
BRDA:837,95,0,0
BRDA:838,96,0,0
BRDA:839,97,0,0
BRDA:840,98,0,0
BRDA:841,99,0,0
BRDA:892,100,0,0
BRDA:839,101,0,4
BRDA:858,102,0,76
BRDA:863,103,0,0
BRDA:865,104,0,0
BRDA:903,105,0,4
BRDA:905,106,0,0
BRDA:907,107,0,0
BRDA:917,108,0,0
BRDA:917,109,0,0
BRDA:918,110,0,0
BRDA:927,111,0,0
BRDA:928,112,0,0
BRDA:937,113,0,0
BRDA:946,114,0,0
BRDA:957,115,0,0
BRDA:960,116,0,0
BRDA:966,117,0,0
BRDA:971,118,0,0
BRDA:973,119,0,0
BRDA:973,120,0,0
BRDA:979,121,0,0
BRDA:981,122,0,0
BRDA:981,123,0,0
BRDA:987,124,0,0
BRDA:989,125,0,0
BRDA:994,126,0,4
BRDA:1010,127,0,0
BRDA:1010,128,0,0
BRDA:997,129,0,2
BRDA:998,130,0,2
BRDA:1002,131,0,0
BRDA:1003,132,0,0
BRDA:1044,133,0,6
BRDA:1187,134,0,0
BRDA:1211,135,0,0
BRDA:1222,136,0,0
BRDA:1223,137,0,0
BRDA:1224,138,0,0
BRDA:1227,139,0,0
BRDA:1227,140,0,0
BRDA:1228,141,0,0
BRDA:1232,142,0,0
BRDA:1056,143,0,2
BRDA:1057,144,0,2
BRDA:1058,145,0,0
BRDA:1058,146,0,0
BRDA:1061,147,0,0
BRDA:1061,148,0,0
BRDA:1062,149,0,0
BRDA:1062,150,0,0
BRDA:1063,151,0,0
BRDA:1063,152,0,0
BRDA:1063,153,0,0
BRDA:1065,154,0,0
BRDA:1118,155,0,2
BRDA:1120,156,0,0
BRDA:1396,157,0,4
BRDA:1447,158,0,4
BRDA:1473,159,0,4
BRDA:1777,160,0,0
BRDA:1777,161,0,0
BRDA:1784,162,0,4
BRDA:1901,163,0,0
BRDA:1794,164,0,2
BRDA:1795,165,0,0
BRDA:1796,166,0,0
BRDA:1796,167,0,0
BRDA:1940,168,0,4
BRDA:2416,169,0,0
BRDA:2438,170,0,0
BRDA:2439,171,0,0
BRDA:2451,172,0,0
BRDA:2478,173,0,0
BRDA:2185,174,0,2
BRDA:2186,175,0,0
BRDA:2200,176,0,2
BRDA:2201,177,0,0
BRDA:2340,178,0,4
BRDA:2341,179,0,0
BRDA:2344,180,0,0
BRDA:2344,181,0,0
BRDA:2346,182,0,0
BRDA:2747,183,0,4
BRDA:2853,184,0,0
BRDA:2823,185,0,24
BRDA:2929,186,0,12
BRDA:2932,187,0,68
BRDA:3006,188,0,4
BRDA:3009,189,0,0
BRDA:3050,190,0,4
BRDA:3067,191,0,2
BRDA:3077,192,0,0
BRDA:3068,193,0,2
BRDA:3069,194,0,0
BRDA:3069,195,0,0
BRF:196
BRH:71
end_of_record
TN:
SF:src/components/SpanDiagram.jsx
FN:6,SpanDiagram
FNF:1
FNH:0
FNDA:0,SpanDiagram
DA:1,1
DA:2,1
DA:3,1
DA:4,1
DA:5,1
DA:6,0
DA:7,0
DA:8,0
DA:9,0
DA:10,0
DA:11,0
DA:12,0
DA:13,0
DA:14,0
DA:15,0
DA:16,0
DA:17,0
DA:18,0
DA:19,0
DA:20,0
DA:21,0
DA:22,0
DA:23,0
DA:24,0
DA:25,0
DA:26,0
DA:27,0
DA:28,0
DA:29,0
DA:30,0
DA:31,0
DA:32,0
DA:33,0
DA:34,0
DA:35,0
DA:36,0
DA:37,0
DA:38,0
DA:39,0
DA:40,0
DA:41,0
DA:42,0
DA:43,0
DA:44,0
DA:45,0
DA:46,0
DA:47,0
DA:48,0
DA:49,0
DA:50,0
DA:51,0
DA:52,0
DA:53,0
DA:54,0
DA:55,0
DA:56,0
DA:57,0
DA:58,0
DA:59,0
DA:60,0
DA:61,1
DA:62,1
DA:63,1
DA:64,1
DA:65,1
DA:66,1
DA:67,1
DA:68,1
DA:69,1
DA:70,1
DA:71,1
DA:72,1
DA:73,1
DA:74,1
LF:74
LH:19
BRF:0
BRH:0
end_of_record
TN:
SF:src/components/SpansEditor.jsx
FN:7,SegmentEditor
FN:67,SpansEditor
FN:74,onEnvChange
FN:114,midpoint
FN:129,inferEndpointsForSpan
FN:179,getSpanMeta
FN:269,isRowVisible
FN:276,runCalc
FN:358,saveOnly
FN:433,onChange
FN:438,onChange
FN:444,onChange
FN:448,onChange
FN:452,onChange
FN:456,onChange
FN:465,onChange
FN:471,onClick
FN:508,onClick
FN:513,onClick
FN:528,onClick
FN:535,onClick
FN:543,onClick
FN:557,onClick
FNF:23
FNH:1
FNDA:0,SegmentEditor
FNDA:4,SpansEditor
FNDA:0,onEnvChange
FNDA:0,midpoint
FNDA:0,inferEndpointsForSpan
FNDA:0,getSpanMeta
FNDA:0,isRowVisible
FNDA:0,runCalc
FNDA:0,saveOnly
FNDA:0,onChange
FNDA:0,onChange
FNDA:0,onChange
FNDA:0,onChange
FNDA:0,onChange
FNDA:0,onChange
FNDA:0,onChange
FNDA:0,onClick
FNDA:0,onClick
FNDA:0,onClick
FNDA:0,onClick
FNDA:0,onClick
FNDA:0,onClick
FNDA:0,onClick
DA:1,1
DA:2,1
DA:3,1
DA:4,1
DA:5,1
DA:6,1
DA:7,0
DA:8,0
DA:9,0
DA:10,0
DA:11,0
DA:12,0
DA:13,0
DA:14,0
DA:15,0
DA:16,0
DA:17,0
DA:18,0
DA:19,0
DA:20,0
DA:21,0
DA:22,0
DA:23,0
DA:24,0
DA:25,0
DA:26,0
DA:27,0
DA:28,0
DA:29,0
DA:30,0
DA:31,0
DA:32,0
DA:33,0
DA:34,0
DA:35,0
DA:36,0
DA:37,0
DA:38,0
DA:39,0
DA:40,0
DA:41,0
DA:42,0
DA:43,0
DA:44,0
DA:45,0
DA:46,0
DA:47,0
DA:48,0
DA:49,0
DA:50,0
DA:51,0
DA:52,0
DA:53,0
DA:54,0
DA:55,0
DA:56,0
DA:57,0
DA:58,0
DA:59,0
DA:60,0
DA:61,1
DA:62,1
DA:63,1
DA:64,1
DA:65,1
DA:66,1
DA:67,4
DA:68,4
DA:69,4
DA:70,4
DA:71,4
DA:72,4
DA:73,4
DA:74,4
DA:75,0
DA:76,0
DA:77,4
DA:78,4
DA:79,4
DA:80,0
DA:81,0
DA:82,0
DA:83,0
DA:84,4
DA:85,4
DA:86,4
DA:87,4
DA:88,4
DA:89,4
DA:90,0
DA:91,0
DA:92,0
DA:93,0
DA:94,0
DA:95,0
DA:96,0
DA:97,0
DA:98,4
DA:99,4
DA:100,0
DA:101,0
DA:102,0
DA:103,4
DA:104,4
DA:105,0
DA:106,0
DA:107,0
DA:108,0
DA:109,0
DA:110,0
DA:111,0
DA:112,0
DA:113,4
DA:114,4
DA:115,0
DA:116,0
DA:117,0
DA:118,4
DA:119,0
DA:120,0
DA:121,0
DA:122,0
DA:123,0
DA:124,0
DA:125,0
DA:126,0
DA:127,0
DA:128,4
DA:129,4
DA:130,0
DA:131,0
DA:132,0
DA:133,0
DA:134,0
DA:135,0
DA:136,0
DA:137,0
DA:138,0
DA:139,0
DA:140,0
DA:141,0
DA:142,0
DA:143,0
DA:144,0
DA:145,0
DA:146,0
DA:147,0
DA:148,0
DA:149,0
DA:150,0
DA:151,0
DA:152,0
DA:153,0
DA:154,0
DA:155,0
DA:156,0
DA:157,0
DA:158,0
DA:159,0
DA:160,0
DA:161,0
DA:162,0
DA:163,0
DA:164,0
DA:165,0
DA:166,0
DA:167,0
DA:168,0
DA:169,0
DA:170,0
DA:171,0
DA:172,0
DA:173,0
DA:174,4
DA:175,4
DA:176,4
DA:177,4
DA:178,2
DA:179,2
DA:180,0
DA:181,0
DA:182,0
DA:183,0
DA:184,0
DA:185,0
DA:186,0
DA:187,0
DA:188,0
DA:189,0
DA:190,0
DA:191,0
DA:192,0
DA:193,0
DA:194,0
DA:195,0
DA:196,0
DA:197,0
DA:198,0
DA:199,0
DA:200,0
DA:201,0
DA:202,0
DA:203,0
DA:204,0
DA:205,0
DA:206,0
DA:207,0
DA:208,0
DA:209,0
DA:210,0
DA:211,0
DA:212,0
DA:213,0
DA:214,0
DA:215,0
DA:216,0
DA:217,0
DA:218,0
DA:219,0
DA:220,0
DA:221,0
DA:222,2
DA:223,2
DA:224,2
DA:225,2
DA:226,2
DA:227,2
DA:228,2
DA:229,2
DA:230,2
DA:231,2
DA:232,2
DA:233,2
DA:234,2
DA:235,2
DA:236,2
DA:237,2
DA:238,2
DA:239,2
DA:240,4
DA:241,4
DA:242,4
DA:243,4
DA:244,4
DA:245,4
DA:246,4
DA:247,4
DA:248,4
DA:249,4
DA:250,4
DA:251,4
DA:252,4
DA:253,4
DA:254,4
DA:255,4
DA:256,4
DA:257,4
DA:258,4
DA:259,4
DA:260,4
DA:261,4
DA:262,4
DA:263,4
DA:264,4
DA:265,4
DA:266,4
DA:267,4
DA:268,4
DA:269,4
DA:270,0
DA:271,0
DA:272,0
DA:273,0
DA:274,0
DA:275,4
DA:276,4
DA:277,0
DA:278,0
DA:279,0
DA:280,0
DA:281,0
DA:282,0
DA:283,0
DA:284,0
DA:285,0
DA:286,0
DA:287,0
DA:288,0
DA:289,0
DA:290,0
DA:291,0
DA:292,0
DA:293,0
DA:294,0
DA:295,0
DA:296,0
DA:297,0
DA:298,0
DA:299,0
DA:300,0
DA:301,0
DA:302,0
DA:303,0
DA:304,0
DA:305,0
DA:306,0
DA:307,0
DA:308,0
DA:309,0
DA:310,0
DA:311,0
DA:312,0
DA:313,0
DA:314,0
DA:315,0
DA:316,0
DA:317,0
DA:318,0
DA:319,0
DA:320,0
DA:321,0
DA:322,0
DA:323,0
DA:324,0
DA:325,0
DA:326,0
DA:327,0
DA:328,0
DA:329,0
DA:330,0
DA:331,0
DA:332,0
DA:333,0
DA:334,0
DA:335,0
DA:336,0
DA:337,0
DA:338,0
DA:339,0
DA:340,0
DA:341,0
DA:342,0
DA:343,0
DA:344,0
DA:345,0
DA:346,0
DA:347,0
DA:348,0
DA:349,0
DA:350,0
DA:351,0
DA:352,0
DA:353,0
DA:354,0
DA:355,0
DA:356,0
DA:357,4
DA:358,4
DA:359,0
DA:360,0
DA:361,0
DA:362,0
DA:363,0
DA:364,0
DA:365,0
DA:366,0
DA:367,0
DA:368,0
DA:369,0
DA:370,0
DA:371,0
DA:372,0
DA:373,0
DA:374,0
DA:375,0
DA:376,0
DA:377,0
DA:378,0
DA:379,0
DA:380,0
DA:381,0
DA:382,0
DA:383,0
DA:384,0
DA:385,0
DA:386,0
DA:387,0
DA:388,0
DA:389,0
DA:390,0
DA:391,0
DA:392,0
DA:393,0
DA:394,0
DA:395,0
DA:396,0
DA:397,0
DA:398,0
DA:399,0
DA:400,0
DA:401,0
DA:402,0
DA:403,0
DA:404,0
DA:405,4
DA:406,4
DA:407,0
DA:408,0
DA:409,0
DA:410,0
DA:411,0
DA:412,0
DA:413,0
DA:414,0
DA:415,0
DA:416,0
DA:417,0
DA:418,0
DA:419,0
DA:420,0
DA:421,0
DA:422,0
DA:423,0
DA:424,0
DA:425,0
DA:426,0
DA:427,0
DA:428,0
DA:429,0
DA:430,0
DA:431,0
DA:432,0
DA:433,0
DA:434,0
DA:435,0
DA:436,0
DA:437,0
DA:438,0
DA:439,0
DA:440,0
DA:441,0
DA:442,0
DA:443,0
DA:444,0
DA:445,0
DA:446,0
DA:447,0
DA:448,0
DA:449,0
DA:450,0
DA:451,0
DA:452,0
DA:453,0
DA:454,0
DA:455,0
DA:456,0
DA:457,0
DA:458,0
DA:459,0
DA:460,0
DA:461,0
DA:462,0
DA:463,0
DA:464,0
DA:465,0
DA:466,0
DA:467,0
DA:468,0
DA:469,0
DA:470,0
DA:471,0
DA:472,0
DA:473,0
DA:474,0
DA:475,0
DA:476,0
DA:477,0
DA:478,0
DA:479,0
DA:480,0
DA:481,0
DA:482,0
DA:483,0
DA:484,0
DA:485,0
DA:486,0
DA:487,0
DA:488,0
DA:489,0
DA:490,0
DA:491,0
DA:492,0
DA:493,0
DA:494,0
DA:495,0
DA:496,0
DA:497,0
DA:498,0
DA:499,0
DA:500,0
DA:501,0
DA:502,0
DA:503,0
DA:504,0
DA:505,0
DA:506,0
DA:507,0
DA:508,0
DA:509,0
DA:510,0
DA:511,0
DA:512,0
DA:513,0
DA:514,0
DA:515,0
DA:516,0
DA:517,0
DA:518,0
DA:519,0
DA:520,0
DA:521,0
DA:522,0
DA:523,0
DA:524,0
DA:525,0
DA:526,0
DA:527,0
DA:528,0
DA:529,0
DA:530,0
DA:531,0
DA:532,0
DA:533,0
DA:534,0
DA:535,0
DA:536,0
DA:537,0
DA:538,0
DA:539,0
DA:540,0
DA:541,0
DA:542,0
DA:543,0
DA:544,0
DA:545,0
DA:546,0
DA:547,0
DA:548,0
DA:549,0
DA:550,0
DA:551,0
DA:552,0
DA:553,0
DA:554,0
DA:555,0
DA:556,0
DA:557,0
DA:558,0
DA:559,0
DA:560,0
DA:561,0
DA:562,0
DA:563,0
DA:564,0
DA:565,0
DA:566,0
DA:567,0
DA:568,0
DA:569,0
DA:570,0
DA:571,0
DA:572,0
DA:573,0
DA:574,0
DA:575,0
DA:576,0
DA:577,0
DA:578,0
DA:579,0
DA:580,0
DA:581,0
DA:582,0
DA:583,0
DA:584,0
DA:585,0
DA:586,0
DA:587,0
DA:588,0
DA:589,0
DA:590,0
DA:591,0
DA:592,0
DA:593,0
DA:594,0
DA:595,0
DA:596,0
DA:597,0
DA:598,0
DA:599,0
DA:600,0
DA:601,0
DA:602,0
DA:603,0
DA:604,0
DA:605,0
DA:606,0
DA:607,0
DA:608,0
DA:609,0
DA:610,0
DA:611,0
DA:612,0
DA:613,0
DA:614,0
DA:615,0
DA:616,0
DA:617,0
DA:618,0
DA:619,0
DA:620,0
DA:621,0
DA:622,0
DA:623,0
DA:624,0
DA:625,0
DA:626,0
DA:627,0
DA:628,0
DA:629,0
DA:630,0
DA:631,0
DA:632,0
DA:633,0
DA:634,0
DA:635,0
DA:636,0
DA:637,0
DA:638,0
DA:639,0
DA:640,0
DA:641,0
DA:642,0
DA:643,0
DA:644,0
DA:645,0
DA:646,0
DA:647,0
DA:648,0
DA:649,0
DA:650,0
DA:651,0
DA:652,0
DA:653,0
DA:654,0
DA:655,0
DA:656,0
DA:657,0
DA:658,0
DA:659,0
DA:660,0
DA:661,0
DA:662,0
DA:663,0
DA:664,0
DA:665,0
DA:666,0
DA:667,0
DA:668,0
DA:669,0
DA:670,0
DA:671,0
DA:672,0
DA:673,0
DA:674,0
DA:675,0
DA:676,0
DA:677,0
DA:678,0
DA:679,0
DA:680,0
DA:681,0
DA:682,0
DA:683,0
DA:684,0
DA:685,0
DA:686,0
DA:687,0
DA:688,0
DA:689,0
DA:690,0
DA:691,0
DA:692,0
DA:693,0
DA:694,0
DA:695,0
DA:696,0
DA:697,0
DA:698,0
DA:699,0
DA:700,0
DA:701,0
DA:702,0
DA:703,0
DA:704,0
DA:705,0
DA:706,0
DA:707,0
DA:708,0
DA:709,0
DA:710,0
DA:711,0
DA:712,0
DA:713,0
DA:714,0
DA:715,0
DA:716,0
DA:717,0
DA:718,0
DA:719,0
DA:720,0
DA:721,0
DA:722,0
DA:723,0
DA:724,0
DA:725,0
DA:726,0
DA:727,0
DA:728,0
DA:729,0
DA:730,0
DA:731,0
DA:732,0
DA:733,0
DA:734,0
DA:735,0
DA:736,0
DA:737,0
DA:738,0
DA:739,0
DA:740,0
DA:741,0
DA:742,0
DA:743,0
DA:744,0
DA:745,0
DA:746,0
DA:747,0
DA:748,0
DA:749,0
DA:750,0
DA:751,0
DA:752,0
DA:753,0
DA:754,0
DA:755,0
DA:756,0
DA:757,0
DA:758,0
DA:759,0
DA:760,0
DA:761,0
DA:762,0
DA:763,0
DA:764,0
DA:765,0
DA:766,0
DA:767,0
DA:768,0
DA:769,0
DA:770,0
DA:771,0
DA:772,0
DA:773,0
DA:774,0
DA:775,0
DA:776,0
DA:777,0
DA:778,0
DA:779,0
DA:780,0
DA:781,0
DA:782,0
DA:783,0
DA:784,0
DA:785,0
DA:786,0
DA:787,0
DA:788,0
DA:789,0
DA:790,0
DA:791,0
DA:792,0
DA:793,0
DA:794,0
DA:795,0
DA:796,0
DA:797,0
DA:798,0
DA:799,0
DA:800,0
DA:801,0
DA:802,0
DA:803,4
DA:804,4
LF:804
LH:100
BRDA:67,0,0,4
BRDA:406,1,0,0
BRDA:69,2,0,2
BRDA:69,3,0,0
BRDA:177,4,0,2
BRF:5
BRH:3
end_of_record
TN:
SF:src/utils/calculations.js
FN:4,parseFeet
FN:31,formatFeetInches
FN:48,formatFeetInchesTickMarks
FN:60,formatFeetInchesVerbose
FN:98,getNESCClearances
FN:129,applyPresetToClearances
FN:140,applyPresetObject
FN:149,resultsToCSV
FN:185,getPoleBurialData
FN:198,calculateSag
FN:217,calculateDownGuy
FN:242,analyzeMakeReadyImpact
FN:257,recommendPoleReplacement
FN:267,getFirstEnergyRequirements
FN:306,computeAnalysis
FN:350,toRad
FN:420,pushIf
FN:432,findByName
FNF:18
FNH:12
FNDA:240,parseFeet
FNDA:166,formatFeetInches
FNDA:3,formatFeetInchesTickMarks
FNDA:3,formatFeetInchesVerbose
FNDA:35,getNESCClearances
FNDA:35,applyPresetToClearances
FNDA:0,applyPresetObject
FNDA:0,resultsToCSV
FNDA:46,getPoleBurialData
FNDA:12,calculateSag
FNDA:33,calculateDownGuy
FNDA:0,analyzeMakeReadyImpact
FNDA:0,recommendPoleReplacement
FNDA:0,getFirstEnergyRequirements
FNDA:37,computeAnalysis
FNDA:0,toRad
FNDA:80,pushIf
FNDA:2,findByName
DA:1,1
DA:2,1
DA:3,1
DA:4,1
DA:5,240
DA:6,240
DA:7,230
DA:8,240
DA:9,150
DA:10,150
DA:11,150
DA:12,240
DA:13,147
DA:14,147
DA:15,147
DA:16,240
DA:17,143
DA:18,143
DA:19,143
DA:20,150
DA:21,141
DA:22,141
DA:23,141
DA:24,141
DA:25,2
DA:26,2
DA:27,2
DA:28,240
DA:29,240
DA:30,1
DA:31,1
DA:32,166
DA:33,141
DA:34,141
DA:35,141
DA:36,141
DA:37,166
DA:38,166
DA:39,166
DA:40,166
DA:41,1
DA:42,166
DA:43,140
DA:44,140
DA:45,166
DA:46,1
DA:47,1
DA:48,1
DA:49,3
DA:50,3
DA:51,3
DA:52,3
DA:53,3
DA:54,3
DA:55,3
DA:56,3
DA:57,3
DA:58,1
DA:59,1
DA:60,1
DA:61,3
DA:62,3
DA:63,3
DA:64,3
DA:65,3
DA:66,3
DA:67,3
DA:68,3
DA:69,3
DA:70,1
DA:71,1
DA:72,1
DA:73,1
DA:74,1
DA:75,1
DA:76,1
DA:77,1
DA:78,1
DA:79,1
DA:80,1
DA:81,1
DA:82,1
DA:83,1
DA:84,1
DA:85,1
DA:86,1
DA:87,1
DA:88,1
DA:89,1
DA:90,1
DA:91,1
DA:92,1
DA:93,1
DA:94,1
DA:95,1
DA:96,1
DA:97,1
DA:98,1
DA:99,35
DA:100,35
DA:101,35
DA:102,35
DA:103,35
DA:104,35
DA:105,35
DA:106,35
DA:107,35
DA:108,35
DA:109,35
DA:110,35
DA:111,35
DA:112,35
DA:113,35
DA:114,35
DA:115,35
DA:116,35
DA:117,35
DA:118,35
DA:119,35
DA:120,35
DA:121,35
DA:122,35
DA:123,35
DA:124,35
DA:125,35
DA:126,35
DA:127,35
DA:128,1
DA:129,1
DA:130,35
DA:131,8
DA:132,10
DA:133,8
DA:134,8
DA:135,8
DA:136,8
DA:137,8
DA:138,8
DA:139,1
DA:140,1
DA:141,0
DA:142,0
DA:143,0
DA:144,0
DA:145,0
DA:146,0
DA:147,0
DA:148,1
DA:149,1
DA:150,0
DA:151,0
DA:152,0
DA:153,0
DA:154,0
DA:155,0
DA:156,0
DA:157,0
DA:158,0
DA:159,0
DA:160,0
DA:161,0
DA:162,0
DA:163,0
DA:164,0
DA:165,0
DA:166,0
DA:167,0
DA:168,0
DA:169,0
DA:170,0
DA:171,0
DA:172,0
DA:173,0
DA:174,0
DA:175,0
DA:176,0
DA:177,0
DA:178,0
DA:179,0
DA:180,0
DA:181,0
DA:182,0
DA:183,0
DA:184,1
DA:185,1
DA:186,46
DA:187,46
DA:188,46
DA:189,46
DA:190,46
DA:191,38
DA:192,33
DA:193,46
DA:194,46
DA:195,46
DA:196,46
DA:197,1
DA:198,1
DA:199,12
DA:200,12
DA:201,12
DA:202,12
DA:203,12
DA:204,12
DA:205,12
DA:206,12
DA:207,12
DA:208,12
DA:209,12
DA:210,12
DA:211,12
DA:212,12
DA:213,12
DA:214,12
DA:215,12
DA:216,1
DA:217,1
DA:218,33
DA:219,33
DA:220,33
DA:221,33
DA:222,33
DA:223,33
DA:224,33
DA:225,33
DA:226,33
DA:227,33
DA:228,33
DA:229,33
DA:230,33
DA:231,33
DA:232,33
DA:233,33
DA:234,33
DA:235,33
DA:236,33
DA:237,33
DA:238,33
DA:239,33
DA:240,33
DA:241,1
DA:242,1
DA:243,0
DA:244,0
DA:245,0
DA:246,0
DA:247,0
DA:248,0
DA:249,0
DA:250,0
DA:251,0
DA:252,0
DA:253,0
DA:254,0
DA:255,0
DA:256,1
DA:257,1
DA:258,0
DA:259,0
DA:260,0
DA:261,0
DA:262,0
DA:263,0
DA:264,0
DA:265,1
DA:266,1
DA:267,1
DA:268,0
DA:269,0
DA:270,0
DA:271,0
DA:272,0
DA:273,0
DA:274,0
DA:275,0
DA:276,0
DA:277,0
DA:278,0
DA:279,0
DA:280,0
DA:281,0
DA:282,0
DA:283,0
DA:284,0
DA:285,0
DA:286,0
DA:287,0
DA:288,0
DA:289,0
DA:290,0
DA:291,0
DA:292,0
DA:293,0
DA:294,0
DA:295,0
DA:296,0
DA:297,0
DA:298,0
DA:299,0
DA:300,0
DA:301,0
DA:302,0
DA:303,0
DA:304,1
DA:305,1
DA:306,1
DA:307,37
DA:308,37
DA:309,37
DA:310,37
DA:311,37
DA:312,37
DA:313,37
DA:314,37
DA:315,37
DA:316,37
DA:317,37
DA:318,37
DA:319,37
DA:320,37
DA:321,37
DA:322,37
DA:323,37
DA:324,37
DA:325,37
DA:326,37
DA:327,37
DA:328,37
DA:329,37
DA:330,37
DA:331,37
DA:332,37
DA:333,37
DA:334,37
DA:335,37
DA:336,37
DA:337,37
DA:338,37
DA:339,37
DA:340,37
DA:341,37
DA:342,37
DA:343,37
DA:344,35
DA:345,37
DA:346,37
DA:347,37
DA:348,37
DA:349,37
DA:350,0
DA:351,0
DA:352,0
DA:353,0
DA:354,0
DA:355,0
DA:356,0
DA:357,0
DA:358,0
DA:359,0
DA:360,0
DA:361,37
DA:362,37
DA:363,37
DA:364,37
DA:365,37
DA:366,37
DA:367,37
DA:368,37
DA:369,37
DA:370,37
DA:371,37
DA:372,37
DA:373,37
DA:374,37
DA:375,37
DA:376,37
DA:377,37
DA:378,37
DA:379,9
DA:380,9
DA:381,9
DA:382,9
DA:383,9
DA:384,9
DA:385,5
DA:386,5
DA:387,9
DA:388,35
DA:389,37
DA:390,5
DA:391,5
DA:392,5
DA:393,5
DA:394,5
DA:395,5
DA:396,5
DA:397,5
DA:398,5
DA:399,5
DA:400,5
DA:401,5
DA:402,5
DA:403,5
DA:404,5
DA:405,5
DA:406,5
DA:407,5
DA:408,5
DA:409,35
DA:410,35
DA:411,35
DA:412,35
DA:413,35
DA:414,35
DA:415,35
DA:416,35
DA:417,35
DA:418,35
DA:419,35
DA:420,35
DA:421,35
DA:422,35
DA:423,35
DA:424,37
DA:425,30
DA:426,30
DA:427,30
DA:428,30
DA:429,35
DA:430,35
DA:431,35
DA:432,35
DA:433,37
DA:434,37
DA:435,37
DA:436,37
DA:437,37
DA:438,37
DA:439,37
DA:440,35
DA:441,37
DA:442,37
DA:443,37
DA:444,37
DA:445,37
DA:446,37
DA:447,37
DA:448,37
DA:449,37
DA:450,37
DA:451,37
DA:452,37
DA:453,37
DA:454,37
DA:455,37
DA:456,37
DA:457,37
DA:458,0
DA:459,0
DA:460,0
DA:461,0
DA:462,35
DA:463,21
DA:464,21
DA:465,21
DA:466,21
DA:467,35
DA:468,14
DA:469,14
DA:470,14
DA:471,14
DA:472,14
DA:473,0
DA:474,0
DA:475,0
DA:476,0
DA:477,0
DA:478,0
DA:479,0
DA:480,0
DA:481,0
DA:482,0
DA:483,35
DA:484,35
DA:485,37
DA:486,1
DA:487,1
DA:488,1
DA:489,1
DA:490,0
DA:491,0
DA:492,0
DA:493,1
DA:494,35
DA:495,35
DA:496,10
DA:497,10
DA:498,10
DA:499,35
DA:500,35
DA:501,35
DA:502,37
DA:503,10
DA:504,10
DA:505,10
DA:506,10
DA:507,10
DA:508,10
DA:509,10
DA:510,10
DA:511,10
DA:512,10
DA:513,10
DA:514,10
DA:515,10
DA:516,10
DA:517,10
DA:518,10
DA:519,10
DA:520,10
DA:521,10
DA:522,1
DA:523,1
DA:524,10
DA:525,10
DA:526,10
DA:527,35
DA:528,35
DA:529,37
DA:530,8
DA:531,8
DA:532,8
DA:533,8
DA:534,8
DA:535,8
DA:536,8
DA:537,8
DA:538,8
DA:539,35
DA:540,35
DA:541,35
DA:542,35
DA:543,9
DA:544,9
DA:545,9
DA:546,9
DA:547,9
DA:548,9
DA:549,9
DA:550,9
DA:551,9
DA:552,0
DA:553,0
DA:554,0
DA:555,9
DA:556,9
DA:557,9
DA:558,9
DA:559,9
DA:560,9
DA:561,9
DA:562,9
DA:563,9
DA:564,9
DA:565,9
DA:566,0
DA:567,0
DA:568,0
DA:569,9
DA:570,9
DA:571,0
DA:572,0
DA:573,0
DA:574,9
DA:575,9
DA:576,9
DA:577,27
DA:578,27
DA:579,9
DA:580,9
DA:581,9
DA:582,9
DA:583,9
DA:584,9
DA:585,9
DA:586,9
DA:587,27
DA:588,9
DA:589,9
DA:590,9
DA:591,9
DA:592,9
DA:593,9
DA:594,35
DA:595,35
DA:596,35
DA:597,25
DA:598,30
DA:599,30
DA:600,30
DA:601,30
DA:602,30
DA:603,30
DA:604,30
DA:605,30
DA:606,30
DA:607,30
DA:608,20
DA:609,10
DA:610,10
DA:611,10
DA:612,30
DA:613,30
DA:614,30
DA:615,30
DA:616,30
DA:617,30
DA:618,30
DA:619,10
DA:620,10
DA:621,10
DA:622,25
DA:623,25
DA:624,35
DA:625,35
DA:626,37
DA:627,32
DA:628,32
DA:629,32
DA:630,32
DA:631,32
DA:632,32
DA:633,32
DA:634,32
DA:635,0
DA:636,0
DA:637,0
DA:638,32
DA:639,35
DA:640,35
DA:641,35
DA:642,37
DA:643,37
DA:644,37
DA:645,37
DA:646,37
DA:647,37
DA:648,37
DA:649,37
DA:650,37
DA:651,37
DA:652,37
DA:653,37
DA:654,37
DA:655,37
DA:656,37
DA:657,37
DA:658,37
DA:659,37
DA:660,37
DA:661,37
DA:662,37
DA:663,37
DA:664,37
DA:665,37
DA:666,37
DA:667,37
DA:668,37
DA:669,37
LF:669
LH:532
BRDA:4,0,0,240
BRDA:5,1,0,10
BRDA:5,2,0,230
BRDA:6,3,0,0
BRDA:6,4,0,0
BRDA:6,5,0,230
BRDA:8,6,0,80
BRDA:8,7,0,150
BRDA:12,8,0,3
BRDA:12,9,0,0
BRDA:12,10,0,147
BRDA:16,11,0,4
BRDA:16,12,0,0
BRDA:16,13,0,150
BRDA:16,14,0,143
BRDA:20,15,0,141
BRDA:21,16,0,0
BRDA:22,17,0,0
BRDA:22,18,0,74
BRDA:24,19,0,2
BRDA:28,20,0,0
BRDA:31,21,0,166
BRDA:32,22,0,141
BRDA:32,23,0,25
BRDA:32,24,0,141
BRDA:37,25,0,0
BRDA:37,26,0,141
BRDA:38,27,0,0
BRDA:38,28,0,141
BRDA:40,29,0,1
BRDA:41,30,0,0
BRDA:42,31,0,140
BRDA:43,32,0,0
BRDA:48,33,0,3
BRDA:49,34,0,0
BRDA:54,35,0,0
BRDA:55,36,0,0
BRDA:60,37,0,3
BRDA:61,38,0,0
BRDA:66,39,0,0
BRDA:67,40,0,0
BRDA:98,41,0,35
BRDA:101,42,0,7
BRDA:101,43,0,28
BRDA:112,44,0,7
BRDA:112,45,0,28
BRDA:119,46,0,7
BRDA:119,47,0,28
BRDA:126,48,0,0
BRDA:129,49,0,35
BRDA:130,50,0,27
BRDA:130,51,0,10
BRDA:130,52,0,8
BRDA:132,53,0,0
BRDA:132,54,0,8
BRDA:185,55,0,46
BRDA:186,56,0,0
BRDA:189,57,0,8
BRDA:190,58,0,38
BRDA:190,59,0,5
BRDA:191,60,0,33
BRDA:191,61,0,24
BRDA:192,62,0,9
BRDA:192,63,0,4
BRDA:193,64,0,5
BRDA:194,65,0,36
BRDA:198,66,0,12
BRDA:206,67,0,0
BRDA:207,68,0,0
BRDA:208,69,0,0
BRDA:209,70,0,0
BRDA:210,71,0,0
BRDA:217,72,0,33
BRDA:225,73,0,0
BRDA:226,74,0,0
BRDA:227,75,0,0
BRDA:228,76,0,0
BRDA:229,77,0,0
BRDA:230,78,0,0
BRDA:233,79,0,0
BRDA:238,80,0,1
BRDA:238,81,0,32
BRDA:306,82,0,37
BRDA:338,83,0,0
BRDA:341,84,0,2
BRDA:342,85,0,20
BRDA:342,86,0,1
BRDA:342,87,0,0
BRDA:343,88,0,2
BRDA:343,89,0,35
BRDA:345,90,0,0
BRDA:346,91,0,0
BRDA:348,92,0,3
BRDA:349,93,0,3
[...]
BRDA:332,33,0,0
BRDA:333,34,0,0
BRDA:334,35,0,0
BRDA:320,36,0,10
BRDA:321,37,0,0
BRDA:322,38,0,0
BRDA:323,39,0,0
BRDA:325,40,0,4
BRDA:327,41,0,3
BRDA:327,42,0,1
BRDA:327,43,0,3
BRDA:329,44,0,0
BRF:45
BRH:15
end_of_record
TN:
SF:src/utils/manifests.js
FN:4,buildManifest
FN:49,csvFrom
FN:50,safe
FNF:3
FNH:3
FNDA:4,buildManifest
FNDA:1,csvFrom
FNDA:40,safe
DA:1,1
DA:2,1
DA:3,1
DA:4,1
DA:5,4
DA:6,4
DA:7,4
DA:8,4
DA:9,1
DA:10,1
DA:11,1
DA:12,1
DA:13,2
DA:14,2
DA:15,1
DA:16,1
DA:17,1
DA:18,4
DA:19,1
DA:20,1
DA:21,1
DA:22,1
DA:23,2
DA:24,1
DA:25,1
DA:26,1
DA:27,4
DA:28,1
DA:29,1
DA:30,1
DA:31,1
DA:32,1
DA:33,2
DA:34,1
DA:35,1
DA:36,1
DA:37,4
DA:38,1
DA:39,1
DA:40,1
DA:41,1
DA:42,2
DA:43,1
DA:44,1
DA:45,1
DA:46,4
DA:47,4
DA:48,1
DA:49,1
DA:50,1
DA:51,1
DA:52,1
LF:52
LH:52
BRDA:4,0,0,4
BRDA:5,1,0,0
BRDA:6,2,0,0
BRDA:8,3,0,1
BRDA:18,4,0,1
BRDA:27,5,0,1
BRDA:37,6,0,1
BRDA:12,7,0,2
BRDA:13,8,0,0
BRDA:13,9,0,0
BRDA:13,10,0,0
BRDA:13,11,0,0
BRDA:13,12,0,0
BRDA:13,13,0,0
BRDA:13,14,0,0
BRDA:13,15,0,1
BRDA:13,16,0,1
BRDA:13,17,0,0
BRDA:13,18,0,0
BRDA:13,19,0,0
BRDA:13,20,0,0
BRDA:13,21,0,1
BRDA:13,22,0,1
BRDA:13,23,0,0
BRDA:13,24,0,0
BRDA:14,25,0,0
BRDA:14,26,0,0
BRDA:14,27,0,0
BRDA:22,28,0,2
BRDA:23,29,0,0
BRDA:23,30,0,0
BRDA:23,31,0,0
BRDA:23,32,0,0
BRDA:23,33,0,0
BRDA:23,34,0,0
BRDA:23,35,0,0
BRDA:23,36,0,1
BRDA:23,37,0,0
BRDA:23,38,0,0
BRDA:23,39,0,0
BRDA:23,40,0,0
BRDA:23,41,0,1
BRDA:23,42,0,0
BRDA:23,43,0,0
BRDA:23,44,0,0
BRDA:32,45,0,2
BRDA:33,46,0,0
BRDA:33,47,0,0
BRDA:33,48,0,0
BRDA:33,49,0,0
BRDA:33,50,0,0
BRDA:33,51,0,0
BRDA:33,52,0,0
BRDA:33,53,0,1
BRDA:33,54,0,0
BRDA:33,55,0,0
BRDA:33,56,0,0
BRDA:33,57,0,0
BRDA:33,58,0,1
BRDA:33,59,0,0
BRDA:33,60,0,0
BRDA:33,61,0,0
BRDA:41,62,0,2
BRDA:42,63,0,0
BRDA:42,64,0,0
BRDA:42,65,0,0
BRDA:42,66,0,0
BRDA:42,67,0,0
BRDA:42,68,0,0
BRDA:42,69,0,0
BRDA:42,70,0,1
BRDA:42,71,0,0
BRDA:42,72,0,0
BRDA:49,73,0,1
BRDA:50,74,0,40
BRDA:50,75,0,0
BRDA:51,76,0,2
BRF:77
BRH:21
end_of_record
TN:
SF:src/utils/pdfFieldMapper.js
FN:1,(empty-report)
FNF:1
FNH:0
FNDA:0,(empty-report)
DA:1,0
DA:2,0
DA:3,0
DA:4,0
DA:5,0
DA:6,0
DA:7,0
DA:8,0
DA:9,0
DA:10,0
DA:11,0
DA:12,0
DA:13,0
DA:14,0
DA:15,0
DA:16,0
DA:17,0
DA:18,0
DA:19,0
DA:20,0
DA:21,0
DA:22,0
DA:23,0
DA:24,0
DA:25,0
DA:26,0
DA:27,0
DA:28,0
DA:29,0
DA:30,0
DA:31,0
DA:32,0
DA:33,0
DA:34,0
DA:35,0
DA:36,0
DA:37,0
DA:38,0
DA:39,0
DA:40,0
DA:41,0
DA:42,0
DA:43,0
LF:43
LH:0
BRDA:1,0,0,0
BRF:1
BRH:0
end_of_record
TN:
SF:src/utils/pdfFormFiller.js
FN:1,(empty-report)
FNF:1
FNH:0
FNDA:0,(empty-report)
DA:1,0
DA:2,0
DA:3,0
DA:4,0
DA:5,0
DA:6,0
DA:7,0
DA:8,0
DA:9,0
DA:10,0
DA:11,0
DA:12,0
DA:13,0
DA:14,0
DA:15,0
DA:16,0
DA:17,0
DA:18,0
DA:19,0
DA:20,0
DA:21,0
DA:22,0
DA:23,0
DA:24,0
DA:25,0
DA:26,0
DA:27,0
DA:28,0
DA:29,0
DA:30,0
DA:31,0
DA:32,0
DA:33,0
DA:34,0
DA:35,0
DA:36,0
DA:37,0
DA:38,0
DA:39,0
DA:40,0
DA:41,0
DA:42,0
DA:43,0
DA:44,0
DA:45,0
DA:46,0
DA:47,0
DA:48,0
DA:49,0
DA:50,0
DA:51,0
DA:52,0
DA:53,0
DA:54,0
DA:55,0
DA:56,0
DA:57,0
DA:58,0
DA:59,0
DA:60,0
DA:61,0
DA:62,0
DA:63,0
DA:64,0
DA:65,0
DA:66,0
DA:67,0
DA:68,0
DA:69,0
DA:70,0
DA:71,0
DA:72,0
DA:73,0
DA:74,0
LF:74
LH:0
BRDA:1,0,0,0
BRF:1
BRH:0
end_of_record
TN:
SF:src/utils/pdfLayouts.js
FN:1,(empty-report)
FNF:1
FNH:0
FNDA:0,(empty-report)
DA:1,0
DA:2,0
DA:3,0
DA:4,0
DA:5,0
DA:6,0
DA:7,0
DA:8,0
DA:9,0
DA:10,0
DA:11,0
DA:12,0
DA:13,0
DA:14,0
DA:15,0
DA:16,0
DA:17,0
DA:18,0
DA:19,0
DA:20,0
DA:21,0
DA:22,0
DA:23,0
DA:24,0
DA:25,0
DA:26,0
DA:27,0
DA:28,0
DA:29,0
DA:30,0
DA:31,0
DA:32,0
DA:33,0
DA:34,0
DA:35,0
DA:36,0
DA:37,0
DA:38,0
DA:39,0
DA:40,0
DA:41,0
DA:42,0
DA:43,0
DA:44,0
DA:45,0
DA:46,0
DA:47,0
DA:48,0
DA:49,0
DA:50,0
DA:51,0
DA:52,0
DA:53,0
DA:54,0
DA:55,0
DA:56,0
DA:57,0
DA:58,0
DA:59,0
DA:60,0
DA:61,0
DA:62,0
DA:63,0
DA:64,0
DA:65,0
DA:66,0
DA:67,0
DA:68,0
DA:69,0
DA:70,0
DA:71,0
DA:72,0
DA:73,0
DA:74,0
DA:75,0
DA:76,0
DA:77,0
DA:78,0
DA:79,0
DA:80,0
DA:81,0
DA:82,0
DA:83,0
DA:84,0
DA:85,0
DA:86,0
DA:87,0
DA:88,0
DA:89,0
DA:90,0
DA:91,0
DA:92,0
DA:93,0
DA:94,0
DA:95,0
DA:96,0
DA:97,0
DA:98,0
DA:99,0
DA:100,0
DA:101,0
DA:102,0
DA:103,0
DA:104,0
LF:104
LH:0
BRDA:1,0,0,0
BRF:1
BRH:0
end_of_record
TN:
SF:src/utils/permitChecks.js
FN:9,detectPermitIssues
FN:69,toNum
FN:85,labelForEnv
FNF:3
FNH:3
FNDA:9,detectPermitIssues
FNDA:53,toNum
FNDA:6,labelForEnv
DA:1,1
DA:2,1
DA:3,1
DA:4,1
DA:5,1
DA:6,1
DA:7,1
DA:8,1
DA:9,1
DA:10,9
DA:11,9
DA:12,9
DA:13,9
DA:14,9
DA:15,9
DA:16,9
DA:17,9
DA:18,9
DA:19,9
DA:20,9
DA:21,9
DA:22,9
DA:23,9
DA:24,9
DA:25,9
DA:26,9
DA:27,9
DA:28,9
DA:29,9
DA:30,9
DA:31,9
DA:32,9
DA:33,9
DA:34,9
DA:35,9
DA:36,9
DA:37,9
DA:38,9
DA:39,9
DA:40,8
DA:41,8
DA:42,8
DA:43,7
DA:44,6
DA:45,6
DA:46,7
DA:47,6
DA:48,6
DA:49,7
DA:50,8
DA:51,9
DA:52,9
DA:53,9
DA:54,0
DA:55,0
DA:56,9
DA:57,9
DA:58,9
DA:59,9
DA:60,9
DA:61,1
DA:62,1
DA:63,9
DA:64,9
DA:65,1
DA:66,1
DA:67,1
DA:68,1
DA:69,53
DA:70,53
DA:71,22
DA:72,0
DA:73,0
DA:74,0
DA:75,0
DA:76,53
DA:77,0
DA:78,0
DA:79,0
DA:80,0
DA:81,0
DA:82,53
DA:83,53
DA:84,1
DA:85,6
DA:86,6
DA:87,6
DA:88,6
DA:89,6
DA:90,6
DA:91,6
DA:92,6
DA:93,6
DA:94,6
DA:95,6
DA:96,6
DA:97,6
LF:97
LH:86
BRDA:9,0,0,9
BRDA:11,1,0,0
BRDA:12,2,0,8
BRDA:12,3,0,1
BRDA:13,4,0,8
BRDA:13,5,0,1
BRDA:14,6,0,8
BRDA:14,7,0,1
BRDA:15,8,0,8
BRDA:15,9,0,1
BRDA:16,10,0,8
BRDA:16,11,0,1
BRDA:17,12,0,8
BRDA:17,13,0,8
BRDA:17,14,0,1
BRDA:18,15,0,8
BRDA:18,16,0,1
BRDA:19,17,0,8
BRDA:19,18,0,1
BRDA:20,19,0,8
BRDA:20,20,0,1
BRDA:24,21,0,4
BRDA:25,22,0,8
BRDA:26,23,0,8
BRDA:27,24,0,8
BRDA:39,25,0,8
BRDA:41,26,0,4
BRDA:41,27,0,4
BRDA:42,28,0,7
BRDA:43,29,0,6
BRDA:46,30,0,6
BRDA:46,31,0,6
BRDA:53,32,0,8
BRDA:53,33,0,8
BRDA:53,34,0,0
BRDA:59,35,0,3
BRDA:60,36,0,2
BRDA:60,37,0,2
BRDA:60,38,0,1
BRDA:38,39,0,45
BRDA:69,40,0,53
BRDA:70,41,0,31
BRDA:70,42,0,22
BRDA:71,43,0,0
BRDA:76,44,0,0
BRDA:82,45,0,0
BRDA:85,46,0,6
BRDA:87,47,0,1
BRDA:88,48,0,1
BRDA:89,49,0,1
BRDA:90,50,0,1
BRDA:91,51,0,1
BRDA:92,52,0,0
BRDA:93,53,0,1
BRDA:94,54,0,0
BRDA:95,55,0,0
BRF:56
BRH:48
end_of_record
TN:
SF:src/utils/permitSummary.js
FN:13,makePermitSummary
FNF:1
FNH:1
FNDA:9,makePermitSummary
DA:1,1
DA:2,1
DA:3,1
DA:4,1
DA:5,1
DA:6,1
DA:7,1
DA:8,1
DA:9,1
DA:10,1
DA:11,1
DA:12,1
DA:13,1
DA:14,9
DA:15,9
DA:16,9
DA:17,9
DA:18,9
DA:19,9
DA:20,9
DA:21,9
DA:22,9
DA:23,9
DA:24,9
DA:25,9
DA:26,9
DA:27,9
DA:28,9
DA:29,9
DA:30,9
DA:31,9
DA:32,9
DA:33,9
DA:34,9
DA:35,9
DA:36,9
DA:37,9
DA:38,9
DA:39,9
DA:40,9
DA:41,9
DA:42,9
DA:43,9
DA:44,9
DA:45,9
DA:46,9
DA:47,9
DA:48,9
DA:49,9
DA:50,9
DA:51,9
DA:52,9
DA:53,9
DA:54,9
DA:55,9
DA:56,9
DA:57,1
DA:58,1
DA:59,1
DA:60,9
DA:61,9
DA:62,1
DA:63,1
DA:64,1
DA:65,9
DA:66,9
DA:67,9
DA:68,9
DA:69,9
DA:70,9
DA:71,9
DA:72,9
DA:73,9
DA:74,9
DA:75,9
LF:75
LH:75
BRDA:13,0,0,9
BRDA:14,1,0,0
BRDA:15,2,0,2
BRDA:15,3,0,7
BRDA:15,4,0,0
BRDA:17,5,0,0
BRDA:22,6,0,4
BRDA:22,7,0,5
BRDA:23,8,0,4
BRDA:23,9,0,5
BRDA:25,10,0,4
BRDA:26,11,0,5
BRDA:30,12,0,0
BRDA:31,13,0,0
BRDA:31,14,0,0
BRDA:32,15,0,1
BRDA:32,16,0,0
BRDA:33,17,0,1
BRDA:33,18,0,0
BRDA:34,19,0,1
BRDA:34,20,0,0
BRDA:35,21,0,7
BRDA:36,22,0,7
BRDA:41,23,0,0
BRDA:42,24,0,0
BRDA:43,25,0,0
BRDA:43,26,0,0
BRDA:49,27,0,4
BRDA:49,28,0,5
BRDA:53,29,0,4
BRDA:53,30,0,8
BRDA:54,31,0,4
BRDA:54,32,0,8
BRDA:56,33,0,4
BRDA:56,34,0,1
BRDA:58,35,0,0
BRDA:59,36,0,0
BRDA:60,37,0,8
BRDA:61,38,0,4
BRDA:61,39,0,1
BRDA:63,40,0,0
BRDA:64,41,0,0
BRDA:65,42,0,8
BRDA:70,43,0,8
BRDA:71,44,0,8
BRDA:18,45,0,8
BRDA:18,46,0,0
BRDA:20,47,0,7
BRDA:21,48,0,7
BRDA:25,49,0,7
BRDA:25,50,0,3
BRDA:25,51,0,4
BRDA:25,52,0,0
BRF:53
BRH:34
end_of_record
TN:
SF:src/utils/permitTemplates.js
FN:113,getTemplatesForEnvironment
FN:123,buildTemplatesText
FNF:2
FNH:2
FNDA:5,getTemplatesForEnvironment
FNDA:3,buildTemplatesText
DA:1,1
DA:2,1
DA:3,1
DA:4,1
DA:5,1
DA:6,1
DA:7,1
DA:8,1
DA:9,1
DA:10,1
DA:11,1
DA:12,1
DA:13,1
DA:14,1
DA:15,1
DA:16,1
DA:17,1
DA:18,1
DA:19,1
DA:20,1
DA:21,1
DA:22,1
DA:23,1
DA:24,1
DA:25,1
DA:26,1
DA:27,1
DA:28,1
DA:29,1
DA:30,1
DA:31,1
DA:32,1
DA:33,1
DA:34,1
DA:35,1
DA:36,1
DA:37,1
DA:38,1
DA:39,1
DA:40,1
DA:41,1
DA:42,1
DA:43,1
DA:44,1
DA:45,1
DA:46,1
DA:47,1
DA:48,1
DA:49,1
DA:50,1
DA:51,1
DA:52,1
DA:53,1
DA:54,1
DA:55,1
DA:56,1
DA:57,1
DA:58,1
DA:59,1
DA:60,1
DA:61,1
DA:62,1
DA:63,1
DA:64,1
DA:65,1
DA:66,1
DA:67,1
DA:68,1
DA:69,1
DA:70,1
DA:71,1
DA:72,1
DA:73,1
DA:74,1
DA:75,1
DA:76,1
DA:77,1
DA:78,1
DA:79,1
DA:80,1
DA:81,1
DA:82,1
DA:83,1
DA:84,1
DA:85,1
DA:86,1
DA:87,1
DA:88,1
DA:89,1
DA:90,1
DA:91,1
DA:92,1
DA:93,1
DA:94,1
DA:95,1
DA:96,1
DA:97,1
DA:98,1
DA:99,1
DA:100,1
DA:101,1
DA:102,1
DA:103,1
DA:104,1
DA:105,1
DA:106,1
DA:107,1
DA:108,1
DA:109,1
DA:110,1
DA:111,1
DA:112,1
DA:113,1
DA:114,5
DA:115,5
DA:116,5
DA:117,25
DA:118,25
DA:119,25
DA:120,5
DA:121,5
DA:122,1
DA:123,1
DA:124,3
DA:125,3
DA:126,3
DA:127,3
DA:128,3
DA:129,3
DA:130,3
DA:131,3
DA:132,5
DA:133,5
DA:134,5
DA:135,3
DA:136,3
DA:137,3
DA:138,3
DA:139,3
DA:140,3
DA:141,3
DA:142,3
DA:143,3
DA:144,1
DA:145,1
LF:145
LH:145
BRDA:113,0,0,5
BRDA:116,1,0,25
BRDA:118,2,0,0
BRDA:118,3,0,3
BRDA:123,4,0,3
BRDA:124,5,0,0
BRDA:125,6,0,0
BRDA:131,7,0,5
BRDA:138,8,0,10
BRF:9
BRH:6
end_of_record
TN:
SF:src/utils/permits.js
FN:7,buildMM109PDF
FN:13,draw
FN:28,line
FN:77,buildCSXPDF
FN:83,draw
FN:98,line
FNF:6
FNH:6
FNDA:2,buildMM109PDF
FNDA:106,draw
FNDA:44,line
FNDA:2,buildCSXPDF
FNDA:106,draw
FNDA:44,line
DA:1,1
DA:2,1
DA:3,1
DA:4,1
DA:5,1
DA:6,1
DA:7,1
DA:8,2
DA:9,2
DA:10,2
DA:11,2
DA:12,2
DA:13,2
DA:14,106
DA:15,2
DA:16,2
DA:17,2
DA:18,2
DA:19,2
DA:20,2
DA:21,2
DA:22,2
DA:23,2
DA:24,2
DA:25,2
DA:26,2
DA:27,2
DA:28,2
DA:29,44
DA:30,44
DA:31,44
DA:32,2
DA:33,2
DA:34,2
DA:35,2
DA:36,2
DA:37,2
DA:38,2
DA:39,2
DA:40,2
DA:41,2
DA:42,2
DA:43,2
DA:44,2
DA:45,2
DA:46,2
DA:47,2
DA:48,2
DA:49,2
DA:50,2
DA:51,2
DA:52,2
DA:53,2
DA:54,2
DA:55,2
DA:56,2
DA:57,2
DA:58,2
DA:59,2
DA:60,2
DA:61,2
DA:62,2
DA:63,2
DA:64,2
DA:65,2
DA:66,2
DA:67,2
DA:68,2
DA:69,2
DA:70,2
DA:71,2
DA:72,2
DA:73,2
DA:74,2
DA:75,2
DA:76,1
DA:77,1
DA:78,2
DA:79,2
DA:80,2
DA:81,2
DA:82,2
DA:83,2
DA:84,106
DA:85,2
DA:86,2
DA:87,2
DA:88,2
DA:89,2
DA:90,2
DA:91,2
DA:92,2
DA:93,2
DA:94,2
DA:95,2
DA:96,2
DA:97,2
DA:98,2
DA:99,44
DA:100,44
DA:101,44
DA:102,2
DA:103,2
DA:104,2
DA:105,2
DA:106,2
DA:107,2
DA:108,2
DA:109,2
DA:110,2
DA:111,2
DA:112,2
DA:113,2
DA:114,2
DA:115,2
DA:116,2
DA:117,2
DA:118,2
DA:119,2
DA:120,2
DA:121,2
DA:122,2
DA:123,2
DA:124,2
DA:125,2
DA:126,2
DA:127,2
DA:128,2
DA:129,2
DA:130,2
DA:131,2
DA:132,2
DA:133,2
DA:134,2
DA:135,2
DA:136,2
DA:137,2
DA:138,2
DA:139,2
DA:140,2
DA:141,2
DA:142,2
DA:143,2
DA:144,2
DA:145,2
LF:145
LH:145
BRDA:7,0,0,2
BRDA:21,1,0,0
BRDA:22,2,0,0
BRDA:23,3,0,0
BRDA:24,4,0,0
BRDA:25,5,0,0
BRDA:34,6,0,0
BRDA:35,7,0,1
BRDA:36,8,0,0
BRDA:37,9,0,0
BRDA:38,10,0,0
BRDA:39,11,0,0
BRDA:40,12,0,0
BRDA:40,13,0,0
BRDA:41,14,0,1
BRDA:44,15,0,0
BRDA:45,16,0,0
BRDA:46,17,0,0
BRDA:47,18,0,0
BRDA:48,19,0,0
BRDA:49,20,0,0
BRDA:52,21,0,0
BRDA:53,22,0,0
BRDA:54,23,0,1
BRDA:55,24,0,0
BRDA:56,25,0,1
BRDA:59,26,0,0
BRDA:60,27,0,0
BRDA:61,28,0,0
BRDA:71,29,0,6
BRDA:13,30,0,106
BRDA:14,31,0,0
BRDA:14,32,0,54
BRDA:14,33,0,52
BRDA:28,34,0,44
BRDA:30,35,0,0
BRDA:77,36,0,2
BRDA:91,37,0,0
BRDA:92,38,0,0
BRDA:93,39,0,0
BRDA:94,40,0,0
BRDA:95,41,0,0
BRDA:104,42,0,0
BRDA:105,43,0,1
BRDA:106,44,0,0
BRDA:107,45,0,0
BRDA:108,46,0,0
BRDA:109,47,0,0
BRDA:110,48,0,0
BRDA:110,49,0,0
BRDA:111,50,0,1
BRDA:114,51,0,0
BRDA:115,52,0,0
BRDA:116,53,0,0
BRDA:117,54,0,0
BRDA:118,55,0,0
BRDA:119,56,0,0
BRDA:122,57,0,0
BRDA:123,58,0,0
BRDA:124,59,0,1
BRDA:125,60,0,0
BRDA:126,61,0,1
BRDA:129,62,0,0
BRDA:130,63,0,1
BRDA:131,64,0,1
BRDA:141,65,0,6
BRDA:83,66,0,106
BRDA:84,67,0,0
BRDA:84,68,0,54
BRDA:84,69,0,52
BRDA:98,70,0,44
BRDA:100,71,0,0
BRF:72
BRH:22
end_of_record
TN:
SF:src/utils/store.js
FN:18,__vite_ssr_import_0__.create.__vite_ssr_import_1__.persist.name
FN:21,setSectionSaved
FN:24,setPoleHeight
FN:26,setPoleClass
FN:28,setPresetProfile
FN:30,setCustomMinTopSpace
FN:32,setCustomRoadClearance
FN:34,setCustomCommToPower
FN:37,setUseTickMarkFormat
FN:40,setPreferAutoSpanLength
FN:43,setSpanLenDeltaThresholdFt
FN:46,setTableDensity
FN:48,setSpansColumnSegmentsVisible
FN:50,setSpansColumnActionsVisible
FN:53,setProjectName
FN:55,setApplicantName
FN:57,setJobNumber
FN:60,setJobOwner
FN:63,setPoleLatitude
FN:65,setPoleLongitude
FN:68,setLogoDataUrl
FN:70,setExistingPowerHeight
FN:72,setExistingPowerVoltage
FN:74,setSpanDistance
FN:76,setSpanEnvironment
FN:78,setIsNewConstruction
FN:80,setAttachmentType
FN:82,setCableDiameter
FN:84,setWindSpeed
FN:86,setIceThicknessIn
FN:88,setHasTransformer
FN:90,setHasStreetlight
FN:92,setRequiresGuying
FN:94,setStreetLightHeight
FN:96,setDripLoopHeight
FN:98,setPowerReference
FN:100,setProposedLineHeight
FN:129,setCurrentSubmissionProfile
FN:130,updateSubmissionProfile
FN:135,setAdjacentPoleHeight
FN:137,setExistingLines
FN:139,setMakeReadyNotes
FN:141,setResults
FN:143,setWarnings
FN:145,setEngineeringNotes
FN:147,setGuyAnalysis
FN:149,setCostAnalysis
FN:151,setAnalysis
FN:162,setScenarioA
FN:164,setScenarioB
FN:167,setMappingPreset
FN:169,addMappingProfile
FN:173,setMappingProfiles
FN:179,removeMappingProfile
FN:180,renameMappingProfile
FN:185,setImportedPoles
FN:196,addJob
FN:215,updateJob
FN:221,removeJob
FN:231,setCurrentJobId
FN:238,setCollectedPoles
FN:239,addCollectedPole
FN:249,updateCollectedPole
FN:254,removeCollectedPole
FN:260,setImportedSpans
FN:261,updateImportedSpan
FN:268,addCachedMidspan
FN:269,updateCachedMidspan
FN:270,removeCachedMidspan
FN:271,clearCachedMidspans
FN:273,setImportedExistingLines
FN:275,setExistingLinesCSV
FN:277,setCsvLineMapping
FN:281,savePdfLayout
FN:291,removePdfLayout
FN:302,reset
FNF:76
FNH:3
FNDA:1,__vite_ssr_import_0__.create.__vite_ssr_import_1__.persist.name
FNDA:0,setSectionSaved
FNDA:0,setPoleHeight
FNDA:0,setPoleClass
FNDA:0,setPresetProfile
FNDA:0,setCustomMinTopSpace
FNDA:0,setCustomRoadClearance
FNDA:0,setCustomCommToPower
FNDA:0,setUseTickMarkFormat
FNDA:0,setPreferAutoSpanLength
FNDA:0,setSpanLenDeltaThresholdFt
FNDA:0,setTableDensity
FNDA:0,setSpansColumnSegmentsVisible
FNDA:0,setSpansColumnActionsVisible
FNDA:0,setProjectName
FNDA:0,setApplicantName
FNDA:0,setJobNumber
FNDA:0,setJobOwner
FNDA:0,setPoleLatitude
FNDA:0,setPoleLongitude
FNDA:0,setLogoDataUrl
FNDA:0,setExistingPowerHeight
FNDA:0,setExistingPowerVoltage
FNDA:0,setSpanDistance
FNDA:0,setSpanEnvironment
FNDA:0,setIsNewConstruction
FNDA:0,setAttachmentType
FNDA:0,setCableDiameter
FNDA:0,setWindSpeed
FNDA:0,setIceThicknessIn
FNDA:0,setHasTransformer
FNDA:0,setHasStreetlight
FNDA:0,setRequiresGuying
FNDA:0,setStreetLightHeight
FNDA:0,setDripLoopHeight
FNDA:0,setPowerReference
FNDA:0,setProposedLineHeight
FNDA:0,setCurrentSubmissionProfile
FNDA:0,updateSubmissionProfile
FNDA:0,setAdjacentPoleHeight
FNDA:0,setExistingLines
FNDA:2,setMakeReadyNotes
FNDA:0,setResults
FNDA:0,setWarnings
FNDA:0,setEngineeringNotes
FNDA:0,setGuyAnalysis
FNDA:0,setCostAnalysis
FNDA:2,setAnalysis
FNDA:0,setScenarioA
FNDA:0,setScenarioB
FNDA:0,setMappingPreset
FNDA:0,addMappingProfile
FNDA:0,setMappingProfiles
FNDA:0,removeMappingProfile
FNDA:0,renameMappingProfile
FNDA:0,setImportedPoles
FNDA:0,addJob
FNDA:0,updateJob
FNDA:0,removeJob
FNDA:0,setCurrentJobId
FNDA:0,setCollectedPoles
FNDA:0,addCollectedPole
FNDA:0,updateCollectedPole
FNDA:0,removeCollectedPole
FNDA:0,setImportedSpans
FNDA:0,updateImportedSpan
FNDA:0,addCachedMidspan
FNDA:0,updateCachedMidspan
FNDA:0,removeCachedMidspan
FNDA:0,clearCachedMidspans
FNDA:0,setImportedExistingLines
FNDA:0,setExistingLinesCSV
FNDA:0,setCsvLineMapping
FNDA:0,savePdfLayout
FNDA:0,removePdfLayout
FNDA:0,reset
DA:1,1
DA:2,1
DA:3,1
DA:4,1
DA:5,1
DA:6,1
DA:7,1
DA:8,1
DA:9,0
DA:10,0
DA:11,1
DA:12,0
DA:13,0
DA:14,0
DA:15,0
DA:16,0
DA:17,1
DA:18,1
DA:19,1
DA:20,1
DA:21,1
DA:22,1
DA:23,1
DA:24,1
DA:25,1
DA:26,1
DA:27,1
DA:28,1
DA:29,1
DA:30,1
DA:31,1
DA:32,1
DA:33,1
DA:34,1
DA:35,1
DA:36,1
DA:37,1
DA:38,1
DA:39,1
DA:40,1
DA:41,1
DA:42,1
DA:43,1
DA:44,1
DA:45,1
DA:46,1
DA:47,1
DA:48,1
DA:49,1
DA:50,1
DA:51,1
DA:52,1
DA:53,1
DA:54,1
DA:55,1
DA:56,1
DA:57,1
DA:58,1
DA:59,1
DA:60,1
DA:61,1
DA:62,1
DA:63,1
DA:64,1
DA:65,1
DA:66,1
DA:67,1
DA:68,1
DA:69,1
DA:70,1
DA:71,1
DA:72,1
DA:73,1
DA:74,1
DA:75,1
DA:76,1
DA:77,1
DA:78,1
DA:79,1
DA:80,1
DA:81,1
DA:82,1
DA:83,1
DA:84,1
DA:85,1
DA:86,1
DA:87,1
DA:88,1
DA:89,1
DA:90,1
DA:91,1
DA:92,1
DA:93,1
DA:94,1
DA:95,1
DA:96,1
DA:97,1
DA:98,1
DA:99,1
DA:100,1
DA:101,1
DA:102,1
DA:103,1
DA:104,1
DA:105,1
DA:106,1
DA:107,1
DA:108,1
DA:109,1
DA:110,1
DA:111,1
DA:112,1
DA:113,1
DA:114,1
DA:115,1
DA:116,1
DA:117,1
DA:118,1
DA:119,1
DA:120,1
DA:121,1
DA:122,1
DA:123,1
DA:124,1
DA:125,1
DA:126,1
DA:127,1
DA:128,1
DA:129,1
DA:130,1
DA:131,0
DA:132,0
DA:133,1
DA:134,1
DA:135,1
DA:136,1
DA:137,1
DA:138,1
DA:139,1
DA:140,1
DA:141,1
DA:142,1
DA:143,1
DA:144,1
DA:145,1
DA:146,1
DA:147,1
DA:148,1
DA:149,1
DA:150,1
DA:151,1
DA:152,2
DA:153,2
DA:154,2
DA:155,2
DA:156,2
DA:157,2
DA:158,2
DA:159,1
DA:160,1
DA:161,1
DA:162,1
DA:163,1
DA:164,1
DA:165,1
DA:166,1
DA:167,1
DA:168,1
DA:169,1
DA:170,0
DA:171,0
DA:172,1
DA:173,1
DA:174,0
DA:175,0
DA:176,0
DA:177,0
DA:178,1
DA:179,1
DA:180,1
DA:181,0
DA:182,0
DA:183,1
DA:184,1
DA:185,1
DA:186,1
DA:187,1
DA:188,1
DA:189,1
DA:190,1
DA:191,1
DA:192,1
DA:193,1
DA:194,1
DA:195,1
DA:196,1
DA:197,0
DA:198,0
DA:199,0
DA:200,0
DA:201,0
DA:202,0
DA:203,0
DA:204,0
DA:205,0
DA:206,0
DA:207,0
DA:208,0
DA:209,0
DA:210,0
DA:211,0
DA:212,0
DA:213,0
DA:214,1
DA:215,1
DA:216,0
DA:217,0
DA:218,0
DA:219,0
DA:220,1
DA:221,1
DA:222,0
DA:223,0
DA:224,0
DA:225,0
DA:226,0
DA:227,0
DA:228,0
DA:229,0
DA:230,1
DA:231,1
DA:232,0
DA:233,0
DA:234,0
DA:235,1
DA:236,1
DA:237,1
DA:238,1
DA:239,1
DA:240,0
DA:241,0
DA:242,0
DA:243,0
DA:244,0
DA:245,0
DA:246,0
DA:247,0
DA:248,1
DA:249,1
DA:250,0
DA:251,0
DA:252,0
DA:253,1
DA:254,1
DA:255,0
DA:256,0
DA:257,0
DA:258,1
DA:259,1
DA:260,1
DA:261,1
DA:262,0
DA:263,0
DA:264,0
DA:265,1
DA:266,1
DA:267,1
DA:268,1
DA:269,1
DA:270,1
DA:271,1
DA:272,1
DA:273,1
DA:274,1
DA:275,1
DA:276,1
DA:277,1
DA:278,1
DA:279,1
DA:280,1
DA:281,1
DA:282,0
DA:283,0
DA:284,0
DA:285,0
DA:286,0
DA:287,0
DA:288,0
DA:289,0
DA:290,1
DA:291,1
DA:292,0
DA:293,0
DA:294,0
DA:295,0
DA:296,0
DA:297,0
DA:298,0
DA:299,0
DA:300,1
DA:301,1
DA:302,1
DA:303,0
DA:304,0
DA:305,0
DA:306,0
DA:307,0
DA:308,0
DA:309,0
DA:310,0
DA:311,0
DA:312,0
DA:313,0
DA:314,0
DA:315,0
DA:316,0
DA:317,0
DA:318,0
DA:319,0
DA:320,0
DA:321,0
DA:322,0
DA:323,0
DA:324,0
DA:325,0
DA:326,0
DA:327,0
DA:328,0
DA:329,0
DA:330,0
DA:331,0
DA:332,0
DA:333,0
DA:334,0
DA:335,0
DA:336,0
DA:337,0
DA:338,0
DA:339,0
DA:340,0
DA:341,0
DA:342,0
DA:343,0
DA:344,0
DA:345,0
DA:346,0
DA:347,0
DA:348,0
DA:349,0
DA:350,0
DA:351,0
DA:352,0
DA:353,0
DA:354,0
DA:355,0
DA:356,0
DA:357,0
DA:358,0
DA:359,0
DA:360,0
DA:361,0
DA:362,0
DA:363,0
DA:364,0
DA:365,0
DA:366,0
DA:367,0
DA:368,0
DA:369,0
DA:370,0
DA:371,0
DA:372,0
DA:373,0
DA:374,0
DA:375,0
DA:376,0
DA:377,0
DA:378,0
DA:379,0
DA:380,0
DA:381,0
DA:382,0
DA:383,0
DA:384,0
DA:385,0
DA:386,0
DA:387,1
DA:388,1
DA:389,1
LF:389
LH:223
BRDA:8,0,0,0
BRDA:8,1,0,0
BRDA:11,2,0,0
BRDA:18,3,0,1
BRDA:139,4,0,2
BRDA:151,5,0,2
BRDA:151,6,0,2
BRDA:152,7,0,0
BRDA:155,8,0,0
BRDA:156,9,0,0
BRDA:387,10,0,1
BRF:11
BRH:5
end_of_record
TN:
SF:src/utils/targets.js
FN:9,getEnvTarget
FN:37,controllingGroundTarget
FN:58,maxTargetFromCached
FNF:3
FNH:3
FNDA:7,getEnvTarget
FNDA:2,controllingGroundTarget
FNDA:2,maxTargetFromCached
DA:1,1
DA:2,1
DA:3,1
DA:4,1
DA:5,1
DA:6,1
DA:7,1
DA:8,1
DA:9,1
DA:10,7
DA:11,7
DA:12,7
DA:13,7
DA:14,7
DA:15,7
DA:16,7
DA:17,7
DA:18,7
DA:19,7
DA:20,7
DA:21,7
DA:22,7
DA:23,7
DA:24,7
DA:25,7
DA:26,7
DA:27,7
DA:28,1
DA:29,1
DA:30,1
DA:31,1
DA:32,1
DA:33,1
DA:34,1
DA:35,1
DA:36,1
DA:37,1
DA:38,2
DA:39,1
DA:40,1
DA:41,1
DA:42,1
DA:43,2
DA:44,2
DA:45,2
DA:46,2
DA:47,2
DA:48,2
DA:49,1
DA:50,1
DA:51,1
DA:52,1
DA:53,1
DA:54,1
DA:55,1
DA:56,1
DA:57,1
DA:58,1
DA:59,2
DA:60,2
DA:61,2
DA:62,2
DA:63,2
DA:64,2
DA:65,2
DA:66,2
DA:67,1
DA:68,2
DA:69,2
LF:69
LH:69
BRDA:9,0,0,7
BRDA:10,1,0,0
BRDA:26,2,0,0
BRDA:37,3,0,2
BRDA:38,4,0,1
BRDA:40,5,0,0
BRDA:44,6,0,0
BRDA:46,7,0,1
BRDA:47,8,0,0
BRDA:58,9,0,2
BRDA:59,10,0,0
BRDA:66,11,0,1
BRDA:68,12,0,0
BRDA:60,13,0,3
BRDA:60,14,0,0
BRF:15
BRH:7
end_of_record
