TN:
SF:src/App.jsx
FN:7,ErrorBoundary
FN:12,getDerivedStateFromError
FN:16,componentDidCatch
FN:20,render
FN:29,onClick
FN:58,App
FNF:6
FNH:3
FNDA:1,ErrorBoundary
FNDA:0,getDerivedStateFromError
FNDA:0,componentDidCatch
FNDA:1,render
FNDA:0,onClick
FNDA:1,App
DA:1,1
DA:2,1
DA:3,1
DA:4,1
DA:5,1
DA:6,1
DA:7,1
DA:8,1
DA:9,1
DA:10,1
DA:11,1
DA:12,1
DA:13,0
DA:14,0
DA:15,1
DA:16,1
DA:17,0
DA:18,0
DA:19,1
DA:20,1
DA:21,1
DA:22,0
DA:23,0
DA:24,0
DA:25,0
DA:26,0
DA:27,0
DA:28,0
DA:29,0
DA:30,0
DA:31,0
DA:32,0
DA:33,0
DA:34,0
DA:35,0
DA:36,0
DA:37,0
DA:38,0
DA:39,0
DA:40,0
DA:41,0
DA:42,0
DA:43,0
DA:44,0
DA:45,0
DA:46,0
DA:47,0
DA:48,0
DA:49,0
DA:50,1
DA:51,1
DA:52,1
DA:53,1
DA:54,1
DA:55,1
DA:56,1
DA:57,1
DA:58,1
DA:59,1
DA:60,1
DA:61,1
DA:62,1
DA:63,1
DA:64,1
DA:65,1
DA:66,1
DA:67,1
DA:68,1
DA:69,1
DA:70,1
DA:71,1
DA:72,1
DA:73,1
DA:74,1
DA:75,1
DA:76,1
DA:77,1
DA:78,1
DA:79,1
DA:80,1
DA:81,1
DA:82,1
LF:82
LH:50
BRDA:7,0,0,1
BRDA:20,1,0,1
BRDA:21,2,0,0
BRDA:58,3,0,1
BRF:4
BRH:3
end_of_record
TN:
SF:src/PoleHeightApplication.jsx
FN:1,(empty-report)
FNF:1
FNH:0
FNDA:0,(empty-report)
DA:1,0
DA:2,0
DA:3,0
DA:4,0
DA:5,0
DA:6,0
DA:7,0
DA:8,0
DA:9,0
DA:10,0
DA:11,0
DA:12,0
DA:13,0
DA:14,0
DA:15,0
DA:16,0
DA:17,0
DA:18,0
DA:19,0
DA:20,0
DA:21,0
DA:22,0
DA:23,0
DA:24,0
DA:25,0
DA:26,0
DA:27,0
DA:28,0
DA:29,0
DA:30,0
DA:31,0
DA:32,0
DA:33,0
DA:34,0
DA:35,0
DA:36,0
DA:37,0
DA:38,0
DA:39,0
DA:40,0
DA:41,0
DA:42,0
DA:43,0
LF:43
LH:0
BRDA:1,0,0,0
BRF:1
BRH:0
end_of_record
TN:
SF:src/TestComponent.jsx
FN:1,(empty-report)
FNF:1
FNH:0
FNDA:0,(empty-report)
DA:1,0
DA:2,0
DA:3,0
DA:4,0
DA:5,0
DA:6,0
DA:7,0
DA:8,0
DA:9,0
DA:10,0
LF:10
LH:0
BRDA:1,0,0,0
BRF:1
BRH:0
end_of_record
TN:
SF:src/main.jsx
FN:1,(empty-report)
FNF:1
FNH:0
FNDA:0,(empty-report)
DA:1,0
DA:2,0
DA:3,0
DA:4,0
DA:5,0
DA:6,0
DA:7,0
DA:8,0
DA:9,0
DA:10,0
DA:11,0
DA:12,0
DA:13,0
DA:14,0
DA:15,0
DA:16,0
DA:17,0
DA:18,0
DA:19,0
DA:20,0
DA:21,0
DA:22,0
DA:23,0
DA:24,0
DA:25,0
DA:26,0
DA:27,0
DA:28,0
DA:29,0
DA:30,0
DA:31,0
DA:32,0
DA:33,0
DA:34,0
DA:35,0
DA:36,0
DA:37,0
DA:38,0
DA:39,0
DA:40,0
DA:41,0
DA:42,0
DA:43,0
DA:44,0
DA:45,0
DA:46,0
DA:47,0
DA:48,0
DA:49,0
DA:50,0
DA:51,0
DA:52,0
DA:53,0
DA:54,0
DA:55,0
DA:56,0
DA:57,0
DA:58,0
DA:59,0
DA:60,0
DA:61,0
DA:62,0
DA:63,0
DA:64,0
DA:65,0
DA:66,0
DA:67,0
DA:68,0
DA:69,0
DA:70,0
DA:71,0
DA:72,0
DA:73,0
DA:74,0
DA:75,0
DA:76,0
DA:77,0
DA:78,0
DA:79,0
DA:80,0
DA:81,0
DA:82,0
DA:83,0
DA:84,0
DA:85,0
DA:86,0
DA:87,0
LF:87
LH:0
BRDA:1,0,0,0
BRF:1
BRH:0
end_of_record
TN:
SF:src/sw.js
FN:1,(empty-report)
FNF:1
FNH:0
FNDA:0,(empty-report)
DA:1,0
DA:2,0
DA:3,0
DA:4,0
DA:5,0
DA:6,0
DA:7,0
DA:8,0
DA:9,0
DA:10,0
DA:11,0
DA:12,0
DA:13,0
DA:14,0
DA:15,0
DA:16,0
DA:17,0
DA:18,0
DA:19,0
DA:20,0
DA:21,0
DA:22,0
DA:23,0
DA:24,0
DA:25,0
DA:26,0
DA:27,0
DA:28,0
DA:29,0
DA:30,0
DA:31,0
DA:32,0
DA:33,0
DA:34,0
DA:35,0
DA:36,0
DA:37,0
DA:38,0
DA:39,0
DA:40,0
DA:41,0
DA:42,0
DA:43,0
DA:44,0
DA:45,0
DA:46,0
DA:47,0
DA:48,0
DA:49,0
DA:50,0
DA:51,0
DA:52,0
DA:53,0
LF:53
LH:0
BRDA:1,0,0,0
BRF:1
BRH:0
end_of_record
TN:
SF:src/components/AutoFillPullButton.jsx
FN:4,AutoFillPullButton
FN:7,handleClick
FNF:2
FNH:2
FNDA:1,AutoFillPullButton
FNDA:1,handleClick
DA:1,1
DA:2,1
DA:3,1
DA:4,1
DA:5,1
DA:6,1
DA:7,1
DA:8,1
DA:9,1
DA:10,1
DA:11,1
DA:12,1
DA:13,1
DA:14,1
DA:15,1
DA:16,1
DA:17,1
DA:18,1
DA:19,1
DA:20,1
LF:20
LH:20
BRDA:4,0,0,1
BRDA:7,1,0,1
BRDA:8,2,0,0
BRDA:10,3,0,0
BRF:4
BRH:2
end_of_record
TN:
SF:src/components/ErrorBoundary.jsx
FN:4,ErrorBoundary
FN:8,getDerivedStateFromError
FN:11,componentDidCatch
FN:14,render
FN:20,onClick
FNF:5
FNH:4
FNDA:3,ErrorBoundary
FNDA:2,getDerivedStateFromError
FNDA:1,componentDidCatch
FNDA:4,render
FNDA:0,onClick
DA:1,1
DA:2,1
DA:3,1
DA:4,1
DA:5,3
DA:6,3
DA:7,3
DA:8,1
DA:9,2
DA:10,2
DA:11,1
DA:12,1
DA:13,1
DA:14,1
DA:15,4
DA:16,2
DA:17,2
DA:18,2
DA:19,2
DA:20,2
DA:21,2
DA:22,2
DA:23,2
DA:24,2
DA:25,4
DA:26,1
DA:27,1
DA:28,1
LF:28
LH:28
BRDA:4,0,0,3
BRDA:8,1,0,2
BRDA:11,2,0,1
BRDA:14,3,0,4
BRDA:15,4,0,2
BRF:5
BRH:5
end_of_record
TN:
SF:src/components/ExistingLinesEditor.jsx
FN:13,ExistingLinesEditor
FN:22,parseCSV
FN:51,update
FN:57,addRow
FN:58,removeRow
FN:59,duplicateRow
FN:65,moveRow
FN:74,importCSV
FN:102,exportCSV
FN:118,rowDeltaInches
FN:126,rowCost
FN:128,exportSummaryCSV
FN:150,onClick
FN:153,onClick
FN:159,onChange
FN:161,onClick
FN:162,onClick
FN:206,onChange
FN:213,onChange
FN:222,onChange
FN:226,onChange
FN:232,onChange
FN:248,onClick
FN:249,onClick
FN:250,onClick
FN:251,onClick
FN:275,onClose
FN:280,CsvMapModal
FN:283,set
FNF:29
FNH:4
FNDA:27,ExistingLinesEditor
FNDA:0,parseCSV
FNDA:0,update
FNDA:0,addRow
FNDA:0,removeRow
FNDA:0,duplicateRow
FNDA:0,moveRow
FNDA:0,importCSV
FNDA:0,exportCSV
FNDA:27,rowDeltaInches
FNDA:27,rowCost
FNDA:0,exportSummaryCSV
FNDA:0,onClick
FNDA:0,onClick
FNDA:0,onChange
FNDA:0,onClick
FNDA:0,onClick
FNDA:0,onChange
FNDA:0,onChange
FNDA:0,onChange
FNDA:0,onChange
FNDA:0,onChange
FNDA:0,onClick
FNDA:0,onClick
FNDA:0,onClick
FNDA:0,onClick
FNDA:0,onClose
FNDA:27,CsvMapModal
FNDA:0,set
DA:1,1
DA:2,1
DA:3,1
DA:4,1
DA:5,1
DA:6,1
DA:7,1
DA:8,1
DA:9,1
DA:10,1
DA:11,1
DA:12,1
DA:13,27
DA:14,27
DA:15,27
DA:16,27
DA:17,27
DA:18,27
DA:19,27
DA:20,27
DA:21,27
DA:22,27
DA:23,0
DA:24,0
DA:25,0
DA:26,0
DA:27,0
DA:28,0
DA:29,0
DA:30,0
DA:31,0
DA:32,0
DA:33,0
DA:34,0
DA:35,0
DA:36,0
DA:37,0
DA:38,0
DA:39,0
DA:40,0
DA:41,0
DA:42,0
DA:43,0
DA:44,0
DA:45,0
DA:46,0
DA:47,0
DA:48,0
DA:49,0
DA:50,27
DA:51,27
DA:52,0
DA:53,0
DA:54,0
DA:55,0
DA:56,27
DA:57,27
DA:58,27
DA:59,27
DA:60,0
DA:61,0
DA:62,0
DA:63,0
DA:64,0
DA:65,27
DA:66,0
DA:67,0
DA:68,0
DA:69,0
DA:70,0
DA:71,0
DA:72,0
DA:73,27
DA:74,27
DA:75,0
DA:76,0
DA:77,0
DA:78,0
DA:79,0
DA:80,0
DA:81,0
DA:82,0
DA:83,0
DA:84,0
DA:85,0
DA:86,0
DA:87,0
DA:88,0
DA:89,0
DA:90,0
DA:91,0
DA:92,0
DA:93,0
DA:94,0
DA:95,0
DA:96,0
DA:97,0
DA:98,0
DA:99,0
DA:100,0
DA:101,27
DA:102,27
DA:103,0
DA:104,0
DA:105,0
DA:106,0
DA:107,0
DA:108,0
DA:109,0
DA:110,0
DA:111,0
DA:112,0
DA:113,0
DA:114,0
DA:115,0
DA:116,0
DA:117,27
DA:118,27
DA:119,27
DA:120,0
DA:121,0
DA:122,27
DA:123,0
DA:124,27
DA:125,27
DA:126,27
DA:127,27
DA:128,27
DA:129,0
DA:130,0
DA:131,0
DA:132,0
DA:133,0
DA:134,0
DA:135,0
DA:136,0
DA:137,0
DA:138,0
DA:139,0
DA:140,0
DA:141,0
DA:142,0
DA:143,0
DA:144,27
DA:145,27
DA:146,27
DA:147,27
DA:148,27
DA:149,27
DA:150,27
DA:151,27
DA:152,27
DA:153,27
DA:154,27
DA:155,27
DA:156,27
DA:157,27
DA:158,0
DA:159,0
DA:160,0
DA:161,0
DA:162,0
DA:163,0
DA:164,0
DA:165,0
DA:166,0
DA:167,0
DA:168,0
DA:169,0
DA:170,0
DA:171,0
DA:172,0
DA:173,0
DA:174,0
DA:175,0
DA:176,0
DA:177,0
DA:178,0
DA:179,0
DA:180,0
DA:181,0
DA:182,0
DA:183,0
DA:184,0
DA:185,0
DA:186,0
DA:187,27
DA:188,27
DA:189,27
DA:190,27
DA:191,27
DA:192,27
DA:193,27
DA:194,27
DA:195,27
DA:196,27
DA:197,27
DA:198,27
DA:199,27
DA:200,27
DA:201,27
DA:202,27
DA:203,27
DA:204,27
DA:205,27
DA:206,27
DA:207,27
DA:208,27
DA:209,27
DA:210,27
DA:211,27
DA:212,27
DA:213,27
DA:214,27
DA:215,27
DA:216,27
DA:217,27
DA:218,27
DA:219,27
DA:220,27
DA:221,27
DA:222,27
DA:223,27
DA:224,27
DA:225,27
DA:226,27
DA:227,27
DA:228,27
DA:229,27
DA:230,27
DA:231,27
DA:232,27
DA:233,27
DA:234,0
DA:235,0
DA:236,0
DA:237,27
DA:238,27
DA:239,27
DA:240,27
DA:241,0
DA:242,0
DA:243,0
DA:244,27
DA:245,27
DA:246,27
DA:247,27
DA:248,27
DA:249,27
DA:250,27
DA:251,27
DA:252,27
DA:253,27
DA:254,27
DA:255,27
DA:256,27
DA:257,27
DA:258,27
DA:259,27
DA:260,27
DA:261,27
DA:262,27
DA:263,27
DA:264,27
DA:265,27
DA:266,0
DA:267,27
DA:268,27
DA:269,27
DA:270,0
DA:271,27
DA:272,27
DA:273,27
DA:274,0
DA:275,27
DA:276,27
DA:277,27
DA:278,27
DA:279,1
DA:280,27
DA:281,27
DA:282,0
DA:283,0
DA:284,0
DA:285,0
DA:286,0
DA:287,0
DA:288,0
DA:289,0
DA:290,0
DA:291,0
DA:292,0
DA:293,0
DA:294,0
DA:295,0
DA:296,0
DA:297,0
DA:298,0
DA:299,0
DA:300,0
DA:301,0
DA:302,0
DA:303,0
DA:304,0
DA:305,0
DA:306,0
LF:306
LH:142
BRDA:13,0,0,27
BRDA:15,1,0,0
BRDA:150,2,0,0
BRDA:157,3,0,0
BRDA:273,4,0,0
BRDA:118,5,0,27
BRDA:119,6,0,0
BRDA:119,7,0,0
BRDA:119,8,0,0
BRDA:122,9,0,0
BRDA:126,10,0,27
BRDA:127,11,0,27
BRDA:202,12,0,27
BRDA:221,13,0,0
BRDA:221,14,0,0
BRDA:231,15,0,0
BRDA:231,16,0,0
BRDA:231,17,0,0
BRDA:233,18,0,0
BRDA:233,19,0,0
BRDA:233,20,0,0
BRDA:233,21,0,0
BRDA:233,22,0,0
BRDA:240,23,0,0
BRDA:208,24,0,108
BRDA:215,25,0,216
BRDA:215,26,0,0
BRDA:216,27,0,324
BRDA:216,28,0,0
BRDA:264,29,0,27
BRDA:265,30,0,0
BRDA:267,31,0,0
BRDA:267,32,0,0
BRDA:267,33,0,0
BRDA:280,34,0,27
BRDA:281,35,0,0
BRF:36
BRH:10
end_of_record
TN:
SF:src/components/Help.jsx
FN:1,(empty-report)
FNF:1
FNH:0
FNDA:0,(empty-report)
DA:1,0
DA:2,0
DA:3,0
DA:4,0
DA:5,0
DA:6,0
DA:7,0
DA:8,0
DA:9,0
DA:10,0
DA:11,0
DA:12,0
DA:13,0
DA:14,0
DA:15,0
DA:16,0
DA:17,0
DA:18,0
DA:19,0
DA:20,0
DA:21,0
DA:22,0
DA:23,0
DA:24,0
DA:25,0
DA:26,0
DA:27,0
DA:28,0
DA:29,0
DA:30,0
DA:31,0
DA:32,0
DA:33,0
DA:34,0
DA:35,0
DA:36,0
DA:37,0
DA:38,0
DA:39,0
DA:40,0
DA:41,0
DA:42,0
DA:43,0
DA:44,0
DA:45,0
DA:46,0
DA:47,0
DA:48,0
DA:49,0
DA:50,0
DA:51,0
DA:52,0
DA:53,0
DA:54,0
DA:55,0
DA:56,0
DA:57,0
DA:58,0
DA:59,0
DA:60,0
DA:61,0
DA:62,0
DA:63,0
DA:64,0
DA:65,0
DA:66,0
DA:67,0
DA:68,0
DA:69,0
DA:70,0
DA:71,0
DA:72,0
DA:73,0
DA:74,0
DA:75,0
DA:76,0
DA:77,0
DA:78,0
DA:79,0
DA:80,0
DA:81,0
DA:82,0
DA:83,0
DA:84,0
DA:85,0
DA:86,0
DA:87,0
DA:88,0
DA:89,0
DA:90,0
DA:91,0
DA:92,0
DA:93,0
DA:94,0
DA:95,0
DA:96,0
DA:97,0
DA:98,0
DA:99,0
DA:100,0
DA:101,0
DA:102,0
DA:103,0
DA:104,0
DA:105,0
DA:106,0
DA:107,0
DA:108,0
DA:109,0
DA:110,0
DA:111,0
DA:112,0
DA:113,0
DA:114,0
DA:115,0
DA:116,0
DA:117,0
DA:118,0
DA:119,0
DA:120,0
DA:121,0
DA:122,0
DA:123,0
DA:124,0
DA:125,0
DA:126,0
DA:127,0
DA:128,0
DA:129,0
DA:130,0
DA:131,0
DA:132,0
DA:133,0
DA:134,0
DA:135,0
DA:136,0
DA:137,0
DA:138,0
DA:139,0
DA:140,0
DA:141,0
DA:142,0
DA:143,0
DA:144,0
DA:145,0
DA:146,0
DA:147,0
DA:148,0
DA:149,0
DA:150,0
DA:151,0
DA:152,0
DA:153,0
DA:154,0
DA:155,0
DA:156,0
DA:157,0
DA:158,0
DA:159,0
DA:160,0
DA:161,0
DA:162,0
DA:163,0
DA:164,0
DA:165,0
DA:166,0
DA:167,0
DA:168,0
DA:169,0
DA:170,0
DA:171,0
DA:172,0
DA:173,0
DA:174,0
DA:175,0
DA:176,0
DA:177,0
DA:178,0
DA:179,0
DA:180,0
DA:181,0
DA:182,0
DA:183,0
DA:184,0
DA:185,0
DA:186,0
DA:187,0
DA:188,0
DA:189,0
DA:190,0
DA:191,0
DA:192,0
DA:193,0
DA:194,0
DA:195,0
DA:196,0
DA:197,0
DA:198,0
DA:199,0
DA:200,0
DA:201,0
DA:202,0
DA:203,0
DA:204,0
DA:205,0
DA:206,0
DA:207,0
DA:208,0
DA:209,0
DA:210,0
DA:211,0
DA:212,0
DA:213,0
DA:214,0
DA:215,0
DA:216,0
DA:217,0
DA:218,0
DA:219,0
DA:220,0
DA:221,0
DA:222,0
DA:223,0
DA:224,0
DA:225,0
DA:226,0
DA:227,0
DA:228,0
DA:229,0
DA:230,0
DA:231,0
DA:232,0
DA:233,0
DA:234,0
DA:235,0
DA:236,0
DA:237,0
DA:238,0
DA:239,0
DA:240,0
DA:241,0
DA:242,0
DA:243,0
DA:244,0
DA:245,0
DA:246,0
DA:247,0
DA:248,0
DA:249,0
DA:250,0
DA:251,0
DA:252,0
DA:253,0
DA:254,0
DA:255,0
DA:256,0
DA:257,0
DA:258,0
DA:259,0
DA:260,0
DA:261,0
DA:262,0
DA:263,0
DA:264,0
DA:265,0
DA:266,0
DA:267,0
DA:268,0
DA:269,0
DA:270,0
DA:271,0
DA:272,0
DA:273,0
DA:274,0
DA:275,0
DA:276,0
DA:277,0
DA:278,0
DA:279,0
DA:280,0
DA:281,0
DA:282,0
DA:283,0
DA:284,0
DA:285,0
DA:286,0
DA:287,0
DA:288,0
DA:289,0
DA:290,0
DA:291,0
DA:292,0
DA:293,0
DA:294,0
DA:295,0
DA:296,0
DA:297,0
DA:298,0
DA:299,0
DA:300,0
DA:301,0
DA:302,0
DA:303,0
DA:304,0
DA:305,0
DA:306,0
DA:307,0
DA:308,0
DA:309,0
DA:310,0
DA:311,0
DA:312,0
DA:313,0
DA:314,0
DA:315,0
DA:316,0
DA:317,0
DA:318,0
DA:319,0
DA:320,0
DA:321,0
DA:322,0
DA:323,0
DA:324,0
DA:325,0
DA:326,0
DA:327,0
DA:328,0
DA:329,0
DA:330,0
DA:331,0
DA:332,0
DA:333,0
DA:334,0
DA:335,0
DA:336,0
DA:337,0
DA:338,0
DA:339,0
DA:340,0
DA:341,0
DA:342,0
DA:343,0
DA:344,0
DA:345,0
DA:346,0
DA:347,0
DA:348,0
DA:349,0
DA:350,0
DA:351,0
DA:352,0
DA:353,0
DA:354,0
DA:355,0
DA:356,0
DA:357,0
DA:358,0
DA:359,0
DA:360,0
DA:361,0
DA:362,0
DA:363,0
DA:364,0
DA:365,0
DA:366,0
DA:367,0
DA:368,0
DA:369,0
DA:370,0
DA:371,0
DA:372,0
DA:373,0
DA:374,0
DA:375,0
DA:376,0
DA:377,0
DA:378,0
DA:379,0
DA:380,0
DA:381,0
DA:382,0
DA:383,0
DA:384,0
DA:385,0
DA:386,0
DA:387,0
DA:388,0
DA:389,0
DA:390,0
DA:391,0
DA:392,0
DA:393,0
DA:394,0
DA:395,0
DA:396,0
DA:397,0
DA:398,0
DA:399,0
DA:400,0
DA:401,0
DA:402,0
DA:403,0
DA:404,0
DA:405,0
DA:406,0
DA:407,0
DA:408,0
DA:409,0
DA:410,0
DA:411,0
DA:412,0
DA:413,0
DA:414,0
DA:415,0
DA:416,0
DA:417,0
DA:418,0
DA:419,0
DA:420,0
DA:421,0
DA:422,0
DA:423,0
DA:424,0
DA:425,0
DA:426,0
DA:427,0
DA:428,0
DA:429,0
DA:430,0
DA:431,0
DA:432,0
DA:433,0
DA:434,0
DA:435,0
DA:436,0
DA:437,0
DA:438,0
DA:439,0
DA:440,0
DA:441,0
DA:442,0
DA:443,0
DA:444,0
DA:445,0
DA:446,0
DA:447,0
DA:448,0
DA:449,0
DA:450,0
DA:451,0
DA:452,0
DA:453,0
DA:454,0
DA:455,0
DA:456,0
DA:457,0
DA:458,0
DA:459,0
DA:460,0
DA:461,0
DA:462,0
DA:463,0
DA:464,0
DA:465,0
DA:466,0
DA:467,0
DA:468,0
DA:469,0
DA:470,0
DA:471,0
DA:472,0
DA:473,0
DA:474,0
DA:475,0
DA:476,0
DA:477,0
DA:478,0
DA:479,0
DA:480,0
DA:481,0
DA:482,0
DA:483,0
DA:484,0
DA:485,0
LF:485
LH:0
BRDA:1,0,0,0
BRF:1
BRH:0
end_of_record
TN:
SF:src/components/JobSetup.jsx
FN:6,JobSetup
FN:44,onCreate
FN:61,onUpdate
FN:79,onDelete
FN:84,onDuplicate
FN:102,onImportBundle
FN:161,onExportBundle
FN:210,onChange
FN:214,onClick
FN:219,onChange
FN:223,onChange
FN:227,onChange
FN:231,onChange
FN:242,onChange
FN:250,onChange
FN:262,onChange
FN:268,onChange
FN:274,onChange
FN:278,onChange
FN:282,onChange
FN:286,onChange
FN:290,onChange
FN:294,onChange
FN:298,onChange
FN:307,onChange
FN:316,onChange
FN:328,onChange
FNF:27
FNH:1
FNDA:3,JobSetup
FNDA:0,onCreate
FNDA:0,onUpdate
FNDA:0,onDelete
FNDA:0,onDuplicate
FNDA:0,onImportBundle
FNDA:0,onExportBundle
FNDA:0,onChange
FNDA:0,onClick
FNDA:0,onChange
FNDA:0,onChange
FNDA:0,onChange
FNDA:0,onChange
FNDA:0,onChange
FNDA:0,onChange
FNDA:0,onChange
FNDA:0,onChange
FNDA:0,onChange
FNDA:0,onChange
FNDA:0,onChange
FNDA:0,onChange
FNDA:0,onChange
FNDA:0,onChange
FNDA:0,onChange
FNDA:0,onChange
FNDA:0,onChange
FNDA:0,onChange
DA:1,1
DA:2,1
DA:3,1
DA:4,1
DA:5,1
DA:6,3
DA:7,3
DA:8,3
DA:9,3
DA:10,3
DA:11,3
DA:12,3
DA:13,3
DA:14,3
DA:15,3
DA:16,3
DA:17,3
DA:18,3
DA:19,3
DA:20,3
DA:21,3
DA:22,3
DA:23,3
DA:24,3
DA:25,3
DA:26,1
DA:27,1
DA:28,1
DA:29,1
DA:30,1
DA:31,1
DA:32,1
DA:33,1
DA:34,1
DA:35,1
DA:36,1
DA:37,1
DA:38,1
DA:39,1
DA:40,1
DA:41,1
DA:42,3
DA:43,3
DA:44,3
DA:45,0
DA:46,0
DA:47,0
DA:48,0
DA:49,0
DA:50,0
DA:51,0
DA:52,0
DA:53,0
DA:54,0
DA:55,0
DA:56,0
DA:57,0
DA:58,0
DA:59,0
DA:60,0
DA:61,3
DA:62,0
DA:63,0
DA:64,0
DA:65,0
DA:66,0
DA:67,0
DA:68,0
DA:69,0
DA:70,0
DA:71,0
DA:72,0
DA:73,0
DA:74,0
DA:75,0
DA:76,0
DA:77,0
DA:78,0
DA:79,3
DA:80,0
DA:81,0
DA:82,0
DA:83,0
DA:84,3
DA:85,0
DA:86,0
DA:87,0
DA:88,0
DA:89,0
DA:90,0
DA:91,0
DA:92,0
DA:93,0
DA:94,0
DA:95,0
DA:96,0
DA:97,0
DA:98,0
DA:99,0
DA:100,0
DA:101,3
DA:102,3
DA:103,0
DA:104,0
DA:105,0
DA:106,0
DA:107,0
DA:108,0
DA:109,0
DA:110,0
DA:111,0
DA:112,0
DA:113,0
DA:114,0
DA:115,0
DA:116,0
DA:117,0
DA:118,0
DA:119,0
DA:120,0
DA:121,0
DA:122,0
DA:123,0
DA:124,0
DA:125,0
DA:126,0
DA:127,0
DA:128,0
DA:129,0
DA:130,0
DA:131,0
DA:132,0
DA:133,0
DA:134,0
DA:135,0
DA:136,0
DA:137,0
DA:138,0
DA:139,0
DA:140,0
DA:141,0
DA:142,0
DA:143,0
DA:144,0
DA:145,0
DA:146,0
DA:147,0
DA:148,0
DA:149,0
DA:150,0
DA:151,0
DA:152,0
DA:153,0
DA:154,0
DA:155,0
DA:156,0
DA:157,0
DA:158,0
DA:159,0
DA:160,3
DA:161,3
DA:162,0
DA:163,0
DA:164,0
DA:165,0
DA:166,0
DA:167,0
DA:168,0
DA:169,0
DA:170,0
DA:171,0
DA:172,0
DA:173,0
DA:174,0
DA:175,0
DA:176,0
DA:177,0
DA:178,0
DA:179,0
DA:180,0
DA:181,0
DA:182,0
DA:183,0
DA:184,0
DA:185,0
DA:186,0
DA:187,0
DA:188,0
DA:189,0
DA:190,0
DA:191,0
DA:192,0
DA:193,0
DA:194,0
DA:195,0
DA:196,0
DA:197,0
DA:198,0
DA:199,3
DA:200,3
DA:201,3
DA:202,3
DA:203,3
DA:204,3
DA:205,3
DA:206,3
DA:207,3
DA:208,3
DA:209,3
DA:210,3
DA:211,3
DA:212,3
DA:213,3
DA:214,3
DA:215,3
DA:216,3
DA:217,3
DA:218,3
DA:219,3
DA:220,3
DA:221,3
DA:222,3
DA:223,3
DA:224,3
DA:225,3
DA:226,3
DA:227,3
DA:228,3
DA:229,3
DA:230,3
DA:231,3
DA:232,3
DA:233,3
DA:234,3
DA:235,3
DA:236,3
DA:237,3
DA:238,3
DA:239,3
DA:240,3
DA:241,3
DA:242,3
DA:243,3
DA:244,3
DA:245,3
DA:246,3
DA:247,3
DA:248,3
DA:249,3
DA:250,3
DA:251,3
DA:252,3
DA:253,3
DA:254,3
DA:255,3
DA:256,3
DA:257,3
DA:258,3
DA:259,3
DA:260,3
DA:261,3
DA:262,3
DA:263,3
DA:264,3
DA:265,3
DA:266,3
DA:267,3
DA:268,3
DA:269,3
DA:270,3
DA:271,3
DA:272,3
DA:273,3
DA:274,3
DA:275,3
DA:276,3
DA:277,3
DA:278,3
DA:279,3
DA:280,3
DA:281,3
DA:282,3
DA:283,3
DA:284,3
DA:285,3
DA:286,3
DA:287,3
DA:288,3
DA:289,3
DA:290,3
DA:291,3
DA:292,3
DA:293,3
DA:294,3
DA:295,3
DA:296,3
DA:297,3
DA:298,3
DA:299,3
DA:300,3
DA:301,3
DA:302,3
DA:303,3
DA:304,3
DA:305,3
DA:306,3
DA:307,3
DA:308,3
DA:309,3
DA:310,3
DA:311,3
DA:312,3
DA:313,3
DA:314,3
DA:315,3
DA:316,3
DA:317,3
DA:318,3
DA:319,3
DA:320,3
DA:321,3
DA:322,3
DA:323,3
DA:324,3
DA:325,3
DA:326,3
DA:327,3
DA:328,3
DA:329,3
DA:330,3
DA:331,3
DA:332,0
DA:333,3
DA:334,3
DA:335,3
DA:336,3
LF:336
LH:188
BRDA:6,0,0,3
BRDA:14,1,0,0
BRDA:204,2,0,0
BRDA:212,3,0,0
BRDA:263,4,0,0
BRDA:269,5,0,0
BRDA:306,6,0,0
BRDA:331,7,0,0
BRDA:25,8,0,1
BRDA:31,9,0,0
BRDA:32,10,0,0
BRDA:33,11,0,0
BRDA:33,12,0,0
BRDA:34,13,0,0
BRDA:35,14,0,0
BRDA:36,15,0,0
BRDA:37,16,0,0
BRDA:38,17,0,0
BRDA:39,18,0,0
BRDA:40,19,0,0
BRDA:41,20,0,0
BRDA:244,21,0,24
BRDA:244,22,0,0
BRDA:252,23,0,36
BRDA:252,24,0,0
BRDA:263,25,0,12
BRDA:269,26,0,15
BRF:27
BRH:6
end_of_record
TN:
SF:src/components/LazyImportPanel.jsx
FN:1,(empty-report)
FNF:1
FNH:0
FNDA:0,(empty-report)
DA:1,0
DA:2,0
DA:3,0
DA:4,0
DA:5,0
DA:6,0
DA:7,0
DA:8,0
DA:9,0
DA:10,0
DA:11,0
DA:12,0
DA:13,0
DA:14,0
DA:15,0
DA:16,0
DA:17,0
DA:18,0
DA:19,0
DA:20,0
DA:21,0
DA:22,0
DA:23,0
DA:24,0
DA:25,0
DA:26,0
DA:27,0
DA:28,0
DA:29,0
DA:30,0
DA:31,0
DA:32,0
DA:33,0
DA:34,0
DA:35,0
DA:36,0
LF:36
LH:0
BRDA:1,0,0,0
BRF:1
BRH:0
end_of_record
TN:
SF:src/components/LazyPermitGenerator.jsx
FN:1,(empty-report)
FNF:1
FNH:0
FNDA:0,(empty-report)
DA:1,0
DA:2,0
DA:3,0
DA:4,0
DA:5,0
DA:6,0
DA:7,0
DA:8,0
DA:9,0
DA:10,0
DA:11,0
DA:12,0
DA:13,0
DA:14,0
DA:15,0
DA:16,0
DA:17,0
DA:18,0
DA:19,0
DA:20,0
DA:21,0
DA:22,0
DA:23,0
DA:24,0
DA:25,0
DA:26,0
DA:27,0
DA:28,0
DA:29,0
LF:29
LH:0
BRDA:1,0,0,0
BRF:1
BRH:0
end_of_record
TN:
SF:src/components/LazyProposedLineCalculator.jsx
FN:7,CalculatorLoading
FN:17,LazyProposedLineCalculator
FNF:2
FNH:2
FNDA:1,CalculatorLoading
FNDA:1,LazyProposedLineCalculator
DA:1,1
DA:2,1
DA:3,1
DA:4,1
DA:5,1
DA:6,1
DA:7,1
DA:8,1
DA:9,1
DA:10,1
DA:11,1
DA:12,1
DA:13,1
DA:14,1
DA:15,1
DA:16,1
DA:17,1
DA:18,1
DA:19,1
DA:20,1
DA:21,1
DA:22,1
DA:23,1
LF:23
LH:23
BRDA:4,0,0,1
BRDA:7,1,0,1
BRDA:17,2,0,1
BRF:3
BRH:3
end_of_record
TN:
SF:src/components/OSPErrorBoundary.jsx
FN:1,(empty-report)
FNF:1
FNH:0
FNDA:0,(empty-report)
DA:1,0
DA:2,0
DA:3,0
DA:4,0
DA:5,0
DA:6,0
DA:7,0
DA:8,0
DA:9,0
DA:10,0
DA:11,0
DA:12,0
DA:13,0
DA:14,0
DA:15,0
DA:16,0
DA:17,0
DA:18,0
DA:19,0
DA:20,0
DA:21,0
DA:22,0
DA:23,0
DA:24,0
DA:25,0
DA:26,0
DA:27,0
DA:28,0
DA:29,0
DA:30,0
DA:31,0
DA:32,0
DA:33,0
DA:34,0
DA:35,0
DA:36,0
DA:37,0
DA:38,0
DA:39,0
DA:40,0
DA:41,0
DA:42,0
DA:43,0
DA:44,0
DA:45,0
DA:46,0
DA:47,0
DA:48,0
DA:49,0
DA:50,0
DA:51,0
DA:52,0
DA:53,0
DA:54,0
DA:55,0
DA:56,0
DA:57,0
DA:58,0
DA:59,0
DA:60,0
DA:61,0
DA:62,0
DA:63,0
DA:64,0
DA:65,0
DA:66,0
DA:67,0
DA:68,0
DA:69,0
DA:70,0
DA:71,0
DA:72,0
DA:73,0
DA:74,0
DA:75,0
DA:76,0
DA:77,0
DA:78,0
DA:79,0
DA:80,0
DA:81,0
DA:82,0
DA:83,0
DA:84,0
DA:85,0
DA:86,0
DA:87,0
DA:88,0
DA:89,0
DA:90,0
DA:91,0
DA:92,0
LF:92
LH:0
BRDA:1,0,0,0
BRF:1
BRH:0
end_of_record
TN:
SF:src/components/OspApplication.jsx
FN:1,(empty-report)
FNF:1
FNH:0
FNDA:0,(empty-report)
DA:1,0
DA:2,0
DA:3,0
DA:4,0
DA:5,0
DA:6,0
DA:7,0
DA:8,0
DA:9,0
DA:10,0
DA:11,0
DA:12,0
DA:13,0
DA:14,0
DA:15,0
DA:16,0
DA:17,0
DA:18,0
DA:19,0
DA:20,0
DA:21,0
DA:22,0
DA:23,0
DA:24,0
DA:25,0
DA:26,0
DA:27,0
DA:28,0
DA:29,0
DA:30,0
DA:31,0
DA:32,0
DA:33,0
DA:34,0
DA:35,0
DA:36,0
DA:37,0
DA:38,0
DA:39,0
DA:40,0
DA:41,0
DA:42,0
DA:43,0
DA:44,0
DA:45,0
DA:46,0
DA:47,0
DA:48,0
DA:49,0
DA:50,0
DA:51,0
DA:52,0
DA:53,0
DA:54,0
DA:55,0
DA:56,0
DA:57,0
DA:58,0
DA:59,0
DA:60,0
DA:61,0
DA:62,0
DA:63,0
DA:64,0
DA:65,0
LF:65
LH:0
BRDA:1,0,0,0
BRF:1
BRH:0
end_of_record
TN:
SF:src/components/PoleSketch.jsx
FN:1,(empty-report)
FNF:1
FNH:0
FNDA:0,(empty-report)
DA:1,0
DA:2,0
DA:3,0
DA:4,0
DA:5,0
DA:6,0
DA:7,0
DA:8,0
DA:9,0
DA:10,0
DA:11,0
DA:12,0
LF:12
LH:0
BRDA:1,0,0,0
BRF:1
BRH:0
end_of_record
TN:
SF:src/components/ProposedLineCalculator.jsx
FN:18,ProposedLineCalculator
FN:180,IntersectionObserver.rootMargin
FN:240,useDeviceGPS
FN:292,onChange
FN:300,onClick
FN:318,onClick
FN:326,onChange
FN:327,onChange
FN:328,onChange
FN:331,onChange
FN:333,onChange
FN:344,onChange
FN:345,onChange
FN:361,onChange
FN:368,onChange
FN:369,onChange
FN:370,onChange
FN:371,onChange
FN:372,onChange
FN:373,onChange
FN:374,onChange
FN:375,onChange
FN:376,onChange
FN:377,onChange
FN:378,onChange
FN:379,onChange
FN:380,onChange
FN:381,onChange
FN:382,onChange
FN:383,onChange
FN:400,onChange
FN:401,onChange
FN:402,onChange
FN:403,onChange
FN:404,onChange
FN:424,onClick
FN:444,onClick
FN:464,onClick
FN:485,onClick
FN:490,openHelp
FN:502,onClick
FN:506,onClick
FN:520,onClick
FN:536,onClose
FN:542,InlineResultsErrorBoundary
FN:547,getDerivedStateFromError
FN:551,componentDidCatch
FN:556,render
FN:570,SectionTips
FN:637,SectionSaveButton
FN:646,onClick
FN:658,FieldActionsCompact
FN:662,exportGeo
FN:681,exportCollected
FN:694,exportFirst25
FN:706,exportSpansZip
FN:745,exportByProfile
FN:756,exportRowsByProfileInternal
FN:772,exportAepZipInternal
FN:794,onChange
FN:803,onClick
FN:804,onClick
FN:805,onClick
FN:807,onClick
FN:812,getAttachToleranceIn
FN:816,computeVarianceIn
FN:823,evaluateVariancePass
FN:832,AutoMapPreviewModal
FN:835,diff
FN:875,Input
FN:891,Select
FN:913,Checkbox
FN:930,ProfileTuner
FN:939,onChangeGlobal
FN:944,onChangeJob
FN:949,onResetJobOverrides
FN:954,Editor
FN:960,onChange
FN:1001,ResultsPanel
FN:1092,AgencyTemplatesPanel
FN:1142,FormAutofillPanel
FN:1189,onFill
FN:1222,onSavePreset
FN:1231,onLoadPreset
FN:1239,onDeletePreset
FN:1244,onAutoLayout
FN:1266,onFillByForm
FN:1293,onChange
FN:1298,onChange
FN:1305,onChange
FN:1312,onChange
FN:1316,onClick
FN:1336,CompliancePanel
FN:1380,PrintableReport
FN:1499,ScenarioButtons
FN:1501,snapshot
FN:1520,load
FN:1542,onClick
FN:1543,onClick
FN:1544,onClick
FN:1545,onClick
FN:1550,ExportButtons
FN:1552,onCSV
FN:1562,onPDF
FN:1576,PermitPackButton
FN:1598,onPermit
FN:1919,InteropExportButton
FN:1934,onExport
FN:1997,onClick
FN:2003,onClick
FN:2008,onChange
FN:2014,onChange
FN:2022,onChange
FN:2023,onChange
FN:2024,onChange
FN:2037,FieldCollection
FN:2050,handleRowGPS
FN:2061,onDone
FN:2093,onSaveDraft
FN:2123,onSelectPhoto
FN:2158,exportCollected
FN:2172,exportFirst25
FN:2185,exportSpansZip
FN:2230,exportAepZip
FN:2267,exportByProfile
FN:2307,exportFilteredByProfile
FN:2346,exportDoneOnly
FN:2350,exportFailOnly
FN:2356,exportGeo
FN:2399,exportRowsByProfile
FN:2481,onClick
FN:2491,onChange
FN:2499,onChange
FN:2507,onChange
FN:2516,onChange
FN:2517,onChange
FN:2519,onChange
FN:2520,onClick
FN:2533,onClick
FN:2534,onClick
FN:2536,onClick
FN:2537,onChange
FN:2538,onChange
FN:2551,onChange
FN:2560,onClick
FN:2561,onClick
FN:2562,onClick
FN:2569,onClick
FN:2732,BatchReport
FN:2860,ImportPanel
FN:2875,onImport
FN:2918,update
FN:2925,onChange
FN:2933,onChange
FN:2942,onClick
FN:2963,onChange
FN:2971,onClick
FN:2972,onClick
FN:2976,onClick
FN:2983,onClick
FN:3015,onClick
FN:3028,onChange
FN:3050,onChange
FN:3060,onChange
FN:3062,onClick
FN:3070,onClick
FN:3085,onClick
FN:3086,onClick
FN:3100,onChange
FN:3102,onClick
FN:3110,onClick
FN:3125,onClick
FN:3126,onClick
FN:3140,onChange
FN:3142,onClick
FN:3152,onClose
FN:3156,onSave
FN:3160,onClose
FN:3163,onApply
FN:3169,MappingConfigModal
FN:3175,setField
FN:3206,onChange
FN:3207,onClick
FN:3213,LogoUpload
FN:3215,onFile
FN:3230,HelpModal
FN:3242,downloadSampleCSV
FN:3256,downloadSampleKML
FNF:188
FNH:25
FNDA:14,ProposedLineCalculator
FNDA:0,IntersectionObserver.rootMargin
FNDA:0,useDeviceGPS
FNDA:0,onChange
FNDA:0,onClick
FNDA:1,onClick
FNDA:0,onChange
FNDA:0,onChange
FNDA:0,onChange
FNDA:0,onChange
FNDA:0,onChange
FNDA:0,onChange
FNDA:0,onChange
FNDA:0,onChange
FNDA:0,onChange
FNDA:0,onChange
FNDA:0,onChange
FNDA:0,onChange
FNDA:0,onChange
FNDA:0,onChange
FNDA:0,onChange
FNDA:0,onChange
FNDA:0,onChange
FNDA:0,onChange
FNDA:0,onChange
FNDA:0,onChange
FNDA:0,onChange
FNDA:0,onChange
FNDA:0,onChange
FNDA:0,onChange
FNDA:0,onChange
FNDA:0,onChange
FNDA:0,onChange
FNDA:0,onChange
FNDA:0,onChange
FNDA:0,onClick
FNDA:0,onClick
FNDA:0,onClick
FNDA:0,onClick
FNDA:0,openHelp
FNDA:0,onClick
FNDA:0,onClick
FNDA:0,onClick
FNDA:0,onClose
FNDA:13,InlineResultsErrorBoundary
FNDA:0,getDerivedStateFromError
FNDA:0,componentDidCatch
FNDA:14,render
FNDA:73,SectionTips
FNDA:303,SectionSaveButton
FNDA:0,onClick
FNDA:27,FieldActionsCompact
FNDA:0,exportGeo
FNDA:0,exportCollected
FNDA:0,exportFirst25
FNDA:0,exportSpansZip
FNDA:0,exportByProfile
FNDA:0,exportRowsByProfileInternal
FNDA:0,exportAepZipInternal
FNDA:0,onChange
FNDA:0,onClick
FNDA:0,onClick
FNDA:0,onClick
FNDA:0,onClick
FNDA:0,getAttachToleranceIn
FNDA:0,computeVarianceIn
FNDA:0,evaluateVariancePass
FNDA:27,AutoMapPreviewModal
FNDA:0,diff
FNDA:138,Input
FNDA:24,Select
FNDA:3,Checkbox
FNDA:6,ProfileTuner
FNDA:0,onChangeGlobal
FNDA:0,onChangeJob
FNDA:0,onResetJobOverrides
FNDA:114,Editor
FNDA:0,onChange
FNDA:27,ResultsPanel
FNDA:27,AgencyTemplatesPanel
FNDA:40,FormAutofillPanel
FNDA:0,onFill
FNDA:0,onSavePreset
FNDA:0,onLoadPreset
FNDA:0,onDeletePreset
FNDA:0,onAutoLayout
FNDA:0,onFillByForm
FNDA:0,onChange
FNDA:0,onChange
FNDA:0,onChange
FNDA:0,onChange
FNDA:0,onClick
FNDA:0,CompliancePanel
FNDA:0,PrintableReport
FNDA:27,ScenarioButtons
FNDA:0,snapshot
FNDA:0,load
FNDA:0,onClick
FNDA:0,onClick
FNDA:0,onClick
FNDA:0,onClick
FNDA:27,ExportButtons
FNDA:0,onCSV
FNDA:0,onPDF
FNDA:27,PermitPackButton
FNDA:0,onPermit
FNDA:27,InteropExportButton
FNDA:0,onExport
FNDA:0,onClick
FNDA:0,onClick
FNDA:0,onChange
FNDA:0,onChange
FNDA:0,onChange
FNDA:0,onChange
FNDA:0,onChange
FNDA:27,FieldCollection
FNDA:0,handleRowGPS
FNDA:0,onDone
FNDA:0,onSaveDraft
FNDA:0,onSelectPhoto
FNDA:0,exportCollected
FNDA:0,exportFirst25
FNDA:0,exportSpansZip
FNDA:0,exportAepZip
FNDA:0,exportByProfile
FNDA:0,exportFilteredByProfile
FNDA:0,exportDoneOnly
FNDA:0,exportFailOnly
FNDA:0,exportGeo
FNDA:0,exportRowsByProfile
FNDA:0,onClick
FNDA:0,onChange
FNDA:0,onChange
FNDA:0,onChange
FNDA:0,onChange
FNDA:0,onChange
FNDA:0,onChange
FNDA:0,onClick
FNDA:0,onClick
FNDA:0,onClick
FNDA:0,onClick
FNDA:0,onChange
FNDA:0,onChange
FNDA:0,onChange
FNDA:0,onClick
FNDA:0,onClick
FNDA:0,onClick
FNDA:0,onClick
FNDA:0,BatchReport
FNDA:27,ImportPanel
FNDA:0,onImport
FNDA:0,update
FNDA:0,onChange
FNDA:0,onChange
FNDA:0,onClick
FNDA:0,onChange
FNDA:0,onClick
FNDA:0,onClick
FNDA:0,onClick
FNDA:0,onClick
FNDA:0,onClick
FNDA:0,onChange
FNDA:0,onChange
FNDA:0,onChange
FNDA:0,onClick
FNDA:0,onClick
FNDA:0,onClick
FNDA:0,onClick
FNDA:0,onChange
FNDA:0,onClick
FNDA:0,onClick
FNDA:0,onClick
FNDA:0,onClick
FNDA:0,onChange
FNDA:0,onClick
FNDA:0,onClose
FNDA:0,onSave
FNDA:0,onClose
FNDA:0,onApply
FNDA:27,MappingConfigModal
FNDA:0,setField
FNDA:0,onChange
FNDA:0,onClick
FNDA:6,LogoUpload
FNDA:0,onFile
FNDA:14,HelpModal
FNDA:0,downloadSampleCSV
FNDA:0,downloadSampleKML
DA:1,1
DA:2,1
DA:3,1
DA:4,1
DA:5,1
DA:6,1
DA:7,1
DA:8,1
DA:9,1
DA:10,1
DA:11,1
DA:12,1
DA:13,1
DA:14,1
DA:15,1
DA:16,1
DA:17,1
DA:18,14
DA:19,14
DA:20,14
DA:21,14
DA:22,14
DA:23,14
DA:24,14
DA:25,14
DA:26,14
DA:27,14
DA:28,14
DA:29,14
DA:30,14
DA:31,14
DA:32,14
DA:33,14
DA:34,14
DA:35,14
DA:36,14
DA:37,14
DA:38,14
DA:39,14
DA:40,14
DA:41,14
DA:42,14
DA:43,14
DA:44,14
DA:45,14
DA:46,14
DA:47,14
DA:48,14
DA:49,14
DA:50,14
DA:51,14
DA:52,14
DA:53,14
DA:54,14
DA:55,14
DA:56,14
DA:57,14
DA:58,14
DA:59,14
DA:60,14
DA:61,14
DA:62,14
DA:63,14
DA:64,14
DA:65,14
DA:66,14
DA:67,14
DA:68,14
DA:69,14
DA:70,14
DA:71,14
DA:72,14
DA:73,14
DA:74,14
DA:75,14
DA:76,14
DA:77,14
DA:78,14
DA:79,14
DA:80,14
DA:81,14
DA:82,14
DA:83,14
DA:84,14
DA:85,14
DA:86,14
DA:87,14
DA:88,14
DA:89,14
DA:90,14
DA:91,69
DA:92,69
DA:93,69
DA:94,69
DA:95,69
DA:96,69
DA:97,69
DA:98,69
DA:99,69
DA:100,69
DA:101,69
DA:102,69
DA:103,69
DA:104,69
DA:105,69
DA:106,69
DA:107,69
DA:108,69
DA:109,69
DA:110,69
DA:111,69
DA:112,69
DA:113,69
DA:114,69
DA:115,69
DA:116,69
DA:117,69
DA:118,69
DA:119,69
DA:120,69
DA:121,69
DA:122,69
DA:123,69
DA:124,69
DA:125,69
DA:126,69
DA:127,69
DA:128,69
DA:129,69
DA:130,69
DA:131,69
DA:132,69
DA:133,69
DA:134,69
DA:135,69
DA:136,69
DA:137,69
DA:138,69
DA:139,69
DA:140,69
DA:141,69
DA:142,69
DA:143,69
DA:144,69
DA:145,69
DA:146,69
DA:147,69
DA:148,69
DA:149,69
DA:150,69
DA:151,69
DA:152,69
DA:153,69
DA:154,69
DA:155,69
DA:156,69
DA:157,14
DA:158,14
DA:159,14
DA:160,14
DA:161,14
DA:162,14
DA:163,14
DA:164,14
DA:165,14
DA:166,13
DA:167,13
DA:168,13
DA:169,13
DA:170,0
DA:171,0
DA:172,14
DA:173,14
DA:174,14
DA:175,14
DA:176,14
DA:177,13
DA:178,13
DA:179,13
DA:180,13
DA:181,0
DA:182,0
DA:183,0
DA:184,0
DA:185,0
DA:186,13
DA:187,13
DA:188,13
DA:189,14
DA:190,14
DA:191,14
DA:192,14
DA:193,13
DA:194,13
DA:195,13
DA:196,0
DA:197,0
DA:198,0
DA:199,0
DA:200,13
DA:201,13
DA:202,14
DA:203,14
DA:204,14
DA:205,14
DA:206,13
DA:207,13
DA:208,13
DA:209,13
DA:210,13
DA:211,13
DA:212,13
DA:213,13
DA:214,13
DA:215,13
DA:216,13
DA:217,13
DA:218,13
DA:219,13
DA:220,13
DA:221,13
DA:222,13
DA:223,13
DA:224,13
DA:225,13
DA:226,13
DA:227,13
DA:228,0
DA:229,14
DA:230,14
DA:231,14
DA:232,14
DA:233,14
DA:234,14
DA:235,14
DA:236,14
DA:237,14
DA:238,14
DA:239,14
DA:240,14
DA:241,0
DA:242,0
DA:243,0
DA:244,0
DA:245,0
DA:246,0
DA:247,0
DA:248,0
DA:249,0
DA:250,0
DA:251,0
DA:252,0
DA:253,0
DA:254,0
DA:255,0
DA:256,0
DA:257,0
DA:258,14
DA:259,14
DA:260,14
DA:261,14
DA:262,14
DA:263,14
DA:264,14
DA:265,14
DA:266,14
DA:267,14
DA:268,14
DA:269,14
DA:270,14
DA:271,14
DA:272,84
DA:273,84
DA:274,84
DA:275,84
DA:276,84
DA:277,84
DA:278,84
DA:279,14
DA:280,70
DA:281,84
DA:282,84
DA:283,84
DA:284,84
DA:285,14
DA:286,14
DA:287,14
DA:288,14
DA:289,14
DA:290,14
DA:291,14
DA:292,14
DA:293,14
DA:294,14
DA:295,14
DA:296,14
DA:297,14
DA:298,14
DA:299,14
DA:300,14
DA:301,14
DA:302,14
DA:303,14
DA:304,14
DA:305,14
DA:306,14
DA:307,14
DA:308,14
DA:309,14
DA:310,14
DA:311,14
DA:312,14
DA:313,14
DA:314,14
DA:315,14
DA:316,14
DA:317,14
DA:318,14
DA:319,14
DA:320,14
DA:321,14
DA:322,14
DA:323,14
DA:324,3
DA:325,3
DA:326,3
DA:327,3
DA:328,3
DA:329,3
DA:330,3
DA:331,3
DA:332,3
DA:333,3
DA:334,3
DA:335,3
DA:336,3
DA:337,3
DA:338,3
DA:339,3
DA:340,3
DA:341,3
DA:342,3
DA:343,3
DA:344,3
DA:345,3
DA:346,0
DA:347,0
DA:348,0
DA:349,0
DA:350,0
DA:351,0
DA:352,3
DA:353,3
DA:354,3
DA:355,3
DA:356,3
DA:357,3
DA:358,3
DA:359,3
DA:360,3
DA:361,3
DA:362,3
DA:363,3
DA:364,3
DA:365,3
DA:366,3
DA:367,3
DA:368,3
DA:369,3
DA:370,3
DA:371,3
DA:372,3
DA:373,3
DA:374,3
DA:375,3
DA:376,3
DA:377,3
DA:378,3
DA:379,3
DA:380,3
DA:381,3
DA:382,3
DA:383,3
DA:384,3
DA:385,3
DA:386,3
DA:387,3
DA:388,3
DA:389,3
DA:390,3
DA:391,3
DA:392,3
DA:393,3
DA:394,3
DA:395,3
DA:396,3
DA:397,3
DA:398,3
DA:399,3
DA:400,3
DA:401,3
DA:402,3
DA:403,3
DA:404,3
DA:405,3
DA:406,14
DA:407,14
DA:408,14
DA:409,14
DA:410,14
DA:411,14
DA:412,14
DA:413,14
DA:414,14
DA:415,14
DA:416,14
DA:417,14
DA:418,14
DA:419,14
DA:420,14
DA:421,14
DA:422,14
DA:423,14
DA:424,14
DA:425,14
DA:426,14
DA:427,14
DA:428,14
DA:429,14
DA:430,14
DA:431,14
DA:432,14
DA:433,14
DA:434,14
DA:435,14
DA:436,14
DA:437,14
DA:438,14
DA:439,14
DA:440,14
DA:441,14
DA:442,14
DA:443,14
DA:444,14
DA:445,14
DA:446,14
DA:447,14
DA:448,14
DA:449,14
DA:450,14
DA:451,14
DA:452,14
DA:453,14
DA:454,14
DA:455,14
DA:456,14
DA:457,14
DA:458,14
DA:459,14
DA:460,14
DA:461,14
DA:462,14
DA:463,14
DA:464,14
DA:465,14
DA:466,14
DA:467,14
DA:468,14
DA:469,14
DA:470,14
DA:471,14
DA:472,14
DA:473,14
DA:474,14
DA:475,14
DA:476,14
DA:477,14
DA:478,14
DA:479,14
DA:480,14
DA:481,14
DA:482,14
DA:483,14
DA:484,14
DA:485,14
DA:486,14
DA:487,14
DA:488,14
DA:489,14
DA:490,14
DA:491,14
DA:492,14
DA:493,14
DA:494,14
DA:495,14
DA:496,14
DA:497,14
DA:498,14
DA:499,14
DA:500,14
DA:501,14
DA:502,14
DA:503,14
DA:504,14
DA:505,14
DA:506,14
DA:507,14
DA:508,14
DA:509,14
DA:510,14
DA:511,14
DA:512,14
DA:513,14
DA:514,14
DA:515,14
DA:516,14
DA:517,14
DA:518,14
DA:519,14
DA:520,14
DA:521,14
DA:522,14
DA:523,14
DA:524,14
DA:525,14
DA:526,14
DA:527,14
DA:528,14
DA:529,0
DA:530,14
DA:531,14
DA:532,14
DA:533,14
DA:534,14
DA:535,14
DA:536,14
DA:537,14
DA:538,14
DA:539,14
DA:540,1
DA:541,1
DA:542,1
DA:543,13
DA:544,13
DA:545,13
DA:546,1
DA:547,1
DA:548,0
DA:549,0
DA:550,1
DA:551,1
DA:552,0
DA:553,0
DA:554,0
DA:555,1
DA:556,1
DA:557,14
DA:558,0
DA:559,0
DA:560,0
DA:561,0
DA:562,0
DA:563,0
DA:564,0
DA:565,14
DA:566,14
DA:567,1
DA:568,1
DA:569,1
DA:570,73
DA:571,73
DA:572,68
DA:573,68
DA:574,3
DA:575,3
DA:576,3
DA:577,3
DA:578,3
DA:579,3
DA:580,3
DA:581,3
DA:582,68
DA:583,13
DA:584,13
DA:585,13
DA:586,13
DA:587,13
DA:588,68
DA:589,13
DA:590,13
DA:591,13
DA:592,13
DA:593,13
DA:594,68
DA:595,13
DA:596,13
DA:597,13
DA:598,13
DA:599,68
DA:600,13
DA:601,13
DA:602,13
DA:603,13
DA:604,13
DA:605,13
DA:606,13
DA:607,68
DA:608,13
DA:609,13
DA:610,13
DA:611,13
DA:612,13
DA:613,13
DA:614,68
DA:615,0
DA:616,68
DA:617,73
DA:618,73
DA:619,73
DA:620,73
DA:621,73
DA:622,73
DA:623,73
DA:624,73
DA:625,256
DA:626,73
DA:627,73
DA:628,73
DA:629,73
DA:630,73
DA:631,1
DA:632,1
DA:633,1
DA:634,1
DA:635,1
DA:636,1
DA:637,303
DA:638,303
DA:639,303
DA:640,303
DA:641,303
DA:642,303
DA:643,303
DA:644,303
DA:645,303
DA:646,303
DA:647,303
DA:648,303
DA:649,303
DA:650,303
DA:651,303
DA:652,1
DA:653,1
DA:654,1
DA:655,1
DA:656,1
DA:657,1
DA:658,27
DA:659,27
DA:660,27
DA:661,27
DA:662,27
DA:663,0
DA:664,0
DA:665,0
DA:666,0
DA:667,0
DA:668,0
DA:669,0
DA:670,0
DA:671,0
DA:672,0
DA:673,0
DA:674,0
DA:675,0
DA:676,0
DA:677,0
DA:678,0
DA:679,0
DA:680,0
DA:681,27
DA:682,0
DA:683,0
DA:684,0
DA:685,0
DA:686,0
DA:687,0
DA:688,0
DA:689,0
DA:690,0
DA:691,0
DA:692,0
DA:693,0
DA:694,27
DA:695,0
DA:696,0
DA:697,0
DA:698,0
DA:699,0
DA:700,0
DA:701,0
DA:702,0
DA:703,0
DA:704,0
DA:705,0
DA:706,27
DA:707,0
DA:708,0
DA:709,0
DA:710,0
DA:711,0
DA:712,0
DA:713,0
DA:714,0
DA:715,0
DA:716,0
DA:717,0
DA:718,0
DA:719,0
DA:720,0
DA:721,0
DA:722,0
DA:723,0
DA:724,0
DA:725,0
DA:726,0
DA:727,0
DA:728,0
DA:729,0
DA:730,0
DA:731,0
DA:732,0
DA:733,0
DA:734,0
DA:735,0
DA:736,0
DA:737,0
DA:738,0
DA:739,0
DA:740,0
DA:741,0
DA:742,0
DA:743,0
DA:744,0
DA:745,27
DA:746,0
DA:747,0
DA:748,0
DA:749,0
DA:750,0
DA:751,0
DA:752,0
DA:753,0
DA:754,0
DA:755,0
DA:756,27
DA:757,0
DA:758,0
DA:759,0
DA:760,0
DA:761,0
DA:762,0
DA:763,0
DA:764,0
DA:765,0
DA:766,0
DA:767,0
DA:768,0
DA:769,0
DA:770,0
DA:771,0
DA:772,27
DA:773,0
DA:774,0
DA:775,0
DA:776,0
DA:777,0
DA:778,0
DA:779,0
DA:780,0
DA:781,0
DA:782,0
DA:783,0
DA:784,0
DA:785,0
DA:786,0
DA:787,0
DA:788,0
DA:789,0
DA:790,27
DA:791,27
DA:792,27
DA:793,27
DA:794,27
DA:795,27
DA:796,27
DA:797,27
DA:798,27
DA:799,27
DA:800,27
DA:801,27
DA:802,27
DA:803,27
DA:804,27
DA:805,27
DA:806,27
DA:807,27
DA:808,27
DA:809,27
DA:810,27
DA:811,1
DA:812,0
DA:813,0
DA:814,0
DA:815,0
DA:816,0
DA:817,0
DA:818,0
DA:819,0
DA:820,0
DA:821,0
DA:822,0
DA:823,0
DA:824,0
DA:825,0
DA:826,0
DA:827,0
DA:828,0
DA:829,0
DA:830,0
DA:831,1
DA:832,27
DA:833,27
DA:834,0
DA:835,0
DA:836,0
DA:837,0
DA:838,0
DA:839,0
DA:840,0
DA:841,0
DA:842,0
DA:843,0
DA:844,0
DA:845,0
DA:846,0
DA:847,0
DA:848,0
DA:849,0
DA:850,0
DA:851,0
DA:852,0
DA:853,0
DA:854,0
DA:855,0
DA:856,0
DA:857,0
DA:858,0
DA:859,0
DA:860,0
DA:861,0
DA:862,0
DA:863,0
DA:864,0
DA:865,0
DA:866,1
DA:867,1
DA:868,1
DA:869,1
DA:870,1
DA:871,1
DA:872,1
DA:873,1
DA:874,1
DA:875,138
DA:876,138
DA:877,138
DA:878,138
DA:879,138
DA:880,138
DA:881,138
DA:882,138
DA:883,138
DA:884,138
DA:885,138
DA:886,1
DA:887,1
DA:888,1
DA:889,1
DA:890,1
DA:891,24
DA:892,24
DA:893,24
DA:894,24
DA:895,24
DA:896,24
DA:897,24
DA:898,24
DA:899,24
DA:900,24
DA:901,24
DA:902,24
DA:903,24
DA:904,1
DA:905,1
DA:906,1
DA:907,1
DA:908,1
DA:909,1
DA:910,1
DA:911,1
DA:912,1
DA:913,3
DA:914,3
DA:915,3
DA:916,3
DA:917,3
DA:918,3
DA:919,3
DA:920,3
DA:921,3
DA:922,3
DA:923,3
DA:924,3
DA:925,1
DA:926,1
DA:927,1
DA:928,1
DA:929,1
DA:930,6
DA:931,6
DA:932,6
DA:933,6
DA:934,6
DA:935,6
DA:936,6
DA:937,6
DA:938,6
DA:939,6
DA:940,0
DA:941,0
DA:942,0
DA:943,0
DA:944,6
DA:945,0
DA:946,0
DA:947,0
DA:948,0
DA:949,6
DA:950,0
DA:951,0
DA:952,0
DA:953,6
DA:954,6
DA:955,114
DA:956,114
DA:957,114
DA:958,114
DA:959,114
DA:960,114
DA:961,114
DA:962,114
DA:963,114
DA:964,114
DA:965,6
DA:966,6
DA:967,6
DA:968,6
DA:969,6
DA:970,6
DA:971,6
DA:972,6
DA:973,6
DA:974,6
DA:975,6
DA:976,6
DA:977,6
DA:978,6
DA:979,6
DA:980,6
DA:981,6
DA:982,6
DA:983,6
DA:984,6
DA:985,6
DA:986,6
DA:987,6
DA:988,6
DA:989,0
DA:990,0
DA:991,0
DA:992,6
DA:993,6
DA:994,6
DA:995,6
DA:996,6
DA:997,6
DA:998,6
DA:999,6
DA:1000,1
DA:1001,27
DA:1002,27
DA:1003,27
DA:1004,0
DA:1005,27
DA:1006,27
DA:1007,27
DA:1008,27
DA:1009,27
DA:1010,27
DA:1011,27
DA:1012,27
DA:1013,27
DA:1014,27
DA:1015,27
DA:1016,0
DA:1017,0
DA:1018,27
DA:1019,27
DA:1020,27
DA:1021,27
DA:1022,27
DA:1023,27
DA:1024,27
DA:1025,27
DA:1026,0
DA:1027,0
DA:1028,27
DA:1029,27
DA:1030,27
DA:1031,27
DA:1032,27
DA:1033,27
DA:1034,27
DA:1035,27
DA:1036,0
DA:1037,0
DA:1038,0
DA:1039,0
DA:1040,0
DA:1041,0
DA:1042,0
DA:1043,0
DA:1044,0
DA:1045,0
DA:1046,27
DA:1047,27
DA:1048,27
DA:1049,27
DA:1050,27
DA:1051,27
DA:1052,27
DA:1053,27
DA:1054,27
DA:1055,27
DA:1056,0
DA:1057,27
DA:1058,27
DA:1059,0
DA:1060,27
DA:1061,27
DA:1062,27
DA:1063,27
DA:1064,27
DA:1065,0
DA:1066,0
DA:1067,0
DA:1068,0
DA:1069,0
DA:1070,0
DA:1071,27
DA:1072,0
DA:1073,0
DA:1074,0
DA:1075,0
DA:1076,0
DA:1077,0
DA:1078,0
DA:1079,27
DA:1080,0
DA:1081,0
DA:1082,0
DA:1083,0
DA:1084,0
DA:1085,0
DA:1086,0
DA:1087,27
DA:1088,27
DA:1089,27
DA:1090,27
DA:1091,1
DA:1092,27
DA:1093,27
DA:1094,27
DA:1095,27
DA:1096,13
DA:1097,13
DA:1098,13
DA:1099,13
DA:1100,13
DA:1101,13
DA:1102,0
DA:1103,0
DA:1104,0
DA:1105,0
DA:1106,13
DA:1107,27
DA:1108,27
DA:1109,0
DA:1110,0
DA:1111,0
DA:1112,0
DA:1113,0
DA:1114,0
DA:1115,0
DA:1116,0
DA:1117,0
DA:1118,0
DA:1119,0
DA:1120,0
DA:1121,0
DA:1122,0
DA:1123,0
DA:1124,0
DA:1125,0
DA:1126,0
DA:1127,0
DA:1128,0
DA:1129,0
DA:1130,0
DA:1131,0
DA:1132,0
DA:1133,0
DA:1134,0
DA:1135,0
DA:1136,0
DA:1137,0
DA:1138,0
DA:1139,0
DA:1140,0
DA:1141,1
DA:1142,40
DA:1143,40
DA:1144,40
DA:1145,40
DA:1146,40
DA:1147,40
DA:1148,40
DA:1149,40
DA:1150,40
DA:1151,40
DA:1152,40
DA:1153,40
DA:1154,40
DA:1155,13
DA:1156,13
DA:1157,0
DA:1158,13
DA:1159,13
DA:1160,13
DA:1161,13
DA:1162,13
DA:1163,13
DA:1164,0
DA:1165,0
DA:1166,0
DA:1167,0
DA:1168,0
DA:1169,0
DA:1170,0
DA:1171,0
DA:1172,0
DA:1173,0
DA:1174,0
DA:1175,0
DA:1176,0
DA:1177,0
DA:1178,0
DA:1179,0
DA:1180,0
DA:1181,0
DA:1182,0
DA:1183,0
DA:1184,0
DA:1185,13
DA:1186,13
DA:1187,40
DA:1188,40
DA:1189,40
DA:1190,0
DA:1191,0
DA:1192,0
DA:1193,0
DA:1194,0
DA:1195,0
DA:1196,0
DA:1197,0
DA:1198,0
DA:1199,0
DA:1200,0
DA:1201,0
DA:1202,0
DA:1203,0
DA:1204,0
DA:1205,0
DA:1206,0
DA:1207,0
DA:1208,0
DA:1209,0
DA:1210,0
DA:1211,0
DA:1212,0
DA:1213,0
DA:1214,0
DA:1215,40
DA:1216,40
DA:1217,13
DA:1218,13
DA:1219,13
DA:1220,40
DA:1221,40
DA:1222,40
DA:1223,0
DA:1224,0
DA:1225,0
DA:1226,0
DA:1227,0
DA:1228,0
DA:1229,0
DA:1230,0
DA:1231,40
DA:1232,0
DA:1233,0
DA:1234,0
DA:1235,0
DA:1236,0
DA:1237,0
DA:1238,0
DA:1239,40
DA:1240,0
DA:1241,0
DA:1242,0
DA:1243,40
DA:1244,40
DA:1245,0
DA:1246,0
DA:1247,0
DA:1248,0
DA:1249,0
DA:1250,0
DA:1251,0
DA:1252,0
DA:1253,0
DA:1254,0
DA:1255,0
DA:1256,0
DA:1257,0
DA:1258,0
DA:1259,0
DA:1260,0
DA:1261,0
DA:1262,0
DA:1263,0
DA:1264,0
DA:1265,40
DA:1266,40
DA:1267,0
DA:1268,0
DA:1269,0
DA:1270,0
DA:1271,0
DA:1272,0
DA:1273,0
DA:1274,0
DA:1275,0
DA:1276,0
DA:1277,0
DA:1278,0
DA:1279,0
DA:1280,0
DA:1281,0
DA:1282,0
DA:1283,0
DA:1284,40
DA:1285,40
DA:1286,0
DA:1287,0
DA:1288,0
DA:1289,0
DA:1290,0
DA:1291,0
DA:1292,0
DA:1293,0
DA:1294,0
DA:1295,0
DA:1296,0
DA:1297,0
DA:1298,0
DA:1299,0
DA:1300,0
DA:1301,0
DA:1302,0
DA:1303,0
DA:1304,0
DA:1305,0
DA:1306,0
DA:1307,0
DA:1308,0
DA:1309,40
DA:1310,40
DA:1311,40
DA:1312,40
DA:1313,40
DA:1314,40
DA:1315,40
DA:1316,40
DA:1317,40
DA:1318,40
DA:1319,40
DA:1320,40
DA:1321,40
DA:1322,40
DA:1323,40
DA:1324,40
DA:1325,40
DA:1326,40
DA:1327,0
DA:1328,0
DA:1329,0
DA:1330,0
DA:1331,0
DA:1332,40
DA:1333,40
DA:1334,40
DA:1335,1
DA:1336,0
DA:1337,0
DA:1338,0
DA:1339,0
DA:1340,0
DA:1341,0
DA:1342,0
DA:1343,0
DA:1344,0
DA:1345,0
DA:1346,0
DA:1347,0
DA:1348,0
DA:1349,0
DA:1350,0
DA:1351,0
DA:1352,0
DA:1353,0
DA:1354,0
DA:1355,0
DA:1356,0
DA:1357,0
DA:1358,0
DA:1359,0
DA:1360,0
DA:1361,0
DA:1362,0
DA:1363,0
DA:1364,0
DA:1365,0
DA:1366,0
DA:1367,0
DA:1368,0
DA:1369,0
DA:1370,0
DA:1371,0
DA:1372,0
DA:1373,0
DA:1374,0
DA:1375,0
DA:1376,0
DA:1377,0
DA:1378,0
DA:1379,1
DA:1380,0
DA:1381,0
DA:1382,0
DA:1383,0
DA:1384,0
DA:1385,0
DA:1386,0
DA:1387,0
DA:1388,0
DA:1389,0
DA:1390,0
DA:1391,0
DA:1392,0
DA:1393,0
DA:1394,0
DA:1395,0
DA:1396,0
DA:1397,0
DA:1398,0
DA:1399,0
DA:1400,0
DA:1401,0
DA:1402,0
DA:1403,0
DA:1404,0
DA:1405,0
DA:1406,0
DA:1407,0
DA:1408,0
DA:1409,0
DA:1410,0
DA:1411,0
DA:1412,0
DA:1413,0
DA:1414,0
DA:1415,0
DA:1416,0
DA:1417,0
DA:1418,0
DA:1419,0
DA:1420,0
DA:1421,0
DA:1422,0
DA:1423,0
DA:1424,0
DA:1425,0
DA:1426,0
DA:1427,0
DA:1428,0
DA:1429,0
DA:1430,0
DA:1431,0
DA:1432,0
DA:1433,0
DA:1434,0
DA:1435,0
DA:1436,0
DA:1437,0
DA:1438,0
DA:1439,0
DA:1440,0
DA:1441,0
DA:1442,0
DA:1443,0
DA:1444,0
DA:1445,0
DA:1446,0
DA:1447,0
DA:1448,0
DA:1449,0
DA:1450,0
DA:1451,0
DA:1452,0
DA:1453,0
DA:1454,0
DA:1455,0
DA:1456,0
DA:1457,0
DA:1458,0
DA:1459,0
DA:1460,0
DA:1461,0
DA:1462,0
DA:1463,0
DA:1464,0
DA:1465,0
DA:1466,0
DA:1467,0
DA:1468,0
DA:1469,0
DA:1470,0
DA:1471,0
DA:1472,0
DA:1473,0
DA:1474,0
DA:1475,0
DA:1476,0
DA:1477,0
DA:1478,0
DA:1479,0
DA:1480,0
DA:1481,0
DA:1482,0
DA:1483,0
DA:1484,0
DA:1485,0
DA:1486,0
DA:1487,0
DA:1488,0
DA:1489,0
DA:1490,0
DA:1491,0
DA:1492,0
DA:1493,0
DA:1494,0
DA:1495,0
DA:1496,0
DA:1497,0
DA:1498,1
DA:1499,27
DA:1500,27
DA:1501,27
DA:1502,0
DA:1503,0
DA:1504,0
DA:1505,0
DA:1506,0
DA:1507,0
DA:1508,0
DA:1509,0
DA:1510,0
DA:1511,0
DA:1512,0
DA:1513,0
DA:1514,0
DA:1515,0
DA:1516,0
DA:1517,0
DA:1518,0
DA:1519,0
DA:1520,27
DA:1521,0
DA:1522,0
DA:1523,0
DA:1524,0
DA:1525,0
DA:1526,0
DA:1527,0
DA:1528,0
DA:1529,0
DA:1530,0
DA:1531,0
DA:1532,0
DA:1533,0
DA:1534,0
DA:1535,0
DA:1536,0
DA:1537,0
DA:1538,0
DA:1539,0
DA:1540,27
DA:1541,27
DA:1542,27
DA:1543,27
DA:1544,27
DA:1545,27
DA:1546,27
DA:1547,27
DA:1548,27
DA:1549,1
DA:1550,27
DA:1551,27
DA:1552,27
DA:1553,0
DA:1554,0
DA:1555,0
DA:1556,0
DA:1557,0
DA:1558,0
DA:1559,0
DA:1560,0
DA:1561,0
DA:1562,27
DA:1563,0
DA:1564,0
DA:1565,0
DA:1566,27
DA:1567,27
DA:1568,27
DA:1569,27
DA:1570,27
DA:1571,27
DA:1572,27
DA:1573,27
DA:1574,27
DA:1575,1
DA:1576,27
DA:1577,27
DA:1578,27
DA:1579,27
DA:1580,27
DA:1581,27
DA:1582,0
DA:1583,0
DA:1584,0
DA:1585,0
DA:1586,0
DA:1587,0
DA:1588,0
DA:1589,0
DA:1590,27
DA:1591,27
DA:1592,0
DA:1593,0
DA:1594,0
DA:1595,0
DA:1596,0
DA:1597,27
DA:1598,27
DA:1599,0
DA:1600,0
DA:1601,0
DA:1602,0
DA:1603,0
DA:1604,0
DA:1605,0
DA:1606,0
DA:1607,0
DA:1608,0
DA:1609,0
DA:1610,0
DA:1611,0
DA:1612,0
DA:1613,0
DA:1614,0
DA:1615,0
DA:1616,0
DA:1617,0
DA:1618,0
DA:1619,0
DA:1620,0
DA:1621,0
DA:1622,0
DA:1623,0
DA:1624,0
DA:1625,0
DA:1626,0
DA:1627,0
DA:1628,0
DA:1629,0
DA:1630,0
DA:1631,0
DA:1632,0
DA:1633,0
DA:1634,0
DA:1635,0
DA:1636,0
DA:1637,0
DA:1638,0
DA:1639,0
DA:1640,0
DA:1641,0
DA:1642,0
DA:1643,0
DA:1644,0
DA:1645,0
DA:1646,0
DA:1647,0
DA:1648,0
DA:1649,0
DA:1650,0
DA:1651,0
DA:1652,0
DA:1653,0
DA:1654,0
DA:1655,0
DA:1656,0
DA:1657,0
DA:1658,0
DA:1659,0
DA:1660,0
DA:1661,0
DA:1662,0
DA:1663,0
DA:1664,0
DA:1665,0
DA:1666,0
DA:1667,0
DA:1668,0
DA:1669,0
DA:1670,0
DA:1671,0
DA:1672,0
DA:1673,0
DA:1674,0
DA:1675,0
DA:1676,0
DA:1677,0
DA:1678,0
DA:1679,0
DA:1680,0
DA:1681,0
DA:1682,0
DA:1683,0
DA:1684,0
DA:1685,0
DA:1686,0
DA:1687,0
DA:1688,0
DA:1689,0
DA:1690,0
DA:1691,0
DA:1692,0
DA:1693,0
DA:1694,0
DA:1695,0
DA:1696,0
DA:1697,0
DA:1698,0
DA:1699,0
DA:1700,0
DA:1701,0
DA:1702,0
DA:1703,0
DA:1704,0
DA:1705,0
DA:1706,0
DA:1707,0
DA:1708,0
DA:1709,0
DA:1710,0
DA:1711,0
DA:1712,0
DA:1713,0
DA:1714,0
DA:1715,0
DA:1716,0
DA:1717,0
DA:1718,0
DA:1719,0
DA:1720,0
DA:1721,0
DA:1722,0
DA:1723,0
DA:1724,0
DA:1725,0
DA:1726,0
DA:1727,0
DA:1728,0
DA:1729,0
DA:1730,0
DA:1731,0
DA:1732,0
DA:1733,0
DA:1734,0
DA:1735,0
DA:1736,0
DA:1737,0
DA:1738,0
DA:1739,0
DA:1740,0
DA:1741,0
DA:1742,0
DA:1743,0
DA:1744,0
DA:1745,0
DA:1746,0
DA:1747,0
DA:1748,0
DA:1749,0
DA:1750,0
DA:1751,0
DA:1752,0
DA:1753,0
DA:1754,0
DA:1755,0
DA:1756,0
DA:1757,0
DA:1758,0
DA:1759,0
DA:1760,0
DA:1761,0
DA:1762,0
DA:1763,0
DA:1764,0
DA:1765,0
DA:1766,0
DA:1767,0
DA:1768,0
DA:1769,0
DA:1770,0
DA:1771,0
DA:1772,0
DA:1773,0
DA:1774,0
DA:1775,0
DA:1776,0
DA:1777,0
DA:1778,0
DA:1779,0
DA:1780,0
DA:1781,0
DA:1782,0
DA:1783,0
DA:1784,0
DA:1785,0
DA:1786,0
DA:1787,0
DA:1788,0
DA:1789,0
DA:1790,0
DA:1791,0
DA:1792,0
DA:1793,0
DA:1794,0
DA:1795,0
DA:1796,0
DA:1797,0
DA:1798,0
DA:1799,0
DA:1800,0
DA:1801,0
DA:1802,0
DA:1803,0
DA:1804,0
DA:1805,0
DA:1806,0
DA:1807,0
DA:1808,0
DA:1809,0
DA:1810,0
DA:1811,0
DA:1812,0
DA:1813,0
DA:1814,0
DA:1815,0
DA:1816,0
DA:1817,0
DA:1818,0
DA:1819,0
DA:1820,0
DA:1821,0
DA:1822,0
DA:1823,0
DA:1824,0
DA:1825,0
DA:1826,0
DA:1827,0
DA:1828,0
DA:1829,0
DA:1830,0
DA:1831,0
DA:1832,0
DA:1833,0
DA:1834,0
DA:1835,0
DA:1836,0
DA:1837,0
DA:1838,0
DA:1839,0
DA:1840,0
DA:1841,0
DA:1842,0
DA:1843,0
DA:1844,0
DA:1845,0
DA:1846,0
DA:1847,0
DA:1848,0
DA:1849,0
DA:1850,0
DA:1851,0
DA:1852,0
DA:1853,0
DA:1854,0
DA:1855,0
DA:1856,0
DA:1857,0
DA:1858,0
DA:1859,0
DA:1860,0
DA:1861,0
DA:1862,0
DA:1863,0
DA:1864,0
DA:1865,0
DA:1866,0
DA:1867,0
DA:1868,0
DA:1869,0
DA:1870,0
DA:1871,0
DA:1872,0
DA:1873,0
DA:1874,0
DA:1875,0
DA:1876,0
DA:1877,0
DA:1878,0
DA:1879,0
DA:1880,0
DA:1881,0
DA:1882,0
DA:1883,0
DA:1884,0
DA:1885,0
DA:1886,0
DA:1887,0
DA:1888,0
DA:1889,0
DA:1890,0
DA:1891,0
DA:1892,0
DA:1893,0
DA:1894,0
DA:1895,0
DA:1896,0
DA:1897,0
DA:1898,27
DA:1899,27
DA:1900,27
DA:1901,27
DA:1902,27
DA:1903,27
DA:1904,27
DA:1905,27
DA:1906,27
DA:1907,27
DA:1908,27
DA:1909,27
DA:1910,27
DA:1911,27
DA:1912,0
DA:1913,27
DA:1914,27
DA:1915,27
DA:1916,27
DA:1917,1
DA:1918,1
DA:1919,27
DA:1920,27
DA:1921,27
DA:1922,27
DA:1923,27
DA:1924,27
DA:1925,27
DA:1926,27
DA:1927,27
DA:1928,27
DA:1929,27
DA:1930,13
DA:1931,13
DA:1932,27
DA:1933,27
DA:1934,27
DA:1935,0
DA:1936,0
DA:1937,0
DA:1938,0
DA:1939,0
DA:1940,0
DA:1941,0
DA:1942,0
DA:1943,0
DA:1944,0
DA:1945,0
DA:1946,0
DA:1947,0
DA:1948,0
DA:1949,0
DA:1950,0
DA:1951,0
DA:1952,0
DA:1953,0
DA:1954,0
DA:1955,0
DA:1956,0
DA:1957,0
DA:1958,0
DA:1959,0
DA:1960,0
DA:1961,0
DA:1962,0
DA:1963,0
DA:1964,0
DA:1965,0
DA:1966,0
DA:1967,0
DA:1968,0
DA:1969,0
DA:1970,0
DA:1971,0
DA:1972,0
DA:1973,0
DA:1974,0
DA:1975,0
DA:1976,0
DA:1977,0
DA:1978,0
DA:1979,0
DA:1980,0
DA:1981,0
DA:1982,0
DA:1983,0
DA:1984,0
DA:1985,0
DA:1986,0
DA:1987,0
DA:1988,0
DA:1989,0
DA:1990,0
DA:1991,0
DA:1992,0
DA:1993,0
DA:1994,27
DA:1995,27
DA:1996,27
DA:1997,27
DA:1998,27
DA:1999,0
DA:2000,0
DA:2001,0
DA:2002,0
DA:2003,0
DA:2004,0
DA:2005,0
DA:2006,0
DA:2007,0
DA:2008,0
DA:2009,0
DA:2010,0
DA:2011,0
DA:2012,0
DA:2013,0
DA:2014,0
DA:2015,0
DA:2016,0
DA:2017,0
DA:2018,0
DA:2019,0
DA:2020,0
DA:2021,0
DA:2022,0
DA:2023,0
DA:2024,0
DA:2025,0
DA:2026,0
DA:2027,0
DA:2028,0
DA:2029,0
DA:2030,0
DA:2031,0
DA:2032,27
DA:2033,27
DA:2034,27
DA:2035,27
DA:2036,1
DA:2037,27
DA:2038,27
DA:2039,27
DA:2040,27
DA:2041,27
DA:2042,27
DA:2043,27
DA:2044,27
DA:2045,27
DA:2046,27
DA:2047,27
DA:2048,27
DA:2049,27
DA:2050,27
DA:2051,0
DA:2052,0
DA:2053,0
DA:2054,0
DA:2055,0
DA:2056,0
DA:2057,0
DA:2058,0
DA:2059,0
DA:2060,27
DA:2061,27
DA:2062,0
DA:2063,0
DA:2064,0
DA:2065,0
DA:2066,0
DA:2067,0
DA:2068,0
DA:2069,0
DA:2070,0
DA:2071,0
DA:2072,0
DA:2073,0
DA:2074,0
DA:2075,0
DA:2076,0
DA:2077,0
DA:2078,0
DA:2079,0
DA:2080,0
DA:2081,0
DA:2082,0
DA:2083,0
DA:2084,0
DA:2085,0
DA:2086,0
DA:2087,0
DA:2088,0
DA:2089,0
DA:2090,0
DA:2091,0
DA:2092,27
DA:2093,27
DA:2094,0
DA:2095,0
DA:2096,0
DA:2097,0
DA:2098,0
DA:2099,0
DA:2100,0
DA:2101,0
DA:2102,0
DA:2103,0
DA:2104,0
DA:2105,0
DA:2106,0
DA:2107,0
DA:2108,0
DA:2109,0
DA:2110,0
DA:2111,0
DA:2112,0
DA:2113,0
DA:2114,0
DA:2115,0
DA:2116,0
DA:2117,0
DA:2118,0
DA:2119,0
DA:2120,0
DA:2121,0
DA:2122,27
DA:2123,27
DA:2124,0
DA:2125,0
DA:2126,0
DA:2127,0
DA:2128,0
DA:2129,0
DA:2130,0
DA:2131,0
DA:2132,0
DA:2133,0
DA:2134,0
DA:2135,0
DA:2136,0
DA:2137,0
DA:2138,0
DA:2139,0
DA:2140,0
DA:2141,0
DA:2142,0
DA:2143,0
DA:2144,0
DA:2145,0
DA:2146,0
DA:2147,0
DA:2148,0
DA:2149,0
DA:2150,0
DA:2151,0
DA:2152,0
DA:2153,0
DA:2154,0
DA:2155,0
DA:2156,0
DA:2157,27
DA:2158,27
DA:2159,0
DA:2160,0
DA:2161,0
DA:2162,0
DA:2163,0
DA:2164,0
DA:2165,0
DA:2166,0
DA:2167,0
DA:2168,0
DA:2169,0
DA:2170,0
DA:2171,27
DA:2172,27
DA:2173,0
DA:2174,0
DA:2175,0
DA:2176,0
DA:2177,0
DA:2178,0
DA:2179,0
DA:2180,0
DA:2181,0
DA:2182,0
DA:2183,0
DA:2184,27
DA:2185,27
DA:2186,0
DA:2187,0
DA:2188,0
DA:2189,0
DA:2190,0
DA:2191,0
DA:2192,0
DA:2193,0
DA:2194,0
DA:2195,0
DA:2196,0
DA:2197,0
DA:2198,0
DA:2199,0
DA:2200,0
DA:2201,0
DA:2202,0
DA:2203,0
DA:2204,0
DA:2205,0
DA:2206,0
DA:2207,0
DA:2208,0
DA:2209,0
DA:2210,0
DA:2211,0
DA:2212,0
DA:2213,0
DA:2214,0
DA:2215,0
DA:2216,0
DA:2217,0
DA:2218,0
DA:2219,0
DA:2220,0
DA:2221,0
DA:2222,0
DA:2223,0
DA:2224,0
DA:2225,0
DA:2226,0
DA:2227,0
DA:2228,0
DA:2229,27
DA:2230,27
DA:2231,0
DA:2232,0
DA:2233,0
DA:2234,0
DA:2235,0
DA:2236,0
DA:2237,0
DA:2238,0
DA:2239,0
DA:2240,0
DA:2241,0
DA:2242,0
DA:2243,0
DA:2244,0
DA:2245,0
DA:2246,0
DA:2247,0
DA:2248,0
DA:2249,0
DA:2250,0
DA:2251,0
DA:2252,0
DA:2253,0
DA:2254,0
DA:2255,0
DA:2256,0
DA:2257,0
DA:2258,0
DA:2259,0
DA:2260,0
DA:2261,0
DA:2262,0
DA:2263,0
DA:2264,0
DA:2265,0
DA:2266,27
DA:2267,27
DA:2268,0
DA:2269,0
DA:2270,0
DA:2271,0
DA:2272,0
DA:2273,0
DA:2274,0
DA:2275,0
DA:2276,0
DA:2277,0
DA:2278,0
DA:2279,0
DA:2280,27
DA:2281,27
DA:2282,27
DA:2283,13
DA:2284,13
DA:2285,0
DA:2286,0
DA:2287,0
DA:2288,0
DA:2289,0
DA:2290,0
DA:2291,0
DA:2292,0
DA:2293,0
DA:2294,13
DA:2295,27
DA:2296,27
DA:2297,27
DA:2298,13
DA:2299,13
DA:2300,13
DA:2301,13
DA:2302,13
DA:2303,13
DA:2304,13
DA:2305,27
DA:2306,27
DA:2307,27
DA:2308,0
DA:2309,0
DA:2310,0
DA:2311,0
DA:2312,0
DA:2313,0
DA:2314,0
DA:2315,0
DA:2316,0
DA:2317,0
DA:2318,0
DA:2319,0
DA:2320,0
DA:2321,0
DA:2322,0
DA:2323,0
DA:2324,0
DA:2325,0
DA:2326,0
DA:2327,0
DA:2328,0
DA:2329,0
DA:2330,0
DA:2331,0
DA:2332,0
DA:2333,0
DA:2334,0
DA:2335,0
DA:2336,0
DA:2337,0
DA:2338,0
DA:2339,0
DA:2340,0
DA:2341,0
DA:2342,0
DA:2343,0
DA:2344,0
DA:2345,27
DA:2346,27
DA:2347,0
DA:2348,0
DA:2349,0
DA:2350,27
DA:2351,0
DA:2352,0
DA:2353,0
DA:2354,27
DA:2355,27
DA:2356,27
DA:2357,0
DA:2358,0
DA:2359,0
DA:2360,0
DA:2361,0
DA:2362,0
DA:2363,0
DA:2364,0
DA:2365,0
DA:2366,0
DA:2367,0
DA:2368,0
DA:2369,0
DA:2370,0
DA:2371,0
DA:2372,0
DA:2373,0
DA:2374,0
DA:2375,0
DA:2376,0
DA:2377,0
DA:2378,0
DA:2379,0
DA:2380,0
DA:2381,0
DA:2382,0
DA:2383,0
DA:2384,0
DA:2385,0
DA:2386,0
DA:2387,0
DA:2388,0
DA:2389,0
DA:2390,0
DA:2391,0
DA:2392,0
DA:2393,0
DA:2394,0
DA:2395,0
DA:2396,0
DA:2397,0
DA:2398,0
DA:2399,27
DA:2400,0
DA:2401,0
DA:2402,0
DA:2403,0
DA:2404,0
DA:2405,0
DA:2406,0
DA:2407,0
DA:2408,0
DA:2409,0
DA:2410,0
DA:2411,0
DA:2412,0
DA:2413,0
DA:2414,0
DA:2415,0
DA:2416,0
DA:2417,0
DA:2418,0
DA:2419,0
DA:2420,0
DA:2421,0
DA:2422,0
DA:2423,0
DA:2424,0
DA:2425,0
DA:2426,0
DA:2427,0
DA:2428,0
DA:2429,0
DA:2430,0
DA:2431,0
DA:2432,0
DA:2433,0
DA:2434,0
DA:2435,27
DA:2436,27
DA:2437,27
DA:2438,26
DA:2439,26
DA:2440,26
DA:2441,26
DA:2442,26
DA:2443,26
DA:2444,0
DA:2445,0
DA:2446,0
DA:2447,0
DA:2448,0
DA:2449,0
DA:2450,0
DA:2451,0
DA:2452,0
DA:2453,0
DA:2454,0
DA:2455,0
DA:2456,0
DA:2457,0
DA:2458,0
DA:2459,0
DA:2460,0
DA:2461,0
DA:2462,0
DA:2463,0
DA:2464,0
DA:2465,0
DA:2466,0
DA:2467,0
DA:2468,0
DA:2469,0
DA:2470,0
DA:2471,26
DA:2472,27
DA:2473,27
DA:2474,27
DA:2475,27
DA:2476,27
DA:2477,27
DA:2478,27
DA:2479,27
DA:2480,27
DA:2481,27
DA:2482,27
DA:2483,27
DA:2484,27
DA:2485,27
DA:2486,27
DA:2487,27
DA:2488,27
DA:2489,27
DA:2490,27
DA:2491,27
DA:2492,27
DA:2493,27
DA:2494,27
DA:2495,27
DA:2496,27
DA:2497,27
DA:2498,27
DA:2499,27
DA:2500,27
DA:2501,27
DA:2502,27
DA:2503,27
DA:2504,27
DA:2505,27
DA:2506,27
DA:2507,27
DA:2508,27
DA:2509,27
DA:2510,27
DA:2511,27
DA:2512,27
DA:2513,27
DA:2514,27
DA:2515,27
DA:2516,27
DA:2517,27
DA:2518,27
DA:2519,27
DA:2520,27
DA:2521,0
DA:2522,0
DA:2523,0
DA:2524,0
DA:2525,0
DA:2526,0
DA:2527,27
DA:2528,27
DA:2529,27
DA:2530,27
DA:2531,27
DA:2532,27
DA:2533,27
DA:2534,27
DA:2535,27
DA:2536,27
DA:2537,27
DA:2538,27
DA:2539,27
DA:2540,27
DA:2541,27
DA:2542,27
DA:2543,27
DA:2544,27
DA:2545,27
DA:2546,27
DA:2547,27
DA:2548,27
DA:2549,0
DA:2550,0
DA:2551,0
DA:2552,0
DA:2553,0
DA:2554,0
DA:2555,0
DA:2556,0
DA:2557,0
DA:2558,0
DA:2559,0
DA:2560,0
DA:2561,0
DA:2562,0
DA:2563,0
DA:2564,0
DA:2565,0
DA:2566,0
DA:2567,0
DA:2568,0
DA:2569,0
DA:2570,0
DA:2571,27
DA:2572,27
DA:2573,27
DA:2574,27
DA:2575,27
DA:2576,0
DA:2577,0
DA:2578,0
DA:2579,0
DA:2580,0
DA:2581,0
DA:2582,0
DA:2583,0
DA:2584,0
DA:2585,0
DA:2586,0
DA:2587,0
DA:2588,0
DA:2589,0
DA:2590,0
DA:2591,0
DA:2592,0
DA:2593,0
DA:2594,0
DA:2595,0
DA:2596,0
DA:2597,0
DA:2598,0
DA:2599,0
DA:2600,0
DA:2601,0
DA:2602,0
DA:2603,27
DA:2604,27
DA:2605,27
DA:2606,27
DA:2607,27
DA:2608,27
DA:2609,27
DA:2610,27
DA:2611,27
DA:2612,27
DA:2613,27
DA:2614,27
DA:2615,27
DA:2616,27
DA:2617,27
DA:2618,27
DA:2619,27
DA:2620,27
DA:2621,27
DA:2622,27
DA:2623,27
DA:2624,27
DA:2625,27
DA:2626,27
DA:2627,27
DA:2628,27
DA:2629,27
DA:2630,27
DA:2631,27
DA:2632,27
DA:2633,27
DA:2634,27
DA:2635,27
DA:2636,27
DA:2637,27
DA:2638,27
DA:2639,27
DA:2640,0
DA:2641,0
DA:2642,0
DA:2643,0
DA:2644,0
DA:2645,0
DA:2646,0
DA:2647,0
DA:2648,0
DA:2649,0
DA:2650,0
DA:2651,0
DA:2652,0
DA:2653,0
DA:2654,0
DA:2655,0
DA:2656,0
DA:2657,0
DA:2658,0
DA:2659,0
DA:2660,0
DA:2661,0
DA:2662,0
DA:2663,0
DA:2664,0
DA:2665,0
DA:2666,0
DA:2667,0
DA:2668,0
DA:2669,0
DA:2670,0
DA:2671,0
DA:2672,0
DA:2673,0
DA:2674,0
DA:2675,0
DA:2676,0
DA:2677,0
DA:2678,0
DA:2679,0
DA:2680,0
DA:2681,0
DA:2682,0
DA:2683,0
DA:2684,0
DA:2685,0
DA:2686,0
DA:2687,0
DA:2688,0
DA:2689,0
DA:2690,0
DA:2691,0
DA:2692,0
DA:2693,0
DA:2694,0
DA:2695,0
DA:2696,0
DA:2697,0
DA:2698,0
DA:2699,0
DA:2700,0
DA:2701,0
DA:2702,0
DA:2703,0
DA:2704,0
DA:2705,0
DA:2706,0
DA:2707,0
DA:2708,0
DA:2709,0
DA:2710,0
DA:2711,0
DA:2712,0
DA:2713,0
DA:2714,0
DA:2715,0
DA:2716,0
DA:2717,0
DA:2718,0
DA:2719,0
DA:2720,0
DA:2721,0
DA:2722,0
DA:2723,0
DA:2724,27
DA:2725,27
DA:2726,27
DA:2727,27
DA:2728,27
DA:2729,27
DA:2730,27
DA:2731,1
DA:2732,0
DA:2733,0
DA:2734,0
DA:2735,0
DA:2736,0
DA:2737,0
DA:2738,0
DA:2739,0
DA:2740,0
DA:2741,0
DA:2742,0
DA:2743,0
DA:2744,0
DA:2745,0
DA:2746,0
DA:2747,0
DA:2748,0
DA:2749,0
DA:2750,0
DA:2751,0
DA:2752,0
DA:2753,0
DA:2754,0
DA:2755,0
DA:2756,0
DA:2757,0
DA:2758,0
DA:2759,0
DA:2760,0
DA:2761,0
DA:2762,0
DA:2763,0
DA:2764,0
DA:2765,0
DA:2766,0
DA:2767,0
DA:2768,0
DA:2769,0
DA:2770,0
DA:2771,0
DA:2772,0
DA:2773,0
DA:2774,0
DA:2775,0
DA:2776,0
DA:2777,0
DA:2778,0
DA:2779,0
DA:2780,0
DA:2781,0
DA:2782,0
DA:2783,0
DA:2784,0
DA:2785,0
DA:2786,0
DA:2787,0
DA:2788,0
DA:2789,0
DA:2790,0
DA:2791,0
DA:2792,0
DA:2793,0
DA:2794,0
DA:2795,0
DA:2796,0
DA:2797,0
DA:2798,0
DA:2799,0
DA:2800,0
DA:2801,0
DA:2802,0
DA:2803,0
DA:2804,0
DA:2805,0
DA:2806,0
DA:2807,0
DA:2808,0
DA:2809,0
DA:2810,0
DA:2811,0
DA:2812,0
DA:2813,0
DA:2814,0
DA:2815,0
DA:2816,0
DA:2817,0
DA:2818,0
DA:2819,0
DA:2820,0
DA:2821,0
DA:2822,0
DA:2823,0
DA:2824,0
DA:2825,0
DA:2826,0
DA:2827,0
DA:2828,0
DA:2829,0
DA:2830,0
DA:2831,0
DA:2832,0
DA:2833,0
DA:2834,0
DA:2835,0
DA:2836,0
DA:2837,0
DA:2838,0
DA:2839,0
DA:2840,0
DA:2841,0
DA:2842,0
DA:2843,0
DA:2844,0
DA:2845,0
DA:2846,0
DA:2847,0
DA:2848,0
DA:2849,0
DA:2850,0
DA:2851,0
DA:2852,0
DA:2853,0
DA:2854,0
DA:2855,0
DA:2856,0
DA:2857,0
DA:2858,0
DA:2859,1
DA:2860,27
DA:2861,27
DA:2862,27
DA:2863,27
DA:2864,27
DA:2865,27
DA:2866,27
DA:2867,27
DA:2868,27
DA:2869,27
DA:2870,27
DA:2871,27
DA:2872,27
DA:2873,27
DA:2874,27
DA:2875,27
DA:2876,0
DA:2877,0
DA:2878,0
DA:2879,0
DA:2880,0
DA:2881,0
DA:2882,0
DA:2883,0
DA:2884,0
DA:2885,0
DA:2886,0
DA:2887,0
DA:2888,0
DA:2889,0
DA:2890,0
DA:2891,0
DA:2892,0
DA:2893,0
DA:2894,0
DA:2895,0
DA:2896,0
DA:2897,0
DA:2898,0
DA:2899,0
DA:2900,0
DA:2901,0
DA:2902,0
DA:2903,0
DA:2904,0
DA:2905,0
DA:2906,0
DA:2907,0
DA:2908,0
DA:2909,0
DA:2910,0
DA:2911,0
DA:2912,0
DA:2913,0
DA:2914,0
DA:2915,0
DA:2916,0
DA:2917,0
DA:2918,27
DA:2919,27
DA:2920,27
DA:2921,27
DA:2922,27
DA:2923,27
DA:2924,27
DA:2925,27
DA:2926,27
DA:2927,27
DA:2928,27
DA:2929,27
DA:2930,27
DA:2931,27
DA:2932,27
DA:2933,27
DA:2934,0
DA:2935,0
DA:2936,0
DA:2937,0
DA:2938,27
DA:2939,27
DA:2940,27
DA:2941,27
DA:2942,27
DA:2943,0
DA:2944,0
DA:2945,0
DA:2946,0
DA:2947,0
DA:2948,0
DA:2949,0
DA:2950,0
DA:2951,0
DA:2952,0
DA:2953,0
DA:2954,0
DA:2955,0
DA:2956,0
DA:2957,0
DA:2958,27
DA:2959,27
DA:2960,27
DA:2961,27
DA:2962,27
DA:2963,27
DA:2964,0
DA:2965,0
DA:2966,0
DA:2967,27
DA:2968,27
DA:2969,27
DA:2970,27
DA:2971,27
DA:2972,27
DA:2973,0
DA:2974,0
DA:2975,27
DA:2976,27
DA:2977,0
DA:2978,0
DA:2979,0
DA:2980,0
DA:2981,0
DA:2982,27
DA:2983,27
DA:2984,0
DA:2985,0
DA:2986,0
DA:2987,0
DA:2988,0
DA:2989,0
DA:2990,0
DA:2991,0
DA:2992,0
DA:2993,0
DA:2994,0
DA:2995,0
DA:2996,0
DA:2997,0
DA:2998,0
DA:2999,0
DA:3000,0
DA:3001,0
DA:3002,0
DA:3003,0
DA:3004,0
DA:3005,0
DA:3006,0
DA:3007,0
DA:3008,0
DA:3009,0
DA:3010,0
DA:3011,0
DA:3012,0
DA:3013,0
DA:3014,27
DA:3015,27
DA:3016,0
DA:3017,0
DA:3018,0
DA:3019,0
DA:3020,0
DA:3021,0
DA:3022,0
DA:3023,0
DA:3024,0
DA:3025,27
DA:3026,27
DA:3027,27
DA:3028,27
DA:3029,0
DA:3030,0
DA:3031,0
DA:3032,0
DA:3033,0
DA:3034,0
DA:3035,0
DA:3036,0
DA:3037,0
DA:3038,27
DA:3039,27
DA:3040,27
DA:3041,27
DA:3042,27
DA:3043,27
DA:3044,27
DA:3045,81
DA:3046,81
DA:3047,81
DA:3048,459
DA:3049,459
DA:3050,459
DA:3051,459
DA:3052,81
DA:3053,81
DA:3054,27
DA:3055,27
DA:3056,27
DA:3057,27
DA:3058,27
DA:3059,27
DA:3060,27
DA:3061,27
DA:3062,27
DA:3063,0
DA:3064,0
DA:3065,0
DA:3066,0
DA:3067,0
DA:3068,0
DA:3069,27
DA:3070,27
DA:3071,0
DA:3072,0
DA:3073,0
DA:3074,0
DA:3075,0
DA:3076,0
DA:3077,27
DA:3078,27
DA:3079,27
DA:3080,27
DA:3081,0
DA:3082,0
DA:3083,0
DA:3084,0
DA:3085,0
DA:3086,0
DA:3087,0
DA:3088,0
DA:3089,0
DA:3090,0
DA:3091,0
DA:3092,0
DA:3093,0
DA:3094,27
DA:3095,27
DA:3096,27
DA:3097,27
DA:3098,27
DA:3099,27
DA:3100,27
DA:3101,27
DA:3102,27
DA:3103,0
DA:3104,0
DA:3105,0
DA:3106,0
DA:3107,0
DA:3108,0
DA:3109,27
DA:3110,27
DA:3111,0
DA:3112,0
DA:3113,0
DA:3114,0
DA:3115,0
DA:3116,0
DA:3117,27
DA:3118,27
DA:3119,27
DA:3120,27
DA:3121,0
DA:3122,0
DA:3123,0
DA:3124,0
DA:3125,0
DA:3126,0
DA:3127,0
DA:3128,0
DA:3129,0
DA:3130,0
DA:3131,0
DA:3132,0
DA:3133,0
DA:3134,27
DA:3135,27
DA:3136,27
DA:3137,27
DA:3138,27
DA:3139,27
DA:3140,27
DA:3141,27
DA:3142,27
DA:3143,0
DA:3144,0
DA:3145,27
DA:3146,27
DA:3147,27
DA:3148,27
DA:3149,27
DA:3150,27
DA:3151,27
DA:3152,27
DA:3153,27
DA:3154,27
DA:3155,27
DA:3156,27
DA:3157,27
DA:3158,27
DA:3159,27
DA:3160,27
DA:3161,27
DA:3162,27
DA:3163,27
DA:3164,27
DA:3165,27
DA:3166,27
DA:3167,27
DA:3168,1
DA:3169,27
DA:3170,27
DA:3171,27
DA:3172,27
DA:3173,0
DA:3174,0
DA:3175,0
DA:3176,0
DA:3177,0
DA:3178,0
DA:3179,0
DA:3180,0
DA:3181,0
DA:3182,0
DA:3183,0
DA:3184,0
DA:3185,0
DA:3186,0
DA:3187,0
DA:3188,0
DA:3189,0
DA:3190,0
DA:3191,0
DA:3192,0
DA:3193,0
DA:3194,0
DA:3195,0
DA:3196,0
DA:3197,0
DA:3198,0
DA:3199,0
DA:3200,0
DA:3201,0
DA:3202,0
DA:3203,0
DA:3204,0
DA:3205,0
DA:3206,0
DA:3207,0
DA:3208,0
DA:3209,0
DA:3210,0
DA:3211,0
DA:3212,0
DA:3213,6
DA:3214,6
DA:3215,6
DA:3216,0
DA:3217,0
DA:3218,0
DA:3219,0
DA:3220,0
DA:3221,0
DA:3222,6
DA:3223,6
DA:3224,6
DA:3225,6
DA:3226,6
DA:3227,6
DA:3228,6
DA:3229,1
DA:3230,14
DA:3231,14
DA:3232,13
DA:3233,0
DA:3234,0
DA:3235,0
DA:3236,0
DA:3237,0
DA:3238,0
DA:3239,14
DA:3240,14
DA:3241,0
DA:3242,0
DA:3243,0
DA:3244,0
DA:3245,0
DA:3246,0
DA:3247,0
DA:3248,0
DA:3249,0
DA:3250,0
DA:3251,0
DA:3252,0
DA:3253,0
DA:3254,0
DA:3255,0
DA:3256,0
DA:3257,0
DA:3258,0
DA:3259,0
DA:3260,0
DA:3261,0
DA:3262,0
DA:3263,0
DA:3264,0
DA:3265,0
DA:3266,0
DA:3267,0
DA:3268,0
DA:3269,0
DA:3270,0
DA:3271,0
DA:3272,0
DA:3273,0
DA:3274,0
DA:3275,0
DA:3276,0
DA:3277,0
DA:3278,0
DA:3279,0
DA:3280,0
DA:3281,0
DA:3282,0
DA:3283,0
DA:3284,0
DA:3285,0
DA:3286,0
DA:3287,0
DA:3288,0
DA:3289,0
DA:3290,0
DA:3291,0
DA:3292,0
DA:3293,0
DA:3294,0
DA:3295,0
DA:3296,0
DA:3297,0
DA:3298,0
DA:3299,0
DA:3300,0
DA:3301,0
DA:3302,0
DA:3303,0
DA:3304,0
DA:3305,0
DA:3306,0
DA:3307,0
DA:3308,0
DA:3309,0
DA:3310,0
DA:3311,0
DA:3312,0
DA:3313,0
DA:3314,0
DA:3315,0
DA:3316,0
DA:3317,0
DA:3318,0
DA:3319,0
DA:3320,0
DA:3321,0
DA:3322,0
DA:3323,0
DA:3324,0
DA:3325,0
DA:3326,0
DA:3327,0
DA:3328,0
DA:3329,0
DA:3330,0
DA:3331,0
DA:3332,0
DA:3333,0
DA:3334,0
DA:3335,0
DA:3336,0
DA:3337,0
DA:3338,0
DA:3339,0
DA:3340,0
DA:3341,0
DA:3342,0
DA:3343,0
DA:3344,0
DA:3345,0
DA:3346,0
DA:3347,0
DA:3348,0
DA:3349,0
DA:3350,0
DA:3351,0
DA:3352,0
DA:3353,0
DA:3354,0
DA:3355,0
DA:3356,0
DA:3357,0
DA:3358,0
DA:3359,0
DA:3360,0
DA:3361,0
DA:3362,0
DA:3363,0
DA:3364,0
DA:3365,0
DA:3366,0
DA:3367,0
DA:3368,0
DA:3369,0
DA:3370,0
DA:3371,0
DA:3372,0
DA:3373,0
DA:3374,0
DA:3375,0
DA:3376,0
DA:3377,0
DA:3378,0
DA:3379,0
DA:3380,0
DA:3381,0
DA:3382,0
DA:3383,0
DA:3384,0
DA:3385,0
DA:3386,0
DA:3387,0
DA:3388,0
DA:3389,0
DA:3390,0
DA:3391,0
DA:3392,0
DA:3393,0
DA:3394,0
DA:3395,0
DA:3396,0
DA:3397,0
DA:3398,0
DA:3399,0
DA:3400,0
DA:3401,0
DA:3402,0
DA:3403,0
DA:3404,0
DA:3405,0
DA:3406,0
DA:3407,0
DA:3408,0
DA:3409,0
DA:3410,0
DA:3411,0
DA:3412,0
DA:3413,0
DA:3414,0
DA:3415,0
DA:3416,0
DA:3417,0
DA:3418,0
DA:3419,0
DA:3420,0
DA:3421,0
DA:3422,0
DA:3423,0
DA:3424,0
DA:3425,0
DA:3426,0
DA:3427,0
DA:3428,0
DA:3429,0
DA:3430,0
DA:3431,0
DA:3432,0
DA:3433,0
DA:3434,0
DA:3435,0
DA:3436,0
DA:3437,0
DA:3438,0
DA:3439,0
DA:3440,0
DA:3441,0
DA:3442,0
DA:3443,0
DA:3444,0
DA:3445,0
DA:3446,0
DA:3447,0
DA:3448,0
DA:3449,0
DA:3450,0
DA:3451,0
DA:3452,0
DA:3453,0
DA:3454,0
DA:3455,0
DA:3456,0
DA:3457,0
DA:3458,0
DA:3459,0
DA:3460,0
DA:3461,0
DA:3462,0
DA:3463,0
DA:3464,0
DA:3465,0
DA:3466,0
DA:3467,0
DA:3468,0
DA:3469,0
DA:3470,0
DA:3471,0
DA:3472,0
DA:3473,0
DA:3474,0
DA:3475,0
DA:3476,0
DA:3477,0
DA:3478,0
DA:3479,0
DA:3480,0
DA:3481,0
DA:3482,0
DA:3483,0
DA:3484,0
DA:3485,0
DA:3486,0
DA:3487,0
DA:3488,0
DA:3489,0
DA:3490,0
DA:3491,0
DA:3492,0
DA:3493,0
DA:3494,0
DA:3495,0
DA:3496,0
DA:3497,0
DA:3498,0
DA:3499,0
DA:3500,0
DA:3501,0
DA:3502,0
DA:3503,0
DA:3504,0
DA:3505,0
DA:3506,0
DA:3507,0
DA:3508,0
DA:3509,0
DA:3510,0
DA:3511,0
DA:3512,0
DA:3513,0
DA:3514,0
DA:3515,0
DA:3516,0
DA:3517,0
DA:3518,0
DA:3519,0
DA:3520,0
DA:3521,0
DA:3522,0
DA:3523,0
DA:3524,0
DA:3525,0
DA:3526,0
DA:3527,0
DA:3528,0
DA:3529,0
DA:3530,0
DA:3531,0
DA:3532,0
DA:3533,0
DA:3534,0
DA:3535,0
DA:3536,0
DA:3537,0
DA:3538,0
DA:3539,0
DA:3540,0
DA:3541,0
DA:3542,0
DA:3543,0
DA:3544,0
DA:3545,0
DA:3546,0
DA:3547,0
DA:3548,0
DA:3549,0
DA:3550,0
DA:3551,0
DA:3552,0
DA:3553,0
DA:3554,0
DA:3555,0
DA:3556,0
DA:3557,0
DA:3558,0
DA:3559,0
DA:3560,0
DA:3561,0
DA:3562,0
DA:3563,0
DA:3564,0
DA:3565,0
DA:3566,0
DA:3567,0
DA:3568,0
DA:3569,0
DA:3570,0
DA:3571,0
DA:3572,0
DA:3573,0
DA:3574,0
DA:3575,0
DA:3576,0
DA:3577,0
DA:3578,0
DA:3579,0
DA:3580,0
DA:3581,0
DA:3582,0
DA:3583,0
DA:3584,0
DA:3585,0
DA:3586,0
DA:3587,0
DA:3588,0
DA:3589,0
DA:3590,0
DA:3591,0
DA:3592,0
DA:3593,0
DA:3594,0
DA:3595,0
DA:3596,0
DA:3597,0
DA:3598,0
DA:3599,0
DA:3600,0
DA:3601,0
DA:3602,0
DA:3603,0
DA:3604,0
DA:3605,0
DA:3606,0
DA:3607,0
DA:3608,0
DA:3609,0
DA:3610,0
DA:3611,0
DA:3612,0
DA:3613,0
DA:3614,0
DA:3615,0
DA:3616,0
DA:3617,0
DA:3618,0
DA:3619,0
DA:3620,0
DA:3621,0
DA:3622,0
DA:3623,0
DA:3624,0
DA:3625,0
DA:3626,0
DA:3627,0
DA:3628,0
DA:3629,0
DA:3630,0
DA:3631,0
DA:3632,0
DA:3633,0
DA:3634,0
DA:3635,0
DA:3636,0
DA:3637,0
DA:3638,0
DA:3639,0
DA:3640,0
DA:3641,0
DA:3642,0
DA:3643,0
DA:3644,0
DA:3645,0
DA:3646,0
DA:3647,0
DA:3648,0
DA:3649,0
DA:3650,0
DA:3651,0
DA:3652,0
DA:3653,0
DA:3654,0
DA:3655,0
DA:3656,0
LF:3656
LH:1329
BRDA:18,0,0,14
BRDA:294,1,0,0
BRDA:320,2,0,3
BRDA:320,3,0,11
BRDA:323,4,0,11
BRDA:323,5,0,3
BRDA:345,6,0,0
BRDA:345,7,0,0
BRDA:352,8,0,0
BRDA:370,9,0,0
BRDA:404,10,0,0
BRDA:407,11,0,3
BRDA:407,12,0,11
BRDA:426,13,0,0
BRDA:429,14,0,0
BRDA:430,15,0,0
BRDA:431,16,0,0
BRDA:446,17,0,0
BRDA:449,18,0,0
BRDA:450,19,0,0
BRDA:451,20,0,0
BRDA:466,21,0,0
BRDA:469,22,0,0
BRDA:470,23,0,0
BRDA:471,24,0,0
BRDA:487,25,0,0
BRDA:490,26,0,0
BRDA:491,27,0,0
BRDA:492,28,0,0
BRDA:504,29,0,0
BRDA:505,30,0,0
BRDA:506,31,0,0
BRDA:522,32,0,0
BRDA:527,33,0,0
BRDA:527,34,0,0
BRDA:528,35,0,0
BRDA:530,36,0,0
BRDA:531,37,0,0
BRDA:90,38,0,69
BRDA:165,39,0,13
BRDA:168,40,0,12
BRDA:168,41,0,1
BRDA:169,42,0,0
BRDA:173,43,0,14
BRDA:174,44,0,0
BRDA:176,45,0,13
BRDA:179,46,0,0
BRDA:178,47,0,78
BRDA:187,48,0,78
BRDA:188,49,0,13
BRDA:192,50,0,13
BRDA:194,51,0,13
BRDA:194,52,0,0
BRDA:194,53,0,0
BRDA:205,54,0,13
BRDA:207,55,0,0
BRDA:208,56,0,0
BRDA:209,57,0,0
BRDA:212,58,0,0
BRDA:213,59,0,0
BRDA:227,60,0,0
BRDA:209,61,0,13
BRDA:271,62,0,84
BRDA:275,63,0,14
BRDA:275,64,0,70
BRDA:278,65,0,14
BRDA:279,66,0,70
BRDA:283,67,0,70
BRDA:283,68,0,14
BRDA:318,69,0,1
BRDA:318,70,0,1
BRDA:344,71,0,15
BRDA:352,72,0,12
BRDA:365,73,0,24
BRDA:365,74,0,0
BRDA:379,75,0,21
BRDA:542,76,0,13
BRDA:556,77,0,14
BRDA:557,78,0,0
BRDA:570,79,0,73
BRDA:619,80,0,0
BRDA:571,81,0,68
BRDA:573,82,0,3
BRDA:582,83,0,13
BRDA:588,84,0,13
BRDA:594,85,0,13
BRDA:599,86,0,13
BRDA:607,87,0,13
BRDA:614,88,0,0
BRDA:624,89,0,256
BRDA:637,90,0,303
BRDA:640,91,0,0
BRDA:642,92,0,141
BRDA:642,93,0,162
BRDA:647,94,0,0
BRDA:658,95,0,27
BRDA:832,96,0,27
BRDA:833,97,0,0
BRDA:833,98,0,0
BRDA:875,99,0,138
BRDA:891,100,0,24
BRDA:899,101,0,132
BRDA:913,102,0,3
BRDA:930,103,0,6
BRDA:933,104,0,0
BRDA:934,105,0,0
BRDA:935,106,0,0
BRDA:936,107,0,0
BRDA:937,108,0,0
BRDA:988,109,0,0
BRDA:935,110,0,6
BRDA:954,111,0,114
BRDA:959,112,0,0
BRDA:961,113,0,0
BRDA:1001,114,0,27
BRDA:1003,115,0,0
BRDA:1005,116,0,0
BRDA:1015,117,0,0
BRDA:1015,118,0,0
BRDA:1016,119,0,0
BRDA:1025,120,0,0
BRDA:1026,121,0,0
BRDA:1035,122,0,0
BRDA:1044,123,0,0
BRDA:1055,124,0,0
BRDA:1058,125,0,0
BRDA:1064,126,0,0
BRDA:1069,127,0,0
BRDA:1071,128,0,0
BRDA:1071,129,0,0
BRDA:1077,130,0,0
BRDA:1079,131,0,0
BRDA:1079,132,0,0
BRDA:1085,133,0,0
BRDA:1087,134,0,0
BRDA:1092,135,0,27
BRDA:1108,136,0,0
BRDA:1095,137,0,13
BRDA:1096,138,0,13
BRDA:1100,139,0,0
BRDA:1101,140,0,0
BRDA:1142,141,0,40
BRDA:1285,142,0,0
BRDA:1309,143,0,0
BRDA:1320,144,0,0
BRDA:1321,145,0,0
BRDA:1322,146,0,0
BRDA:1325,147,0,0
BRDA:1325,148,0,0
BRDA:1326,149,0,0
BRDA:1330,150,0,0
BRDA:1154,151,0,13
BRDA:1155,152,0,13
BRDA:1156,153,0,0
BRDA:1156,154,0,0
BRDA:1159,155,0,0
BRDA:1159,156,0,0
BRDA:1160,157,0,0
BRDA:1160,158,0,0
BRDA:1161,159,0,0
BRDA:1161,160,0,0
BRDA:1161,161,0,0
BRDA:1163,162,0,0
BRDA:1216,163,0,13
BRDA:1218,164,0,0
BRDA:1499,165,0,27
BRDA:1550,166,0,27
BRDA:1576,167,0,27
BRDA:1906,168,0,0
BRDA:1907,169,0,0
BRDA:1911,170,0,0
BRDA:1911,171,0,0
BRDA:1919,172,0,27
BRDA:1998,173,0,0
BRDA:1929,174,0,13
BRDA:1930,175,0,0
BRDA:1931,176,0,0
BRDA:1931,177,0,0
BRDA:2037,178,0,27
BRDA:2513,179,0,0
BRDA:2535,180,0,0
BRDA:2536,181,0,0
BRDA:2548,182,0,0
BRDA:2575,183,0,0
BRDA:2282,184,0,13
BRDA:2283,185,0,0
BRDA:2297,186,0,13
BRDA:2298,187,0,0
BRDA:2437,188,0,26
BRDA:2438,189,0,0
BRDA:2441,190,0,0
BRDA:2441,191,0,0
BRDA:2443,192,0,0
BRDA:2860,193,0,27
BRDA:2968,194,0,0
BRDA:3080,195,0,0
BRDA:3120,196,0,0
BRDA:2938,197,0,162
BRDA:3044,198,0,81
BRDA:3047,199,0,459
BRDA:3169,200,0,27
BRDA:3172,201,0,0
BRDA:3213,202,0,6
BRDA:3230,203,0,14
BRDA:3240,204,0,0
BRDA:3231,205,0,13
BRDA:3232,206,0,0
BRDA:3232,207,0,0
BRF:208
BRH:81
end_of_record
TN:
SF:src/components/QuickExportButtons.jsx
FN:1,(empty-report)
FNF:1
FNH:0
FNDA:0,(empty-report)
DA:1,0
DA:2,0
DA:3,0
DA:4,0
DA:5,0
DA:6,0
DA:7,0
DA:8,0
DA:9,0
DA:10,0
DA:11,0
DA:12,0
DA:13,0
DA:14,0
DA:15,0
DA:16,0
DA:17,0
DA:18,0
DA:19,0
DA:20,0
DA:21,0
DA:22,0
DA:23,0
DA:24,0
DA:25,0
DA:26,0
DA:27,0
DA:28,0
DA:29,0
DA:30,0
DA:31,0
DA:32,0
DA:33,0
DA:34,0
DA:35,0
DA:36,0
DA:37,0
DA:38,0
DA:39,0
DA:40,0
DA:41,0
DA:42,0
DA:43,0
DA:44,0
DA:45,0
DA:46,0
DA:47,0
DA:48,0
DA:49,0
DA:50,0
DA:51,0
DA:52,0
DA:53,0
DA:54,0
DA:55,0
DA:56,0
DA:57,0
DA:58,0
DA:59,0
DA:60,0
DA:61,0
DA:62,0
DA:63,0
DA:64,0
DA:65,0
DA:66,0
LF:66
LH:0
BRDA:1,0,0,0
BRF:1
BRH:0
end_of_record
TN:
SF:src/components/SiteChrome.jsx
FN:1,(empty-report)
FNF:1
FNH:0
FNDA:0,(empty-report)
DA:1,0
DA:2,0
DA:3,0
DA:4,0
DA:5,0
DA:6,0
DA:7,0
DA:8,0
DA:9,0
DA:10,0
DA:11,0
DA:12,0
DA:13,0
DA:14,0
DA:15,0
DA:16,0
DA:17,0
DA:18,0
DA:19,0
DA:20,0
DA:21,0
DA:22,0
DA:23,0
DA:24,0
DA:25,0
DA:26,0
DA:27,0
DA:28,0
DA:29,0
DA:30,0
DA:31,0
DA:32,0
DA:33,0
DA:34,0
DA:35,0
DA:36,0
DA:37,0
DA:38,0
DA:39,0
DA:40,0
DA:41,0
DA:42,0
DA:43,0
LF:43
LH:0
BRDA:1,0,0,0
BRF:1
BRH:0
end_of_record
TN:
SF:src/components/SpanDiagram.jsx
FN:6,SpanDiagram
FNF:1
FNH:0
FNDA:0,SpanDiagram
DA:1,1
DA:2,1
DA:3,1
DA:4,1
DA:5,1
DA:6,0
DA:7,0
DA:8,0
DA:9,0
DA:10,0
DA:11,0
DA:12,0
DA:13,0
DA:14,0
DA:15,0
DA:16,0
DA:17,0
DA:18,0
DA:19,0
DA:20,0
DA:21,0
DA:22,0
DA:23,0
DA:24,0
DA:25,0
DA:26,0
DA:27,0
DA:28,0
DA:29,0
DA:30,0
DA:31,0
DA:32,0
DA:33,0
DA:34,0
DA:35,0
DA:36,0
DA:37,0
DA:38,0
DA:39,0
DA:40,0
DA:41,0
DA:42,0
DA:43,0
DA:44,0
DA:45,0
DA:46,0
DA:47,0
DA:48,0
DA:49,0
DA:50,0
DA:51,0
DA:52,0
DA:53,0
DA:54,0
DA:55,0
DA:56,0
DA:57,0
DA:58,0
DA:59,0
DA:60,0
DA:61,1
DA:62,1
DA:63,1
DA:64,1
DA:65,1
DA:66,1
DA:67,1
DA:68,1
DA:69,1
DA:70,1
DA:71,1
DA:72,1
DA:73,1
DA:74,1
LF:74
LH:19
BRF:0
BRH:0
end_of_record
TN:
SF:src/components/SpansEditor.jsx
FN:7,SegmentEditor
FN:82,SpansEditor
FN:89,onEnvChange
FN:129,midpoint
FN:144,inferEndpointsForSpan
FN:197,getSpanLengthFtFast
FN:210,getSpanMeta
FN:301,isRowVisible
FN:309,sourceLabel
FN:316,sourceTitle
FN:323,computeInlineStatus
FN:333,computeAutoDetailStatus
FN:342,buildAutoTip
FN:347,buildAnalysisInput
FN:372,determineSpanLenSource
FN:385,runCalc
FN:435,saveOnly
FN:499,onChange
FN:504,onChange
FN:510,onChange
FN:514,onChange
FN:518,onChange
FN:522,onChange
FN:531,onChange
FN:537,onClick
FN:574,onClick
FN:579,onClick
FN:594,onClick
FN:601,onClick
FN:609,onClick
FN:623,onClick
FNF:31
FNH:1
FNDA:0,SegmentEditor
FNDA:27,SpansEditor
FNDA:0,onEnvChange
FNDA:0,midpoint
FNDA:0,inferEndpointsForSpan
FNDA:0,getSpanLengthFtFast
FNDA:0,getSpanMeta
FNDA:0,isRowVisible
FNDA:0,sourceLabel
FNDA:0,sourceTitle
FNDA:0,computeInlineStatus
FNDA:0,computeAutoDetailStatus
FNDA:0,buildAutoTip
FNDA:0,buildAnalysisInput
FNDA:0,determineSpanLenSource
FNDA:0,runCalc
FNDA:0,saveOnly
FNDA:0,onChange
FNDA:0,onChange
FNDA:0,onChange
FNDA:0,onChange
FNDA:0,onChange
FNDA:0,onChange
FNDA:0,onChange
FNDA:0,onClick
FNDA:0,onClick
FNDA:0,onClick
FNDA:0,onClick
FNDA:0,onClick
FNDA:0,onClick
FNDA:0,onClick
DA:1,1
DA:2,1
DA:3,1
DA:4,1
DA:5,1
DA:6,1
DA:7,0
DA:8,0
DA:9,0
DA:10,0
DA:11,0
DA:12,0
DA:13,0
DA:14,0
DA:15,0
DA:16,0
DA:17,0
DA:18,0
DA:19,0
DA:20,0
DA:21,0
DA:22,0
DA:23,0
DA:24,0
DA:25,0
DA:26,0
DA:27,0
DA:28,0
DA:29,0
DA:30,0
DA:31,0
DA:32,0
DA:33,0
DA:34,0
DA:35,0
DA:36,0
DA:37,0
DA:38,0
DA:39,0
DA:40,0
DA:41,0
DA:42,0
DA:43,0
DA:44,0
DA:45,0
DA:46,0
DA:47,0
DA:48,0
DA:49,0
DA:50,0
DA:51,0
DA:52,0
DA:53,0
DA:54,0
DA:55,0
DA:56,0
DA:57,0
DA:58,0
DA:59,0
DA:60,0
DA:61,0
DA:62,0
DA:63,0
DA:64,0
DA:65,0
DA:66,0
DA:67,0
DA:68,0
DA:69,0
DA:70,0
DA:71,0
DA:72,0
DA:73,0
DA:74,0
DA:75,0
DA:76,1
DA:77,1
DA:78,1
DA:79,1
DA:80,1
DA:81,1
DA:82,27
DA:83,27
DA:84,27
DA:85,27
DA:86,27
DA:87,27
DA:88,27
DA:89,27
DA:90,0
DA:91,0
DA:92,27
DA:93,27
DA:94,27
DA:95,0
DA:96,0
DA:97,0
DA:98,0
DA:99,27
DA:100,27
DA:101,27
DA:102,27
DA:103,27
DA:104,27
DA:105,13
DA:106,13
DA:107,13
DA:108,0
DA:109,0
DA:110,0
DA:111,0
DA:112,13
DA:113,27
DA:114,27
DA:115,13
DA:116,13
DA:117,13
DA:118,27
DA:119,27
DA:120,0
DA:121,0
DA:122,0
DA:123,0
DA:124,0
DA:125,0
DA:126,0
DA:127,0
DA:128,27
DA:129,27
DA:130,0
DA:131,0
DA:132,0
DA:133,27
DA:134,0
DA:135,0
DA:136,0
DA:137,0
DA:138,0
DA:139,0
DA:140,0
DA:141,0
DA:142,0
DA:143,27
DA:144,27
DA:145,0
DA:146,0
DA:147,0
DA:148,0
DA:149,0
DA:150,0
DA:151,0
DA:152,0
DA:153,0
DA:154,0
DA:155,0
DA:156,0
DA:157,0
DA:158,0
DA:159,0
DA:160,0
DA:161,0
DA:162,0
DA:163,0
DA:164,0
DA:165,0
DA:166,0
DA:167,0
DA:168,0
DA:169,0
DA:170,0
DA:171,0
DA:172,0
DA:173,0
DA:174,0
DA:175,0
DA:176,0
DA:177,0
DA:178,0
DA:179,0
DA:180,0
DA:181,0
DA:182,0
DA:183,0
DA:184,0
DA:185,0
DA:186,0
DA:187,0
DA:188,0
DA:189,27
DA:190,27
DA:191,27
DA:192,27
DA:193,13
DA:194,13
DA:195,13
DA:196,13
DA:197,13
DA:198,0
DA:199,0
DA:200,0
DA:201,0
DA:202,0
DA:203,0
DA:204,0
DA:205,0
DA:206,0
DA:207,0
DA:208,13
DA:209,13
DA:210,13
DA:211,0
DA:212,0
DA:213,0
DA:214,0
DA:215,0
DA:216,0
DA:217,0
DA:218,0
DA:219,0
DA:220,0
DA:221,0
DA:222,0
DA:223,0
DA:224,0
DA:225,0
DA:226,0
DA:227,0
DA:228,0
DA:229,0
DA:230,0
DA:231,0
DA:232,0
DA:233,0
DA:234,0
DA:235,0
DA:236,0
DA:237,0
DA:238,0
DA:239,0
DA:240,0
DA:241,0
DA:242,0
DA:243,0
DA:244,0
DA:245,0
DA:246,0
DA:247,0
DA:248,0
DA:249,0
DA:250,0
DA:251,0
DA:252,0
DA:253,13
DA:254,13
DA:255,13
DA:256,13
DA:257,13
DA:258,13
DA:259,13
DA:260,13
DA:261,13
DA:262,13
DA:263,13
DA:264,13
DA:265,13
DA:266,13
DA:267,13
DA:268,13
DA:269,13
DA:270,13
DA:271,27
DA:272,27
DA:273,27
DA:274,27
DA:275,27
DA:276,27
DA:277,27
DA:278,27
DA:279,27
DA:280,27
DA:281,27
DA:282,27
DA:283,27
DA:284,27
DA:285,27
DA:286,27
DA:287,27
DA:288,27
DA:289,27
DA:290,27
DA:291,27
DA:292,27
DA:293,27
DA:294,27
DA:295,27
DA:296,27
DA:297,27
DA:298,27
DA:299,27
DA:300,27
DA:301,27
DA:302,0
DA:303,0
DA:304,0
DA:305,0
DA:306,0
DA:307,27
DA:308,27
DA:309,27
DA:310,0
DA:311,0
DA:312,0
DA:313,0
DA:314,0
DA:315,0
DA:316,27
DA:317,0
DA:318,0
DA:319,0
DA:320,0
DA:321,0
DA:322,0
DA:323,27
DA:324,0
DA:325,0
DA:326,0
DA:327,0
DA:328,0
DA:329,0
DA:330,0
DA:331,0
DA:332,0
DA:333,27
DA:334,0
DA:335,0
DA:336,0
DA:337,0
DA:338,0
DA:339,0
DA:340,0
DA:341,0
DA:342,27
DA:343,0
DA:344,27
DA:345,27
DA:346,27
DA:347,27
DA:348,0
DA:349,0
DA:350,0
DA:351,0
DA:352,0
DA:353,0
DA:354,0
DA:355,0
DA:356,0
DA:357,0
DA:358,0
DA:359,0
DA:360,0
DA:361,0
DA:362,0
DA:363,0
DA:364,0
DA:365,0
DA:366,0
DA:367,0
DA:368,0
DA:369,0
DA:370,0
DA:371,27
DA:372,27
DA:373,0
DA:374,0
DA:375,0
DA:376,0
DA:377,0
DA:378,0
DA:379,0
DA:380,0
DA:381,0
DA:382,0
DA:383,0
DA:384,27
DA:385,27
DA:386,0
DA:387,0
DA:388,0
DA:389,0
DA:390,0
DA:391,0
DA:392,0
DA:393,0
DA:394,0
DA:395,0
DA:396,0
DA:397,0
DA:398,0
DA:399,0
DA:400,0
DA:401,0
DA:402,0
DA:403,0
DA:404,0
DA:405,0
DA:406,0
DA:407,0
DA:408,0
DA:409,0
DA:410,0
DA:411,0
DA:412,0
DA:413,0
DA:414,0
DA:415,0
DA:416,0
DA:417,0
DA:418,0
DA:419,0
DA:420,0
DA:421,0
DA:422,0
DA:423,0
DA:424,0
DA:425,0
DA:426,0
DA:427,0
DA:428,0
DA:429,0
DA:430,0
DA:431,0
DA:432,0
DA:433,0
DA:434,27
DA:435,27
DA:436,0
DA:437,0
DA:438,0
DA:439,0
DA:440,0
DA:441,0
DA:442,0
DA:443,0
DA:444,0
DA:445,0
DA:446,0
DA:447,0
DA:448,0
DA:449,0
DA:450,0
DA:451,0
DA:452,0
DA:453,0
DA:454,0
DA:455,0
DA:456,0
DA:457,0
DA:458,0
DA:459,0
DA:460,0
DA:461,0
DA:462,0
DA:463,0
DA:464,0
DA:465,0
DA:466,0
DA:467,0
DA:468,0
DA:469,0
DA:470,0
DA:471,27
DA:472,27
DA:473,0
DA:474,0
DA:475,0
DA:476,0
DA:477,0
DA:478,0
DA:479,0
DA:480,0
DA:481,0
DA:482,0
DA:483,0
DA:484,0
DA:485,0
DA:486,0
DA:487,0
DA:488,0
DA:489,0
DA:490,0
DA:491,0
DA:492,0
DA:493,0
DA:494,0
DA:495,0
DA:496,0
DA:497,0
DA:498,0
DA:499,0
DA:500,0
DA:501,0
DA:502,0
DA:503,0
DA:504,0
DA:505,0
DA:506,0
DA:507,0
DA:508,0
DA:509,0
DA:510,0
DA:511,0
DA:512,0
DA:513,0
DA:514,0
DA:515,0
DA:516,0
DA:517,0
DA:518,0
DA:519,0
DA:520,0
DA:521,0
DA:522,0
DA:523,0
DA:524,0
DA:525,0
DA:526,0
DA:527,0
DA:528,0
DA:529,0
DA:530,0
DA:531,0
DA:532,0
DA:533,0
DA:534,0
DA:535,0
DA:536,0
DA:537,0
DA:538,0
DA:539,0
DA:540,0
DA:541,0
DA:542,0
DA:543,0
DA:544,0
DA:545,0
DA:546,0
DA:547,0
DA:548,0
DA:549,0
DA:550,0
DA:551,0
DA:552,0
DA:553,0
DA:554,0
DA:555,0
DA:556,0
DA:557,0
DA:558,0
DA:559,0
DA:560,0
DA:561,0
DA:562,0
DA:563,0
DA:564,0
DA:565,0
DA:566,0
DA:567,0
DA:568,0
DA:569,0
DA:570,0
DA:571,0
DA:572,0
DA:573,0
DA:574,0
DA:575,0
DA:576,0
DA:577,0
DA:578,0
DA:579,0
DA:580,0
DA:581,0
DA:582,0
DA:583,0
DA:584,0
DA:585,0
DA:586,0
DA:587,0
DA:588,0
DA:589,0
DA:590,0
DA:591,0
DA:592,0
DA:593,0
DA:594,0
DA:595,0
DA:596,0
DA:597,0
DA:598,0
DA:599,0
DA:600,0
DA:601,0
DA:602,0
DA:603,0
DA:604,0
DA:605,0
DA:606,0
DA:607,0
DA:608,0
DA:609,0
DA:610,0
DA:611,0
DA:612,0
DA:613,0
DA:614,0
DA:615,0
DA:616,0
DA:617,0
DA:618,0
DA:619,0
DA:620,0
DA:621,0
DA:622,0
DA:623,0
DA:624,0
DA:625,0
DA:626,0
DA:627,0
DA:628,0
DA:629,0
DA:630,0
DA:631,0
DA:632,0
DA:633,0
DA:634,0
DA:635,0
DA:636,0
DA:637,0
DA:638,0
DA:639,0
DA:640,0
DA:641,0
DA:642,0
DA:643,0
DA:644,0
DA:645,0
DA:646,0
DA:647,0
DA:648,0
DA:649,0
DA:650,0
DA:651,0
DA:652,0
DA:653,0
DA:654,0
DA:655,0
DA:656,0
DA:657,0
DA:658,0
DA:659,0
DA:660,0
DA:661,0
DA:662,0
DA:663,0
DA:664,0
DA:665,0
DA:666,0
DA:667,0
DA:668,0
DA:669,0
DA:670,0
DA:671,0
DA:672,0
DA:673,0
DA:674,0
DA:675,0
DA:676,0
DA:677,0
DA:678,0
DA:679,0
DA:680,0
DA:681,0
DA:682,0
DA:683,0
DA:684,0
DA:685,0
DA:686,0
DA:687,0
DA:688,0
DA:689,0
DA:690,0
DA:691,0
DA:692,0
DA:693,0
DA:694,0
DA:695,0
DA:696,0
DA:697,0
DA:698,0
DA:699,0
DA:700,0
DA:701,0
DA:702,0
DA:703,0
DA:704,0
DA:705,0
DA:706,0
DA:707,0
DA:708,0
DA:709,0
DA:710,0
DA:711,0
DA:712,0
DA:713,0
DA:714,0
DA:715,0
DA:716,0
DA:717,0
DA:718,0
DA:719,0
DA:720,0
DA:721,0
DA:722,0
DA:723,0
DA:724,0
DA:725,0
DA:726,0
DA:727,0
DA:728,0
DA:729,0
DA:730,0
DA:731,0
DA:732,0
DA:733,0
DA:734,0
DA:735,0
DA:736,0
DA:737,0
DA:738,0
DA:739,0
DA:740,0
DA:741,0
DA:742,0
DA:743,0
DA:744,0
DA:745,0
DA:746,0
DA:747,0
DA:748,0
DA:749,0
DA:750,0
DA:751,0
DA:752,0
DA:753,0
DA:754,0
DA:755,0
DA:756,0
DA:757,0
DA:758,0
DA:759,0
DA:760,0
DA:761,0
DA:762,0
DA:763,0
DA:764,0
DA:765,0
DA:766,0
DA:767,0
DA:768,0
DA:769,0
DA:770,0
DA:771,0
DA:772,0
DA:773,0
DA:774,0
DA:775,0
DA:776,0
DA:777,0
DA:778,0
DA:779,0
DA:780,0
DA:781,0
DA:782,0
DA:783,0
DA:784,0
DA:785,0
DA:786,0
DA:787,0
DA:788,0
DA:789,0
DA:790,0
DA:791,0
DA:792,0
DA:793,0
DA:794,0
DA:795,0
DA:796,0
DA:797,0
DA:798,0
DA:799,0
DA:800,0
DA:801,0
DA:802,0
DA:803,0
DA:804,0
DA:805,0
DA:806,0
DA:807,0
DA:808,0
DA:809,0
DA:810,27
DA:811,27
LF:811
LH:127
BRDA:82,0,0,27
BRDA:472,1,0,0
BRDA:84,2,0,13
BRDA:84,3,0,0
BRDA:104,4,0,13
BRDA:105,5,0,0
BRDA:105,6,0,0
BRDA:114,7,0,13
BRDA:116,8,0,0
BRDA:192,9,0,13
BRF:10
BRH:5
end_of_record
TN:
SF:src/components/index.js
FN:1,(empty-report)
FNF:1
FNH:0
FNDA:0,(empty-report)
DA:1,0
LF:1
LH:0
BRDA:1,0,0,0
BRF:1
BRH:0
end_of_record
TN:
SF:src/hooks/index.js
FN:1,(empty-report)
FNF:1
FNH:0
FNDA:0,(empty-report)
DA:1,0
LF:1
LH:0
BRDA:1,0,0,0
BRF:1
BRH:0
end_of_record
TN:
SF:src/hooks/useAutoFillPull.js
FN:1,(empty-report)
FNF:1
FNH:0
FNDA:0,(empty-report)
DA:1,0
DA:2,0
DA:3,0
DA:4,0
DA:5,0
DA:6,0
DA:7,0
DA:8,0
DA:9,0
DA:10,0
DA:11,0
DA:12,0
DA:13,0
DA:14,0
DA:15,0
LF:15
LH:0
BRDA:1,0,0,0
BRF:1
BRH:0
end_of_record
TN:
SF:src/routes/ContentPage.jsx
FN:7,HeroSection
FN:24,RichTextSection
FN:32,FeatureSection
FN:49,CtaSection
FN:72,getPageBySlug
FN:77,ContentPage
FNF:6
FNH:6
FNDA:1,HeroSection
FNDA:1,RichTextSection
FNDA:1,FeatureSection
FNDA:1,CtaSection
FNDA:2,getPageBySlug
FNDA:2,ContentPage
DA:1,1
DA:2,1
DA:3,1
DA:4,1
DA:5,1
DA:6,1
DA:7,1
DA:8,1
DA:9,1
DA:10,1
DA:11,1
DA:12,1
DA:13,1
DA:14,1
DA:15,1
DA:16,1
DA:17,1
DA:18,1
DA:19,1
DA:20,1
DA:21,1
DA:22,1
DA:23,1
DA:24,1
DA:25,1
DA:26,1
DA:27,1
DA:28,1
DA:29,1
DA:30,1
DA:31,1
DA:32,1
DA:33,1
DA:34,1
DA:35,1
DA:36,1
DA:37,1
DA:38,1
DA:39,3
DA:40,3
DA:41,3
DA:42,3
DA:43,1
DA:44,1
DA:45,1
DA:46,1
DA:47,1
DA:48,1
DA:49,1
DA:50,1
DA:51,1
DA:52,1
DA:53,1
DA:54,1
DA:55,1
DA:56,1
DA:57,1
DA:58,1
DA:59,1
DA:60,1
DA:61,1
DA:62,1
DA:63,1
DA:64,1
DA:65,1
DA:66,1
DA:67,1
DA:68,1
DA:69,1
DA:70,1
DA:71,1
DA:72,2
DA:73,2
DA:74,2
DA:75,2
DA:76,1
DA:77,2
DA:78,2
DA:79,2
DA:80,2
DA:81,2
DA:82,2
DA:83,1
DA:84,1
DA:85,1
DA:86,1
DA:87,1
DA:88,1
DA:89,1
DA:90,1
DA:91,1
DA:92,2
DA:93,2
DA:94,2
DA:95,2
DA:96,2
DA:97,4
DA:98,4
DA:99,2
DA:100,2
DA:101,2
DA:102,2
DA:103,2
DA:104,2
DA:105,2
LF:105
LH:105
BRDA:7,0,0,1
BRDA:8,1,0,0
BRDA:12,2,0,0
BRDA:16,3,0,0
BRDA:24,4,0,1
BRDA:32,5,0,1
BRDA:33,6,0,0
BRDA:36,7,0,0
BRDA:38,8,0,3
BRDA:49,9,0,1
BRDA:55,10,0,0
BRDA:72,11,0,2
BRDA:74,12,0,1
BRDA:74,13,0,1
BRDA:73,14,0,2
BRDA:77,15,0,2
BRDA:79,16,0,1
BRDA:79,17,0,0
BRDA:82,18,0,1
BRDA:92,19,0,0
BRDA:93,20,0,0
BRDA:96,21,0,4
BRDA:97,22,0,0
BRF:23
BRH:13
end_of_record
TN:
SF:src/utils/calculations.js
FN:2,clamp
FN:6,degToRad
FN:7,radToDeg
FN:8,normalizeBearingDeg
FN:10,normalizeIncludedAngleDeg
[...]
FNDA:0,createPdfDocument
FNDA:5,loadPdfLib
DA:1,1
DA:2,1
DA:3,1
DA:4,1
DA:5,1
DA:6,0
DA:7,0
DA:8,0
DA:9,1
DA:10,1
DA:11,0
DA:12,0
DA:13,0
DA:14,1
DA:15,1
DA:16,5
DA:17,5
LF:17
LH:11
BRDA:15,0,0,5
BRF:1
BRH:1
end_of_record
TN:
SF:src/utils/pdfFieldMapper.js
FN:1,(empty-report)
FNF:1
FNH:0
FNDA:0,(empty-report)
DA:1,0
DA:2,0
DA:3,0
DA:4,0
DA:5,0
DA:6,0
DA:7,0
DA:8,0
DA:9,0
DA:10,0
DA:11,0
DA:12,0
DA:13,0
DA:14,0
DA:15,0
DA:16,0
DA:17,0
DA:18,0
DA:19,0
DA:20,0
DA:21,0
DA:22,0
DA:23,0
DA:24,0
DA:25,0
DA:26,0
DA:27,0
DA:28,0
DA:29,0
DA:30,0
DA:31,0
DA:32,0
DA:33,0
DA:34,0
DA:35,0
DA:36,0
DA:37,0
DA:38,0
DA:39,0
DA:40,0
DA:41,0
DA:42,0
DA:43,0
LF:43
LH:0
BRDA:1,0,0,0
BRF:1
BRH:0
end_of_record
TN:
SF:src/utils/pdfFormFiller.js
FN:1,(empty-report)
FNF:1
FNH:0
FNDA:0,(empty-report)
DA:1,0
DA:2,0
DA:3,0
DA:4,0
DA:5,0
DA:6,0
DA:7,0
DA:8,0
DA:9,0
DA:10,0
DA:11,0
DA:12,0
DA:13,0
DA:14,0
DA:15,0
DA:16,0
DA:17,0
DA:18,0
DA:19,0
DA:20,0
DA:21,0
DA:22,0
DA:23,0
DA:24,0
DA:25,0
DA:26,0
DA:27,0
DA:28,0
DA:29,0
DA:30,0
DA:31,0
DA:32,0
DA:33,0
DA:34,0
DA:35,0
DA:36,0
DA:37,0
DA:38,0
DA:39,0
DA:40,0
DA:41,0
DA:42,0
DA:43,0
DA:44,0
DA:45,0
DA:46,0
DA:47,0
DA:48,0
DA:49,0
DA:50,0
DA:51,0
DA:52,0
DA:53,0
DA:54,0
DA:55,0
DA:56,0
DA:57,0
DA:58,0
DA:59,0
DA:60,0
DA:61,0
DA:62,0
DA:63,0
DA:64,0
DA:65,0
DA:66,0
DA:67,0
DA:68,0
DA:69,0
DA:70,0
DA:71,0
DA:72,0
DA:73,0
DA:74,0
DA:75,0
DA:76,0
DA:77,0
LF:77
LH:0
BRDA:1,0,0,0
BRF:1
BRH:0
end_of_record
TN:
SF:src/utils/pdfLayouts.js
FN:1,(empty-report)
FNF:1
FNH:0
FNDA:0,(empty-report)
DA:1,0
DA:2,0
DA:3,0
DA:4,0
DA:5,0
DA:6,0
DA:7,0
DA:8,0
DA:9,0
DA:10,0
DA:11,0
DA:12,0
DA:13,0
DA:14,0
DA:15,0
DA:16,0
DA:17,0
DA:18,0
DA:19,0
DA:20,0
DA:21,0
DA:22,0
DA:23,0
DA:24,0
DA:25,0
DA:26,0
DA:27,0
DA:28,0
DA:29,0
DA:30,0
DA:31,0
DA:32,0
DA:33,0
DA:34,0
DA:35,0
DA:36,0
DA:37,0
DA:38,0
DA:39,0
DA:40,0
DA:41,0
DA:42,0
DA:43,0
DA:44,0
DA:45,0
DA:46,0
DA:47,0
DA:48,0
DA:49,0
DA:50,0
DA:51,0
DA:52,0
DA:53,0
DA:54,0
DA:55,0
DA:56,0
DA:57,0
DA:58,0
DA:59,0
DA:60,0
DA:61,0
DA:62,0
DA:63,0
DA:64,0
DA:65,0
DA:66,0
DA:67,0
DA:68,0
DA:69,0
DA:70,0
DA:71,0
DA:72,0
DA:73,0
DA:74,0
DA:75,0
DA:76,0
DA:77,0
DA:78,0
DA:79,0
DA:80,0
DA:81,0
DA:82,0
DA:83,0
DA:84,0
DA:85,0
DA:86,0
DA:87,0
DA:88,0
DA:89,0
DA:90,0
DA:91,0
DA:92,0
DA:93,0
DA:94,0
DA:95,0
DA:96,0
DA:97,0
DA:98,0
DA:99,0
DA:100,0
DA:101,0
DA:102,0
DA:103,0
DA:104,0
LF:104
LH:0
BRDA:1,0,0,0
BRF:1
BRH:0
end_of_record
TN:
SF:src/utils/permitChecks.js
FN:9,detectPermitIssues
FN:69,toNum
FN:85,labelForEnv
FNF:3
FNH:3
FNDA:9,detectPermitIssues
FNDA:53,toNum
FNDA:6,labelForEnv
DA:1,1
DA:2,1
DA:3,1
DA:4,1
DA:5,1
DA:6,1
DA:7,1
DA:8,1
DA:9,1
DA:10,9
DA:11,9
DA:12,9
DA:13,9
DA:14,9
DA:15,9
DA:16,9
DA:17,9
DA:18,9
DA:19,9
DA:20,9
DA:21,9
DA:22,9
DA:23,9
DA:24,9
DA:25,9
DA:26,9
DA:27,9
DA:28,9
DA:29,9
DA:30,9
DA:31,9
DA:32,9
DA:33,9
DA:34,9
DA:35,9
DA:36,9
DA:37,9
DA:38,9
DA:39,9
DA:40,8
DA:41,8
DA:42,8
DA:43,7
DA:44,6
DA:45,6
DA:46,7
DA:47,6
DA:48,6
DA:49,7
DA:50,8
DA:51,9
DA:52,9
DA:53,9
DA:54,0
DA:55,0
DA:56,9
DA:57,9
DA:58,9
DA:59,9
DA:60,9
DA:61,1
DA:62,1
DA:63,9
DA:64,9
DA:65,1
DA:66,1
DA:67,1
DA:68,1
DA:69,53
DA:70,53
DA:71,22
DA:72,0
DA:73,0
DA:74,0
DA:75,0
DA:76,53
DA:77,0
DA:78,0
DA:79,0
DA:80,0
DA:81,0
DA:82,53
DA:83,53
DA:84,1
DA:85,6
DA:86,6
DA:87,6
DA:88,6
DA:89,6
DA:90,6
DA:91,6
DA:92,6
DA:93,6
DA:94,6
DA:95,6
DA:96,6
DA:97,6
LF:97
LH:86
BRDA:9,0,0,9
BRDA:11,1,0,0
BRDA:12,2,0,8
BRDA:12,3,0,1
BRDA:13,4,0,8
BRDA:13,5,0,1
BRDA:14,6,0,8
BRDA:14,7,0,1
BRDA:15,8,0,8
BRDA:15,9,0,1
BRDA:16,10,0,8
BRDA:16,11,0,1
BRDA:17,12,0,8
BRDA:17,13,0,8
BRDA:17,14,0,1
BRDA:18,15,0,8
BRDA:18,16,0,1
BRDA:19,17,0,8
BRDA:19,18,0,1
BRDA:20,19,0,8
BRDA:20,20,0,1
BRDA:24,21,0,4
BRDA:25,22,0,8
BRDA:26,23,0,8
BRDA:27,24,0,8
BRDA:39,25,0,8
BRDA:41,26,0,4
BRDA:41,27,0,4
BRDA:42,28,0,7
BRDA:43,29,0,6
BRDA:46,30,0,6
BRDA:46,31,0,6
BRDA:53,32,0,8
BRDA:53,33,0,8
BRDA:53,34,0,0
BRDA:59,35,0,3
BRDA:60,36,0,2
BRDA:60,37,0,2
BRDA:60,38,0,1
BRDA:38,39,0,45
BRDA:69,40,0,53
BRDA:70,41,0,31
BRDA:70,42,0,22
BRDA:71,43,0,0
BRDA:76,44,0,0
BRDA:82,45,0,0
BRDA:85,46,0,6
BRDA:87,47,0,1
BRDA:88,48,0,1
BRDA:89,49,0,1
BRDA:90,50,0,1
BRDA:91,51,0,1
BRDA:92,52,0,0
BRDA:93,53,0,1
BRDA:94,54,0,0
BRDA:95,55,0,0
BRF:56
BRH:48
end_of_record
TN:
SF:src/utils/permitSummary.js
FN:13,makePermitSummary
FNF:1
FNH:1
FNDA:9,makePermitSummary
DA:1,1
DA:2,1
DA:3,1
DA:4,1
DA:5,1
DA:6,1
DA:7,1
DA:8,1
DA:9,1
DA:10,1
DA:11,1
DA:12,1
DA:13,1
DA:14,9
DA:15,9
DA:16,9
DA:17,9
DA:18,9
DA:19,9
DA:20,9
DA:21,9
DA:22,9
DA:23,9
DA:24,9
DA:25,9
DA:26,9
DA:27,9
DA:28,9
DA:29,9
DA:30,9
DA:31,9
DA:32,9
DA:33,9
DA:34,9
DA:35,9
DA:36,9
DA:37,9
DA:38,9
DA:39,9
DA:40,9
DA:41,9
DA:42,9
DA:43,9
DA:44,9
DA:45,9
DA:46,9
DA:47,9
DA:48,9
DA:49,9
DA:50,9
DA:51,9
DA:52,9
DA:53,9
DA:54,9
DA:55,9
DA:56,9
DA:57,1
DA:58,1
DA:59,1
DA:60,9
DA:61,9
DA:62,1
DA:63,1
DA:64,1
DA:65,9
DA:66,9
DA:67,9
DA:68,9
DA:69,9
DA:70,9
DA:71,9
DA:72,9
DA:73,9
DA:74,9
DA:75,9
LF:75
LH:75
BRDA:13,0,0,9
BRDA:14,1,0,0
BRDA:15,2,0,2
BRDA:15,3,0,7
BRDA:15,4,0,0
BRDA:17,5,0,0
BRDA:22,6,0,4
BRDA:22,7,0,5
BRDA:23,8,0,4
BRDA:23,9,0,5
BRDA:25,10,0,4
BRDA:26,11,0,5
BRDA:30,12,0,0
BRDA:31,13,0,0
BRDA:31,14,0,0
BRDA:32,15,0,1
BRDA:32,16,0,0
BRDA:33,17,0,1
BRDA:33,18,0,0
BRDA:34,19,0,1
BRDA:34,20,0,0
BRDA:35,21,0,7
BRDA:36,22,0,7
BRDA:41,23,0,0
BRDA:42,24,0,0
BRDA:43,25,0,0
BRDA:43,26,0,0
BRDA:49,27,0,4
BRDA:49,28,0,5
BRDA:53,29,0,4
BRDA:53,30,0,8
BRDA:54,31,0,4
BRDA:54,32,0,8
BRDA:56,33,0,4
BRDA:56,34,0,1
BRDA:58,35,0,0
BRDA:59,36,0,0
BRDA:60,37,0,8
BRDA:61,38,0,4
BRDA:61,39,0,1
BRDA:63,40,0,0
BRDA:64,41,0,0
BRDA:65,42,0,8
BRDA:70,43,0,8
BRDA:71,44,0,8
BRDA:18,45,0,8
BRDA:18,46,0,0
BRDA:20,47,0,7
BRDA:21,48,0,7
BRDA:25,49,0,7
BRDA:25,50,0,3
BRDA:25,51,0,4
BRDA:25,52,0,0
BRF:53
BRH:34
end_of_record
TN:
SF:src/utils/permitTemplates.js
FN:113,getTemplatesForEnvironment
FN:123,buildTemplatesText
FNF:2
FNH:2
FNDA:16,getTemplatesForEnvironment
FNDA:3,buildTemplatesText
DA:1,1
DA:2,1
DA:3,1
DA:4,1
DA:5,1
DA:6,1
DA:7,1
DA:8,1
DA:9,1
DA:10,1
DA:11,1
DA:12,1
DA:13,1
DA:14,1
DA:15,1
DA:16,1
DA:17,1
DA:18,1
DA:19,1
DA:20,1
DA:21,1
DA:22,1
DA:23,1
DA:24,1
DA:25,1
DA:26,1
DA:27,1
DA:28,1
DA:29,1
DA:30,1
DA:31,1
DA:32,1
DA:33,1
DA:34,1
DA:35,1
DA:36,1
DA:37,1
DA:38,1
DA:39,1
DA:40,1
DA:41,1
DA:42,1
DA:43,1
DA:44,1
DA:45,1
DA:46,1
DA:47,1
DA:48,1
DA:49,1
DA:50,1
DA:51,1
DA:52,1
DA:53,1
DA:54,1
DA:55,1
DA:56,1
DA:57,1
DA:58,1
DA:59,1
DA:60,1
DA:61,1
DA:62,1
DA:63,1
DA:64,1
DA:65,1
DA:66,1
DA:67,1
DA:68,1
DA:69,1
DA:70,1
DA:71,1
DA:72,1
DA:73,1
DA:74,1
DA:75,1
DA:76,1
DA:77,1
DA:78,1
DA:79,1
DA:80,1
DA:81,1
DA:82,1
DA:83,1
DA:84,1
DA:85,1
DA:86,1
DA:87,1
DA:88,1
DA:89,1
DA:90,1
DA:91,1
DA:92,1
DA:93,1
DA:94,1
DA:95,1
DA:96,1
DA:97,1
DA:98,1
DA:99,1
DA:100,1
DA:101,1
DA:102,1
DA:103,1
DA:104,1
DA:105,1
DA:106,1
DA:107,1
DA:108,1
DA:109,1
DA:110,1
DA:111,1
DA:112,1
DA:113,1
DA:114,16
DA:115,16
DA:116,16
DA:117,80
DA:118,80
DA:119,80
DA:120,16
DA:121,16
DA:122,1
DA:123,1
DA:124,3
DA:125,3
DA:126,3
DA:127,3
DA:128,3
DA:129,3
DA:130,3
DA:131,3
DA:132,5
DA:133,5
DA:134,5
DA:135,3
DA:136,3
DA:137,3
DA:138,3
DA:139,3
DA:140,3
DA:141,3
DA:142,3
DA:143,3
DA:144,1
DA:145,1
LF:145
LH:145
BRDA:113,0,0,16
BRDA:116,1,0,80
BRDA:118,2,0,0
BRDA:118,3,0,3
BRDA:123,4,0,3
BRDA:124,5,0,0
BRDA:125,6,0,0
BRDA:131,7,0,5
BRDA:138,8,0,10
BRF:9
BRH:6
end_of_record
TN:
SF:src/utils/permits.js
FN:9,buildMM109PDF
FN:15,draw
FN:30,line
FN:79,buildCSXPDF
FN:85,draw
FN:100,line
FNF:6
FNH:6
FNDA:2,buildMM109PDF
FNDA:106,draw
FNDA:44,line
FNDA:2,buildCSXPDF
FNDA:106,draw
FNDA:44,line
DA:1,1
DA:2,1
DA:3,1
DA:4,1
DA:5,1
DA:6,1
DA:7,1
DA:8,1
DA:9,1
DA:10,2
DA:11,2
DA:12,2
DA:13,2
DA:14,2
DA:15,2
DA:16,106
DA:17,2
DA:18,2
DA:19,2
DA:20,2
DA:21,2
DA:22,2
DA:23,2
DA:24,2
DA:25,2
DA:26,2
DA:27,2
DA:28,2
DA:29,2
DA:30,2
DA:31,44
DA:32,44
DA:33,44
DA:34,2
DA:35,2
DA:36,2
DA:37,2
DA:38,2
DA:39,2
DA:40,2
DA:41,2
DA:42,2
DA:43,2
DA:44,2
DA:45,2
DA:46,2
DA:47,2
DA:48,2
DA:49,2
DA:50,2
DA:51,2
DA:52,2
DA:53,2
DA:54,2
DA:55,2
DA:56,2
DA:57,2
DA:58,2
DA:59,2
DA:60,2
DA:61,2
DA:62,2
DA:63,2
DA:64,2
DA:65,2
DA:66,2
DA:67,2
DA:68,2
DA:69,2
DA:70,2
DA:71,2
DA:72,2
DA:73,2
DA:74,2
DA:75,2
DA:76,2
DA:77,2
DA:78,1
DA:79,1
DA:80,2
DA:81,2
DA:82,2
DA:83,2
DA:84,2
DA:85,2
DA:86,106
DA:87,2
DA:88,2
DA:89,2
DA:90,2
DA:91,2
DA:92,2
DA:93,2
DA:94,2
DA:95,2
DA:96,2
DA:97,2
DA:98,2
DA:99,2
DA:100,2
DA:101,44
DA:102,44
DA:103,44
DA:104,2
DA:105,2
DA:106,2
DA:107,2
DA:108,2
DA:109,2
DA:110,2
DA:111,2
DA:112,2
DA:113,2
DA:114,2
DA:115,2
DA:116,2
DA:117,2
DA:118,2
DA:119,2
DA:120,2
DA:121,2
DA:122,2
DA:123,2
DA:124,2
DA:125,2
DA:126,2
DA:127,2
DA:128,2
DA:129,2
DA:130,2
DA:131,2
DA:132,2
DA:133,2
DA:134,2
DA:135,2
DA:136,2
DA:137,2
DA:138,2
DA:139,2
DA:140,2
DA:141,2
DA:142,2
DA:143,2
DA:144,2
DA:145,2
DA:146,2
DA:147,2
LF:147
LH:147
BRDA:9,0,0,2
BRDA:23,1,0,0
BRDA:24,2,0,0
BRDA:25,3,0,0
BRDA:26,4,0,0
BRDA:27,5,0,0
BRDA:36,6,0,0
BRDA:37,7,0,1
BRDA:38,8,0,0
BRDA:39,9,0,0
BRDA:40,10,0,0
BRDA:41,11,0,0
BRDA:42,12,0,0
BRDA:42,13,0,0
BRDA:43,14,0,1
BRDA:46,15,0,0
BRDA:47,16,0,0
BRDA:48,17,0,0
BRDA:49,18,0,0
BRDA:50,19,0,0
BRDA:51,20,0,0
BRDA:54,21,0,0
BRDA:55,22,0,0
BRDA:56,23,0,1
BRDA:57,24,0,0
BRDA:58,25,0,1
BRDA:61,26,0,0
BRDA:62,27,0,0
BRDA:63,28,0,0
BRDA:73,29,0,6
BRDA:15,30,0,106
BRDA:16,31,0,0
BRDA:16,32,0,54
BRDA:16,33,0,52
BRDA:30,34,0,44
BRDA:32,35,0,0
BRDA:79,36,0,2
BRDA:93,37,0,0
BRDA:94,38,0,0
BRDA:95,39,0,0
BRDA:96,40,0,0
BRDA:97,41,0,0
BRDA:106,42,0,0
BRDA:107,43,0,1
BRDA:108,44,0,0
BRDA:109,45,0,0
BRDA:110,46,0,0
BRDA:111,47,0,0
BRDA:112,48,0,0
BRDA:112,49,0,0
BRDA:113,50,0,1
BRDA:116,51,0,0
BRDA:117,52,0,0
BRDA:118,53,0,0
BRDA:119,54,0,0
BRDA:120,55,0,0
BRDA:121,56,0,0
BRDA:124,57,0,0
BRDA:125,58,0,0
BRDA:126,59,0,1
BRDA:127,60,0,0
BRDA:128,61,0,1
BRDA:131,62,0,0
BRDA:132,63,0,1
BRDA:133,64,0,1
BRDA:143,65,0,6
BRDA:85,66,0,106
BRDA:86,67,0,0
BRDA:86,68,0,54
BRDA:86,69,0,52
BRDA:100,70,0,44
BRDA:102,71,0,0
BRF:72
BRH:22
end_of_record
TN:
SF:src/utils/store.js
FN:19,__vite_ssr_import_0__.create.__vite_ssr_import_2__.persist.name
FN:22,setSectionSaved
FN:25,setPoleHeight
FN:27,setPoleClass
FN:29,setPresetProfile
FN:31,setCustomMinTopSpace
FN:33,setCustomRoadClearance
FN:35,setCustomCommToPower
FN:38,setUseTickMarkFormat
FN:41,setPreferAutoSpanLength
FN:44,setSpanLenDeltaThresholdFt
FN:47,setTableDensity
FN:49,setSpansColumnSegmentsVisible
FN:51,setSpansColumnActionsVisible
FN:54,setProjectName
FN:56,setApplicantName
FN:58,setJobNumber
FN:61,setJobOwner
FN:63,setJobOwnerAutoProfile
FN:75,setPoleLatitude
FN:77,setPoleLongitude
FN:80,setLogoDataUrl
FN:82,setExistingPowerHeight
FN:84,setExistingPowerVoltage
FN:86,setSpanDistance
FN:88,setSpanEnvironment
FN:90,setIsNewConstruction
FN:92,setAttachmentType
FN:94,setCableDiameter
FN:96,setWindSpeed
FN:98,setIceThicknessIn
FN:100,setHasTransformer
FN:102,setHasStreetlight
FN:104,setRequiresGuying
FN:106,setStreetLightHeight
FN:108,setDripLoopHeight
FN:110,setPowerReference
FN:112,setProposedLineHeight
FN:149,setCurrentSubmissionProfile
FN:150,updateSubmissionProfile
FN:155,setAdjacentPoleHeight
FN:157,setExistingLines
FN:159,setMakeReadyNotes
FN:161,setResults
FN:163,setWarnings
FN:165,setEngineeringNotes
FN:167,setGuyAnalysis
FN:169,setCostAnalysis
FN:171,setAnalysis
FN:181,recommendAttachHeight
FN:194,setScenarioA
FN:196,setScenarioB
FN:199,setMappingPreset
FN:201,addMappingProfile
FN:205,setMappingProfiles
FN:211,removeMappingProfile
FN:212,renameMappingProfile
FN:217,setImportedPoles
FN:228,addJob
FN:247,updateJob
FN:253,removeJob
FN:263,setCurrentJobId
FN:270,setCollectedPoles
FN:271,addCollectedPole
FN:284,updateCollectedPole
FN:289,removeCollectedPole
FN:295,setImportedSpans
FN:296,updateImportedSpan
FN:303,addCachedMidspan
FN:304,updateCachedMidspan
FN:305,removeCachedMidspan
FN:306,clearCachedMidspans
FN:308,setImportedExistingLines
FN:310,setExistingLinesCSV
FN:312,setCsvLineMapping
FN:316,savePdfLayout
FN:326,removePdfLayout
FN:337,reset
FNF:78
FNH:5
FNDA:3,__vite_ssr_import_0__.create.__vite_ssr_import_2__.persist.name
FNDA:0,setSectionSaved
FNDA:0,setPoleHeight
FNDA:0,setPoleClass
FNDA:0,setPresetProfile
FNDA:0,setCustomMinTopSpace
FNDA:0,setCustomRoadClearance
FNDA:0,setCustomCommToPower
FNDA:0,setUseTickMarkFormat
FNDA:0,setPreferAutoSpanLength
FNDA:0,setSpanLenDeltaThresholdFt
FNDA:0,setTableDensity
FNDA:0,setSpansColumnSegmentsVisible
FNDA:0,setSpansColumnActionsVisible
FNDA:0,setProjectName
FNDA:0,setApplicantName
FNDA:0,setJobNumber
FNDA:0,setJobOwner
FNDA:1,setJobOwnerAutoProfile
FNDA:0,setPoleLatitude
FNDA:0,setPoleLongitude
FNDA:0,setLogoDataUrl
FNDA:0,setExistingPowerHeight
FNDA:0,setExistingPowerVoltage
FNDA:0,setSpanDistance
FNDA:0,setSpanEnvironment
FNDA:0,setIsNewConstruction
FNDA:0,setAttachmentType
FNDA:0,setCableDiameter
FNDA:0,setWindSpeed
FNDA:0,setIceThicknessIn
FNDA:0,setHasTransformer
FNDA:0,setHasStreetlight
FNDA:0,setRequiresGuying
FNDA:0,setStreetLightHeight
FNDA:0,setDripLoopHeight
FNDA:0,setPowerReference
FNDA:0,setProposedLineHeight
FNDA:0,setCurrentSubmissionProfile
FNDA:0,updateSubmissionProfile
FNDA:0,setAdjacentPoleHeight
FNDA:0,setExistingLines
FNDA:13,setMakeReadyNotes
FNDA:0,setResults
FNDA:0,setWarnings
FNDA:0,setEngineeringNotes
FNDA:0,setGuyAnalysis
FNDA:0,setCostAnalysis
FNDA:13,setAnalysis
FNDA:1,recommendAttachHeight
FNDA:0,setScenarioA
FNDA:0,setScenarioB
FNDA:0,setMappingPreset
FNDA:0,addMappingProfile
FNDA:0,setMappingProfiles
FNDA:0,removeMappingProfile
FNDA:0,renameMappingProfile
FNDA:0,setImportedPoles
FNDA:0,addJob
FNDA:0,updateJob
FNDA:0,removeJob
FNDA:0,setCurrentJobId
FNDA:0,setCollectedPoles
FNDA:0,addCollectedPole
FNDA:0,updateCollectedPole
FNDA:0,removeCollectedPole
FNDA:0,setImportedSpans
FNDA:0,updateImportedSpan
FNDA:0,addCachedMidspan
FNDA:0,updateCachedMidspan
FNDA:0,removeCachedMidspan
FNDA:0,clearCachedMidspans
FNDA:0,setImportedExistingLines
FNDA:0,setExistingLinesCSV
FNDA:0,setCsvLineMapping
FNDA:0,savePdfLayout
FNDA:0,removePdfLayout
FNDA:0,reset
DA:1,1
DA:2,1
DA:3,1
DA:4,1
DA:5,1
DA:6,1
DA:7,1
DA:8,1
DA:9,1
DA:10,2
DA:11,2
DA:12,1
DA:13,0
DA:14,0
DA:15,0
DA:16,0
DA:17,0
DA:18,1
DA:19,1
DA:20,3
DA:21,3
DA:22,3
DA:23,3
DA:24,3
DA:25,3
DA:26,3
DA:27,3
DA:28,3
DA:29,3
DA:30,3
DA:31,3
DA:32,3
DA:33,3
DA:34,3
DA:35,3
DA:36,3
DA:37,3
DA:38,3
DA:39,3
DA:40,3
DA:41,3
DA:42,3
DA:43,3
DA:44,3
DA:45,3
DA:46,3
DA:47,3
DA:48,3
DA:49,3
DA:50,3
DA:51,3
DA:52,3
DA:53,3
DA:54,3
DA:55,3
DA:56,3
DA:57,3
DA:58,3
DA:59,3
DA:60,3
DA:61,3
DA:62,3
DA:63,3
DA:64,1
DA:65,1
DA:66,1
DA:67,1
DA:68,1
DA:69,0
DA:70,0
DA:71,1
DA:72,3
DA:73,3
DA:74,3
DA:75,3
DA:76,3
DA:77,3
DA:78,3
DA:79,3
DA:80,3
DA:81,3
DA:82,3
DA:83,3
DA:84,3
DA:85,3
DA:86,3
DA:87,3
DA:88,3
DA:89,3
DA:90,3
DA:91,3
DA:92,3
DA:93,3
DA:94,3
DA:95,3
DA:96,3
DA:97,3
DA:98,3
DA:99,3
DA:100,3
DA:101,3
DA:102,3
DA:103,3
DA:104,3
DA:105,3
DA:106,3
DA:107,3
DA:108,3
DA:109,3
DA:110,3
DA:111,3
DA:112,3
DA:113,3
DA:114,3
DA:115,3
DA:116,3
DA:117,3
DA:118,3
DA:119,3
DA:120,3
DA:121,3
DA:122,3
DA:123,3
DA:124,3
DA:125,3
DA:126,3
DA:127,3
DA:128,3
DA:129,3
DA:130,3
DA:131,3
DA:132,3
DA:133,3
DA:134,3
DA:135,3
DA:136,3
DA:137,3
DA:138,3
DA:139,3
DA:140,3
DA:141,3
DA:142,3
DA:143,3
DA:144,3
DA:145,3
DA:146,3
DA:147,3
DA:148,3
DA:149,3
DA:150,3
DA:151,0
DA:152,0
DA:153,3
DA:154,3
DA:155,3
DA:156,3
DA:157,3
DA:158,3
DA:159,3
DA:160,3
DA:161,3
DA:162,3
DA:163,3
DA:164,3
DA:165,3
DA:166,3
DA:167,3
DA:168,3
DA:169,3
DA:170,3
DA:171,3
DA:172,13
DA:173,13
DA:174,13
DA:175,13
DA:176,13
DA:177,13
DA:178,13
DA:179,3
DA:180,3
DA:181,3
DA:182,1
DA:183,1
DA:184,1
DA:185,1
DA:186,1
DA:187,1
DA:188,1
DA:189,0
DA:190,0
DA:191,3
DA:192,3
DA:193,3
DA:194,3
DA:195,3
DA:196,3
DA:197,3
DA:198,3
DA:199,3
DA:200,3
DA:201,3
DA:202,0
DA:203,0
DA:204,3
DA:205,3
DA:206,0
DA:207,0
DA:208,0
DA:209,0
DA:210,3
DA:211,3
DA:212,3
DA:213,0
DA:214,0
DA:215,3
DA:216,3
DA:217,3
DA:218,3
DA:219,3
DA:220,3
DA:221,3
DA:222,3
DA:223,3
DA:224,3
DA:225,3
DA:226,3
DA:227,3
DA:228,3
DA:229,0
DA:230,0
DA:231,0
DA:232,0
DA:233,0
DA:234,0
DA:235,0
DA:236,0
DA:237,0
DA:238,0
DA:239,0
DA:240,0
DA:241,0
DA:242,0
DA:243,0
DA:244,0
DA:245,0
DA:246,3
DA:247,3
DA:248,0
DA:249,0
DA:250,0
DA:251,0
DA:252,3
DA:253,3
DA:254,0
DA:255,0
DA:256,0
DA:257,0
DA:258,0
DA:259,0
DA:260,0
DA:261,0
DA:262,3
DA:263,3
DA:264,0
DA:265,0
DA:266,0
DA:267,3
DA:268,3
DA:269,3
DA:270,3
DA:271,3
DA:272,0
DA:273,0
DA:274,0
DA:275,0
DA:276,0
DA:277,0
DA:278,0
DA:279,0
DA:280,0
DA:281,0
DA:282,0
DA:283,3
DA:284,3
DA:285,0
DA:286,0
DA:287,0
DA:288,3
DA:289,3
DA:290,0
DA:291,0
DA:292,0
DA:293,3
DA:294,3
DA:295,3
DA:296,3
DA:297,0
DA:298,0
DA:299,0
DA:300,3
DA:301,3
DA:302,3
DA:303,3
DA:304,3
DA:305,3
DA:306,3
DA:307,3
DA:308,3
DA:309,3
DA:310,3
DA:311,3
DA:312,3
DA:313,3
DA:314,3
DA:315,3
DA:316,3
DA:317,0
DA:318,0
DA:319,0
DA:320,0
DA:321,0
DA:322,0
DA:323,0
DA:324,0
DA:325,3
DA:326,3
DA:327,0
DA:328,0
DA:329,0
DA:330,0
DA:331,0
DA:332,0
DA:333,0
DA:334,0
DA:335,3
DA:336,3
DA:337,3
DA:338,0
DA:339,0
DA:340,0
DA:341,0
DA:342,0
DA:343,0
DA:344,0
DA:345,0
DA:346,0
DA:347,0
DA:348,0
DA:349,0
DA:350,0
DA:351,0
DA:352,0
DA:353,0
DA:354,0
DA:355,0
DA:356,0
DA:357,0
DA:358,0
DA:359,0
DA:360,0
DA:361,0
DA:362,0
DA:363,0
DA:364,0
DA:365,0
DA:366,0
DA:367,0
DA:368,0
DA:369,0
DA:370,0
DA:371,0
DA:372,0
DA:373,0
DA:374,0
DA:375,0
DA:376,0
DA:377,0
DA:378,0
DA:379,0
DA:380,0
DA:381,0
DA:382,0
DA:383,0
DA:384,0
DA:385,0
DA:386,0
DA:387,0
DA:388,0
DA:389,0
DA:390,0
DA:391,0
DA:392,0
DA:393,0
DA:394,0
DA:395,0
DA:396,0
DA:397,0
DA:398,0
DA:399,0
DA:400,0
DA:401,0
DA:402,0
DA:403,0
DA:404,0
DA:405,0
DA:406,0
DA:407,0
DA:408,0
DA:409,0
DA:410,0
DA:411,0
DA:412,0
DA:413,0
DA:414,0
DA:415,0
DA:416,0
DA:417,0
DA:418,0
DA:419,0
DA:420,0
DA:421,0
DA:422,0
DA:423,0
DA:424,0
DA:425,0
DA:426,0
DA:427,0
DA:428,0
DA:429,0
DA:430,1
DA:431,1
DA:432,1
LF:432
LH:253
BRDA:9,0,0,2
BRDA:9,1,0,2
BRDA:12,2,0,0
BRDA:19,3,0,3
BRDA:63,4,0,1
BRDA:63,5,0,1
BRDA:64,6,0,0
BRDA:65,7,0,0
BRDA:68,8,0,0
BRDA:71,9,0,0
BRDA:159,10,0,13
BRDA:171,11,0,13
BRDA:171,12,0,13
BRDA:172,13,0,0
BRDA:175,14,0,0
BRDA:176,15,0,0
BRDA:181,16,0,1
BRDA:185,17,0,0
BRDA:186,18,0,0
BRDA:188,19,0,0
BRDA:430,20,0,3
BRF:21
BRH:10
end_of_record
TN:
SF:src/utils/targets.js
FN:9,getEnvTarget
FN:37,controllingGroundTarget
FN:58,maxTargetFromCached
FNF:3
FNH:3
FNDA:7,getEnvTarget
FNDA:2,controllingGroundTarget
FNDA:2,maxTargetFromCached
DA:1,1
DA:2,1
DA:3,1
DA:4,1
DA:5,1
DA:6,1
DA:7,1
DA:8,1
DA:9,1
DA:10,7
DA:11,7
DA:12,7
DA:13,7
DA:14,7
DA:15,7
DA:16,7
DA:17,7
DA:18,7
DA:19,7
DA:20,7
DA:21,7
DA:22,7
DA:23,7
DA:24,7
DA:25,7
DA:26,7
DA:27,7
DA:28,1
DA:29,1
DA:30,1
DA:31,1
DA:32,1
DA:33,1
DA:34,1
DA:35,1
DA:36,1
DA:37,1
DA:38,2
DA:39,1
DA:40,1
DA:41,1
DA:42,1
DA:43,2
DA:44,2
DA:45,2
DA:46,2
DA:47,2
DA:48,2
DA:49,1
DA:50,1
DA:51,1
DA:52,1
DA:53,1
DA:54,1
DA:55,1
DA:56,1
DA:57,1
DA:58,1
DA:59,2
DA:60,2
DA:61,2
DA:62,2
DA:63,2
DA:64,2
DA:65,2
DA:66,2
DA:67,1
DA:68,2
DA:69,2
LF:69
LH:69
BRDA:9,0,0,7
BRDA:10,1,0,0
BRDA:26,2,0,0
BRDA:37,3,0,2
BRDA:38,4,0,1
BRDA:40,5,0,0
BRDA:44,6,0,0
BRDA:46,7,0,1
BRDA:47,8,0,0
BRDA:58,9,0,2
BRDA:59,10,0,0
BRDA:66,11,0,1
BRDA:68,12,0,0
BRDA:60,13,0,3
BRDA:60,14,0,0
BRF:15
BRH:7
end_of_record
TN:
SF:src/utils/validation.js
FN:30,validatePoles
FN:41,validateSpans
FNF:2
FNH:2
FNDA:5,validatePoles
FNDA:5,validateSpans
DA:1,1
DA:2,1
DA:3,1
DA:4,1
DA:5,1
DA:6,1
DA:7,1
DA:8,1
DA:9,1
DA:10,1
DA:11,1
DA:12,1
DA:13,1
DA:14,1
DA:15,1
DA:16,1
DA:17,1
DA:18,1
DA:19,1
DA:20,1
DA:21,1
DA:22,1
DA:23,1
DA:24,1
DA:25,1
DA:26,1
DA:27,1
DA:28,1
DA:29,1
DA:30,1
DA:31,5
DA:32,5
DA:33,5
DA:34,5
DA:35,9
DA:36,9
DA:37,5
DA:38,5
DA:39,5
DA:40,1
DA:41,1
DA:42,5
DA:43,5
DA:44,5
DA:45,5
DA:46,9
DA:47,9
DA:48,5
DA:49,5
DA:50,5
LF:50
LH:50
BRDA:30,0,0,5
BRDA:31,1,0,0
BRDA:34,2,0,9
BRDA:36,3,0,0
BRDA:41,4,0,5
BRDA:42,5,0,0
BRDA:45,6,0,9
BRDA:47,7,0,0
BRF:8
BRH:4
end_of_record
TN:
SF:src/utils/validationExport.js
FN:1,errorsToCSV
FN:6,downloadErrorsCSV
FNF:2
FNH:1
FNDA:1,errorsToCSV
FNDA:0,downloadErrorsCSV
DA:1,1
DA:2,1
DA:3,1
DA:4,1
DA:5,1
DA:6,1
DA:7,0
DA:8,0
DA:9,0
DA:10,0
DA:11,0
DA:12,0
DA:13,0
DA:14,0
DA:15,0
DA:16,0
DA:17,0
LF:17
LH:6
BRDA:1,0,0,1
BRDA:3,1,0,2
BRF:2
BRH:2
end_of_record
